<?xml version="1.0" encoding="UTF-8"?>
<!-- Generated by org.testng.reporters.JUnitXMLReporter -->
<testsuite hostname="G10CHLT003" name="certification-Community" tests="6" failures="0" timestamp="12 Dec 2017 06:23:14 GMT" time="0.035" errors="0">
  <testcase name="@BeforeClass setBaseUri" time="0.0" classname="com.arcapi.testcases.CreateAssetPOSTAPITest">
    <failure type="java.lang.NoClassDefFoundError" message="org/apache/poi/ss/usermodel/Cell">
      <![CDATA[java.lang.NoClassDefFoundError: org/apache/poi/ss/usermodel/Cell
	at com.arc.driver.BaseClass.setBaseUri(BaseClass.java:40)
Caused by: java.lang.ClassNotFoundException: org.apache.poi.ss.usermodel.Cell
	at java.net.URLClassLoader$1.run(URLClassLoader.java:366)
	at java.net.URLClassLoader$1.run(URLClassLoader.java:355)
	at java.security.AccessController.doPrivileged(Native Method)
	at java.net.URLClassLoader.findClass(URLClassLoader.java:354)
	at java.lang.ClassLoader.loadClass(ClassLoader.java:425)
	at sun.misc.Launcher$AppClassLoader.loadClass(Launcher.java:308)
	at java.lang.ClassLoader.loadClass(ClassLoader.java:358)
	... 25 more
... Removed 24 stack frames]]>
    </failure>
  </testcase> <!-- @BeforeClass setBaseUri -->
  <testcase name="@AfterMethod teardown" time="0.0" classname="com.arcapi.testcases.CreateAssetPOSTAPITest">
    <skipped/>
  </testcase> <!-- @AfterMethod teardown -->
  <testcase name="@AfterClass end" time="0.0" classname="com.arcapi.testcases.CreateAssetPOSTAPITest">
    <skipped/>
  </testcase> <!-- @AfterClass end -->
  <testcase name="@BeforeClass setBaseUri" time="0.0" classname="com.arcapi.testcases.PaymentOrderSubmitPOSTAPITest">
    <skipped/>
  </testcase> <!-- @BeforeClass setBaseUri -->
  <testcase name="@AfterMethod teardown" time="0.0" classname="com.arcapi.testcases.PaymentOrderSubmitPOSTAPITest">
    <skipped/>
  </testcase> <!-- @AfterMethod teardown -->
  <testcase name="@AfterClass end" time="0.0" classname="com.arcapi.testcases.PaymentOrderSubmitPOSTAPITest">
    <skipped/>
  </testcase> <!-- @AfterClass end -->
  <testcase name="@BeforeClass setBaseUri" time="0.0" classname="com.arcapi.testcases.AddAssestTimelinePOSTAPITest">
    <skipped/>
  </testcase> <!-- @BeforeClass setBaseUri -->
  <testcase name="@AfterClass end" time="0.0" classname="com.arcapi.testcases.AddAssestTimelinePOSTAPITest">
    <skipped/>
  </testcase> <!-- @AfterClass end -->
  <testcase name="@BeforeClass setBaseUri" time="0.0" classname="com.arcapi.testcases.CreditUpdatePUTAPITest">
    <skipped/>
  </testcase> <!-- @BeforeClass setBaseUri -->
  <testcase name="@AfterClass end" time="0.0" classname="com.arcapi.testcases.CreditUpdatePUTAPITest">
    <skipped/>
  </testcase> <!-- @AfterClass end -->
  <testcase name="@BeforeClass setBaseUri" time="0.0" classname="com.arcapi.testcases.ReviewCertificationPricingAPITest">
    <skipped/>
  </testcase> <!-- @BeforeClass setBaseUri -->
  <testcase name="@AfterMethod teardown" time="0.0" classname="com.arcapi.testcases.ReviewCertificationPricingAPITest">
    <skipped/>
  </testcase> <!-- @AfterMethod teardown -->
  <testcase name="@AfterClass end" time="0.0" classname="com.arcapi.testcases.ReviewCertificationPricingAPITest">
    <skipped/>
  </testcase> <!-- @AfterClass end -->
  <testcase name="@BeforeClass setBaseUri" time="0.0" classname="com.arcapi.testcases.SubmitReviewPOSTAPITest">
    <skipped/>
  </testcase> <!-- @BeforeClass setBaseUri -->
  <testcase name="@AfterClass end" time="0.0" classname="com.arcapi.testcases.SubmitReviewPOSTAPITest">
    <skipped/>
  </testcase> <!-- @AfterClass end -->
  <testcase name="CreateAssetPOSTAPI" time="0.002" classname="com.arcapi.testcases.CreateAssetPOSTAPITest">
    <skipped/>
  </testcase> <!-- CreateAssetPOSTAPI -->
  <testcase name="PaymentOrderSubmitPOSTAPI" time="0.001" classname="com.arcapi.testcases.PaymentOrderSubmitPOSTAPITest">
    <skipped/>
  </testcase> <!-- PaymentOrderSubmitPOSTAPI -->
  <testcase name="AddAssestTimeline" time="0.0" classname="com.arcapi.testcases.AddAssestTimelinePOSTAPITest">
    <skipped/>
  </testcase> <!-- AddAssestTimeline -->
  <testcase name="CreditUpdatePUTAPI" time="0.0" classname="com.arcapi.testcases.CreditUpdatePUTAPITest">
    <skipped/>
  </testcase> <!-- CreditUpdatePUTAPI -->
  <testcase name="ReviewCertificationPricingAPI" time="0.001" classname="com.arcapi.testcases.ReviewCertificationPricingAPITest">
    <skipped/>
  </testcase> <!-- ReviewCertificationPricingAPI -->
  <testcase name="SubmitReviewPOSTAPI" time="0.0" classname="com.arcapi.testcases.SubmitReviewPOSTAPITest">
    <skipped/>
  </testcase> <!-- SubmitReviewPOSTAPI -->
</testsuite> <!-- certification-Community -->
