<?xml version="1.0" encoding="UTF-8"?>
<!-- Generated by org.testng.reporters.JUnitXMLReporter -->
<testsuite hostname="G10CHLT003" name="CompleteFlowTest-Building" tests="108" failures="0" timestamp="12 Dec 2017 06:23:13 GMT" time="1.188" errors="0">
  <testcase name="@BeforeClass setBaseUri" time="0.0" classname="com.arcapi.testcases.CreateAssetPOSTAPITest">
    <failure type="java.lang.NoClassDefFoundError" message="org/apache/poi/ss/usermodel/Cell">
      <![CDATA[java.lang.NoClassDefFoundError: org/apache/poi/ss/usermodel/Cell
	at com.arc.driver.BaseClass.setBaseUri(BaseClass.java:40)
Caused by: java.lang.ClassNotFoundException: org.apache.poi.ss.usermodel.Cell
	at java.net.URLClassLoader$1.run(URLClassLoader.java:366)
	at java.net.URLClassLoader$1.run(URLClassLoader.java:355)
	at java.security.AccessController.doPrivileged(Native Method)
	at java.net.URLClassLoader.findClass(URLClassLoader.java:354)
	at java.lang.ClassLoader.loadClass(ClassLoader.java:425)
	at sun.misc.Launcher$AppClassLoader.loadClass(Launcher.java:308)
	at java.lang.ClassLoader.loadClass(ClassLoader.java:358)
	... 25 more
... Removed 24 stack frames]]>
    </failure>
  </testcase> <!-- @BeforeClass setBaseUri -->
  <testcase name="@AfterMethod teardown" time="0.0" classname="com.arcapi.testcases.CreateAssetPOSTAPITest">
    <skipped/>
  </testcase> <!-- @AfterMethod teardown -->
  <testcase name="@AfterClass end" time="0.0" classname="com.arcapi.testcases.CreateAssetPOSTAPITest">
    <skipped/>
  </testcase> <!-- @AfterClass end -->
  <testcase name="@BeforeClass setBaseUri" time="0.0" classname="com.arcapi.testcases.SignAgreementRegistrationAPITest">
    <skipped/>
  </testcase> <!-- @BeforeClass setBaseUri -->
  <testcase name="@AfterMethod teardown" time="0.0" classname="com.arcapi.testcases.SignAgreementRegistrationAPITest">
    <skipped/>
  </testcase> <!-- @AfterMethod teardown -->
  <testcase name="@AfterClass end" time="0.0" classname="com.arcapi.testcases.SignAgreementRegistrationAPITest">
    <skipped/>
  </testcase> <!-- @AfterClass end -->
  <testcase name="@BeforeClass setBaseUri" time="0.0" classname="com.arcapi.testcases.RegistrationPaymentPricingGetAPITest">
    <skipped/>
  </testcase> <!-- @BeforeClass setBaseUri -->
  <testcase name="@AfterMethod teardown" time="0.0" classname="com.arcapi.testcases.RegistrationPaymentPricingGetAPITest">
    <skipped/>
  </testcase> <!-- @AfterMethod teardown -->
  <testcase name="@AfterClass end" time="0.0" classname="com.arcapi.testcases.RegistrationPaymentPricingGetAPITest">
    <skipped/>
  </testcase> <!-- @AfterClass end -->
  <testcase name="@BeforeClass setBaseUri" time="0.0" classname="com.arcapi.testcases.PaymentOrderSubmitPOSTAPITest">
    <skipped/>
  </testcase> <!-- @BeforeClass setBaseUri -->
  <testcase name="@AfterMethod teardown" time="0.0" classname="com.arcapi.testcases.PaymentOrderSubmitPOSTAPITest">
    <skipped/>
  </testcase> <!-- @AfterMethod teardown -->
  <testcase name="@AfterClass end" time="0.0" classname="com.arcapi.testcases.PaymentOrderSubmitPOSTAPITest">
    <skipped/>
  </testcase> <!-- @AfterClass end -->
  <testcase name="@BeforeClass setBaseUri" time="0.0" classname="com.arcapi.testcases.AddAssestTimelinePOSTAPITest">
    <skipped/>
  </testcase> <!-- @BeforeClass setBaseUri -->
  <testcase name="@AfterClass end" time="0.0" classname="com.arcapi.testcases.AddAssestTimelinePOSTAPITest">
    <skipped/>
  </testcase> <!-- @AfterClass end -->
  <testcase name="@BeforeClass setBaseUri" time="0.0" classname="com.arcapi.testcases.AnalysisDataGetAPITest">
    <skipped/>
  </testcase> <!-- @BeforeClass setBaseUri -->
  <testcase name="@AfterMethod teardown" time="0.0" classname="com.arcapi.testcases.AnalysisDataGetAPITest">
    <skipped/>
  </testcase> <!-- @AfterMethod teardown -->
  <testcase name="@AfterClass end" time="0.0" classname="com.arcapi.testcases.AnalysisDataGetAPITest">
    <skipped/>
  </testcase> <!-- @AfterClass end -->
  <testcase name="@BeforeClass setBaseUri" time="0.0" classname="com.arcapi.testcases.AnalysisDataSubmitPOSTAPITest">
    <skipped/>
  </testcase> <!-- @BeforeClass setBaseUri -->
  <testcase name="@AfterMethod teardown" time="0.0" classname="com.arcapi.testcases.AnalysisDataSubmitPOSTAPITest">
    <skipped/>
  </testcase> <!-- @AfterMethod teardown -->
  <testcase name="@AfterClass end" time="0.0" classname="com.arcapi.testcases.AnalysisDataSubmitPOSTAPITest">
    <skipped/>
  </testcase> <!-- @AfterClass end -->
  <testcase name="@BeforeClass setBaseUri" time="0.0" classname="com.arcapi.testcases.AssetAppaddPOSTAPITest">
    <skipped/>
  </testcase> <!-- @BeforeClass setBaseUri -->
  <testcase name="@AfterMethod teardown" time="0.0" classname="com.arcapi.testcases.AssetAppaddPOSTAPITest">
    <skipped/>
  </testcase> <!-- @AfterMethod teardown -->
  <testcase name="@AfterClass end" time="0.0" classname="com.arcapi.testcases.AssetAppaddPOSTAPITest">
    <skipped/>
  </testcase> <!-- @AfterClass end -->
  <testcase name="@BeforeClass setBaseUri" time="0.0" classname="com.arcapi.testcases.AssetAppDeleteAPITest">
    <skipped/>
  </testcase> <!-- @BeforeClass setBaseUri -->
  <testcase name="@AfterMethod teardown" time="0.0" classname="com.arcapi.testcases.AssetAppDeleteAPITest">
    <skipped/>
  </testcase> <!-- @AfterMethod teardown -->
  <testcase name="@AfterClass end" time="0.0" classname="com.arcapi.testcases.AssetAppDeleteAPITest">
    <skipped/>
  </testcase> <!-- @AfterClass end -->
  <testcase name="@BeforeClass setBaseUri" time="0.0" classname="com.arcapi.testcases.AssetCitiesdataPOSTAPITest">
    <skipped/>
  </testcase> <!-- @BeforeClass setBaseUri -->
  <testcase name="@AfterMethod teardown" time="0.0" classname="com.arcapi.testcases.AssetCitiesdataPOSTAPITest">
    <skipped/>
  </testcase> <!-- @AfterMethod teardown -->
  <testcase name="@AfterClass end" time="0.0" classname="com.arcapi.testcases.AssetCitiesdataPOSTAPITest">
    <skipped/>
  </testcase> <!-- @AfterClass end -->
  <testcase name="@BeforeClass setBaseUri" time="0.0" classname="com.arcapi.testcases.AssetCitiesDataDeleteAPITest">
    <skipped/>
  </testcase> <!-- @BeforeClass setBaseUri -->
  <testcase name="@AfterMethod teardown" time="0.0" classname="com.arcapi.testcases.AssetCitiesDataDeleteAPITest">
    <skipped/>
  </testcase> <!-- @AfterMethod teardown -->
  <testcase name="@AfterClass end" time="0.0" classname="com.arcapi.testcases.AssetCitiesDataDeleteAPITest">
    <skipped/>
  </testcase> <!-- @AfterClass end -->
  <testcase name="@BeforeClass setBaseUri" time="0.0" classname="com.arcapi.testcases.AssetDetailAPITest">
    <skipped/>
  </testcase> <!-- @BeforeClass setBaseUri -->
  <testcase name="@AfterClass end" time="0.0" classname="com.arcapi.testcases.AssetDetailAPITest">
    <skipped/>
  </testcase> <!-- @AfterClass end -->
  <testcase name="@BeforeClass setBaseUri" time="0.0" classname="com.arcapi.testcases.AssetListAPITest">
    <skipped/>
  </testcase> <!-- @BeforeClass setBaseUri -->
  <testcase name="@AfterMethod teardown" time="0.0" classname="com.arcapi.testcases.AssetListAPITest">
    <skipped/>
  </testcase> <!-- @AfterMethod teardown -->
  <testcase name="@AfterClass end" time="0.0" classname="com.arcapi.testcases.AssetListAPITest">
    <skipped/>
  </testcase> <!-- @AfterClass end -->
  <testcase name="@BeforeClass setBaseUri" time="0.0" classname="com.arcapi.testcases.AssetDocumentAPITest">
    <skipped/>
  </testcase> <!-- @BeforeClass setBaseUri -->
  <testcase name="@AfterClass end" time="0.0" classname="com.arcapi.testcases.AssetDocumentAPITest">
    <skipped/>
  </testcase> <!-- @AfterClass end -->
  <testcase name="@BeforeClass setBaseUri" time="0.0" classname="com.arcapi.testcases.AssetPerformanceScorePostAPITest">
    <skipped/>
  </testcase> <!-- @BeforeClass setBaseUri -->
  <testcase name="@AfterClass end" time="0.0" classname="com.arcapi.testcases.AssetPerformanceScorePostAPITest">
    <skipped/>
  </testcase> <!-- @AfterClass end -->
  <testcase name="@BeforeClass setBaseUri" time="0.0" classname="com.arcapi.testcases.AssetPerformanceScoreListAPITest">
    <skipped/>
  </testcase> <!-- @BeforeClass setBaseUri -->
  <testcase name="@AfterMethod teardown" time="0.0" classname="com.arcapi.testcases.AssetPerformanceScoreListAPITest">
    <skipped/>
  </testcase> <!-- @AfterMethod teardown -->
  <testcase name="@AfterClass end" time="0.0" classname="com.arcapi.testcases.AssetPerformanceScoreListAPITest">
    <skipped/>
  </testcase> <!-- @AfterClass end -->
  <testcase name="@BeforeClass setBaseUri" time="0.0" classname="com.arcapi.testcases.AssetSearchAPITest">
    <skipped/>
  </testcase> <!-- @BeforeClass setBaseUri -->
  <testcase name="@AfterMethod teardown" time="0.0" classname="com.arcapi.testcases.AssetSearchAPITest">
    <skipped/>
  </testcase> <!-- @AfterMethod teardown -->
  <testcase name="@AfterClass end" time="0.0" classname="com.arcapi.testcases.AssetSearchAPITest">
    <skipped/>
  </testcase> <!-- @AfterClass end -->
  <testcase name="@BeforeClass setBaseUri" time="0.0" classname="com.arcapi.testcases.AssetTeamMemberAddPOSTAPITest">
    <skipped/>
  </testcase> <!-- @BeforeClass setBaseUri -->
  <testcase name="@AfterClass end" time="0.0" classname="com.arcapi.testcases.AssetTeamMemberAddPOSTAPITest">
    <skipped/>
  </testcase> <!-- @AfterClass end -->
  <testcase name="@BeforeClass setBaseUri" time="0.0" classname="com.arcapi.testcases.AssetUpdateforNewAssetPUTAPITest">
    <skipped/>
  </testcase> <!-- @BeforeClass setBaseUri -->
  <testcase name="@AfterClass end" time="0.0" classname="com.arcapi.testcases.AssetUpdateforNewAssetPUTAPITest">
    <skipped/>
  </testcase> <!-- @AfterClass end -->
  <testcase name="@BeforeClass setBaseUri" time="0.0" classname="com.arcapi.testcases.AssetValidationInfoPOSTAPITest">
    <skipped/>
  </testcase> <!-- @BeforeClass setBaseUri -->
  <testcase name="@AfterMethod teardown" time="0.0" classname="com.arcapi.testcases.AssetValidationInfoPOSTAPITest">
    <skipped/>
  </testcase> <!-- @AfterMethod teardown -->
  <testcase name="@AfterClass end" time="0.0" classname="com.arcapi.testcases.AssetValidationInfoPOSTAPITest">
    <skipped/>
  </testcase> <!-- @AfterClass end -->
  <testcase name="@BeforeClass setBaseUri" time="0.0" classname="com.arcapi.testcases.AssociatedCategoriesAPITest">
    <skipped/>
  </testcase> <!-- @BeforeClass setBaseUri -->
  <testcase name="@AfterMethod teardown" time="0.0" classname="com.arcapi.testcases.AssociatedCategoriesAPITest">
    <skipped/>
  </testcase> <!-- @AfterMethod teardown -->
  <testcase name="@AfterClass end" time="0.0" classname="com.arcapi.testcases.AssociatedCategoriesAPITest">
    <skipped/>
  </testcase> <!-- @AfterClass end -->
  <testcase name="@BeforeClass setBaseUri" time="0.0" classname="com.arcapi.testcases.CountryStatesJSONAPITest">
    <skipped/>
  </testcase> <!-- @BeforeClass setBaseUri -->
  <testcase name="@AfterMethod teardown" time="0.0" classname="com.arcapi.testcases.CountryStatesJSONAPITest">
    <skipped/>
  </testcase> <!-- @AfterMethod teardown -->
  <testcase name="@AfterClass end" time="0.0" classname="com.arcapi.testcases.CountryStatesJSONAPITest">
    <skipped/>
  </testcase> <!-- @AfterClass end -->
  <testcase name="@BeforeClass setBaseUri" time="0.0" classname="com.arcapi.testcases.CreditGetAPITest">
    <skipped/>
  </testcase> <!-- @BeforeClass setBaseUri -->
  <testcase name="@AfterMethod teardown" time="0.0" classname="com.arcapi.testcases.CreditGetAPITest">
    <skipped/>
  </testcase> <!-- @AfterMethod teardown -->
  <testcase name="@AfterClass end" time="0.0" classname="com.arcapi.testcases.CreditGetAPITest">
    <skipped/>
  </testcase> <!-- @AfterClass end -->
  <testcase name="@BeforeClass setBaseUri" time="0.0" classname="com.arcapi.testcases.CreditUpdateTeamPOSTAPITest">
    <skipped/>
  </testcase> <!-- @BeforeClass setBaseUri -->
  <testcase name="@AfterMethod teardown" time="0.0" classname="com.arcapi.testcases.CreditUpdateTeamPOSTAPITest">
    <skipped/>
  </testcase> <!-- @AfterMethod teardown -->
  <testcase name="@AfterClass end" time="0.0" classname="com.arcapi.testcases.CreditUpdateTeamPOSTAPITest">
    <skipped/>
  </testcase> <!-- @AfterClass end -->
  <testcase name="@BeforeClass setBaseUri" time="0.0" classname="com.arcapi.testcases.CreditUploadDocumentFilePOSTAPITest">
    <skipped/>
  </testcase> <!-- @BeforeClass setBaseUri -->
  <testcase name="@AfterMethod teardown" time="0.0" classname="com.arcapi.testcases.CreditUploadDocumentFilePOSTAPITest">
    <skipped/>
  </testcase> <!-- @AfterMethod teardown -->
  <testcase name="@AfterClass end" time="0.0" classname="com.arcapi.testcases.CreditUploadDocumentFilePOSTAPITest">
    <skipped/>
  </testcase> <!-- @AfterClass end -->
  <testcase name="@BeforeClass setBaseUri" time="0.0" classname="com.arcapi.testcases.CreditUploadGetAPITest">
    <skipped/>
  </testcase> <!-- @BeforeClass setBaseUri -->
  <testcase name="@AfterMethod teardown" time="0.0" classname="com.arcapi.testcases.CreditUploadGetAPITest">
    <skipped/>
  </testcase> <!-- @AfterMethod teardown -->
  <testcase name="@AfterClass end" time="0.0" classname="com.arcapi.testcases.CreditUploadGetAPITest">
    <skipped/>
  </testcase> <!-- @AfterClass end -->
  <testcase name="@BeforeClass setBaseUri" time="0.0" classname="com.arcapi.testcases.CreditUploadDELETEAPITest">
    <skipped/>
  </testcase> <!-- @BeforeClass setBaseUri -->
  <testcase name="@AfterMethod teardown" time="0.0" classname="com.arcapi.testcases.CreditUploadDELETEAPITest">
    <skipped/>
  </testcase> <!-- @AfterMethod teardown -->
  <testcase name="@AfterClass end" time="0.0" classname="com.arcapi.testcases.CreditUploadDELETEAPITest">
    <skipped/>
  </testcase> <!-- @AfterClass end -->
  <testcase name="@BeforeClass setBaseUri" time="0.0" classname="com.arcapi.testcases.DownloadDocumentsAPITest">
    <skipped/>
  </testcase> <!-- @BeforeClass setBaseUri -->
  <testcase name="@AfterMethod teardown" time="0.0" classname="com.arcapi.testcases.DownloadDocumentsAPITest">
    <skipped/>
  </testcase> <!-- @AfterMethod teardown -->
  <testcase name="@AfterClass end" time="0.0" classname="com.arcapi.testcases.DownloadDocumentsAPITest">
    <skipped/>
  </testcase> <!-- @AfterClass end -->
  <testcase name="@BeforeClass setBaseUri" time="0.0" classname="com.arcapi.testcases.EnvironmentSurveyCreatePOSTAPITest">
    <skipped/>
  </testcase> <!-- @BeforeClass setBaseUri -->
  <testcase name="@AfterClass end" time="0.0" classname="com.arcapi.testcases.EnvironmentSurveyCreatePOSTAPITest">
    <skipped/>
  </testcase> <!-- @AfterClass end -->
  <testcase name="@BeforeClass setBaseUri" time="0.0" classname="com.arcapi.testcases.EnvironmentSurveyGetAPITest">
    <skipped/>
  </testcase> <!-- @BeforeClass setBaseUri -->
  <testcase name="@AfterMethod teardown" time="0.0" classname="com.arcapi.testcases.EnvironmentSurveyGetAPITest">
    <skipped/>
  </testcase> <!-- @AfterMethod teardown -->
  <testcase name="@AfterClass end" time="0.0" classname="com.arcapi.testcases.EnvironmentSurveyGetAPITest">
    <skipped/>
  </testcase> <!-- @AfterClass end -->
  <testcase name="@BeforeClass setBaseUri" time="0.0" classname="com.arcapi.testcases.EnvironmentSurveySummarizeAPITest">
    <skipped/>
  </testcase> <!-- @BeforeClass setBaseUri -->
  <testcase name="@AfterMethod teardown" time="0.0" classname="com.arcapi.testcases.EnvironmentSurveySummarizeAPITest">
    <skipped/>
  </testcase> <!-- @AfterMethod teardown -->
  <testcase name="@AfterClass end" time="0.0" classname="com.arcapi.testcases.EnvironmentSurveySummarizeAPITest">
    <skipped/>
  </testcase> <!-- @AfterClass end -->
  <testcase name="@BeforeClass setBaseUri" time="0.0" classname="com.arcapi.testcases.ExcelUploadTemplatePOSTAPITest">
    <skipped/>
  </testcase> <!-- @BeforeClass setBaseUri -->
  <testcase name="@AfterMethod teardown" time="0.0" classname="com.arcapi.testcases.ExcelUploadTemplatePOSTAPITest">
    <skipped/>
  </testcase> <!-- @AfterMethod teardown -->
  <testcase name="@AfterClass end" time="0.0" classname="com.arcapi.testcases.ExcelUploadTemplatePOSTAPITest">
    <skipped/>
  </testcase> <!-- @AfterClass end -->
  <testcase name="@BeforeClass setBaseUri" time="0.0" classname="com.arcapi.testcases.FeedbackSubmitPostAPITest">
    <skipped/>
  </testcase> <!-- @BeforeClass setBaseUri -->
  <testcase name="@AfterMethod teardown" time="0.0" classname="com.arcapi.testcases.FeedbackSubmitPostAPITest">
    <skipped/>
  </testcase> <!-- @AfterMethod teardown -->
  <testcase name="@AfterClass end" time="0.0" classname="com.arcapi.testcases.FeedbackSubmitPostAPITest">
    <skipped/>
  </testcase> <!-- @AfterClass end -->
  <testcase name="@BeforeClass setBaseUri" time="0.0" classname="com.arcapi.testcases.FuelCategoryAPITest">
    <skipped/>
  </testcase> <!-- @BeforeClass setBaseUri -->
  <testcase name="@AfterMethod teardown" time="0.0" classname="com.arcapi.testcases.FuelCategoryAPITest">
    <skipped/>
  </testcase> <!-- @AfterMethod teardown -->
  <testcase name="@AfterClass end" time="0.0" classname="com.arcapi.testcases.FuelCategoryAPITest">
    <skipped/>
  </testcase> <!-- @AfterClass end -->
  <testcase name="@BeforeClass setBaseUri" time="0.0" classname="com.arcapi.testcases.GetAllDocumentListAPITest">
    <skipped/>
  </testcase> <!-- @BeforeClass setBaseUri -->
  <testcase name="@AfterMethod teardown" time="0.0" classname="com.arcapi.testcases.GetAllDocumentListAPITest">
    <skipped/>
  </testcase> <!-- @AfterMethod teardown -->
  <testcase name="@AfterClass end" time="0.0" classname="com.arcapi.testcases.GetAllDocumentListAPITest">
    <skipped/>
  </testcase> <!-- @AfterClass end -->
  <testcase name="@BeforeClass setBaseUri" time="0.0" classname="com.arcapi.testcases.MetersAPITest">
    <skipped/>
  </testcase> <!-- @BeforeClass setBaseUri -->
  <testcase name="@AfterMethod teardown" time="0.0" classname="com.arcapi.testcases.MetersAPITest">
    <skipped/>
  </testcase> <!-- @AfterMethod teardown -->
  <testcase name="@AfterClass end" time="0.0" classname="com.arcapi.testcases.MetersAPITest">
    <skipped/>
  </testcase> <!-- @AfterClass end -->
  <testcase name="@BeforeClass setBaseUri" time="0.0" classname="com.arcapi.testcases.MeterCreatePOSTAPITest">
    <skipped/>
  </testcase> <!-- @BeforeClass setBaseUri -->
  <testcase name="@AfterClass end" time="0.0" classname="com.arcapi.testcases.MeterCreatePOSTAPITest">
    <skipped/>
  </testcase> <!-- @AfterClass end -->
  <testcase name="@BeforeClass setBaseUri" time="0.0" classname="com.arcapi.testcases.AssetMeterDetailAPITest">
    <skipped/>
  </testcase> <!-- @BeforeClass setBaseUri -->
  <testcase name="@AfterMethod teardown" time="0.0" classname="com.arcapi.testcases.AssetMeterDetailAPITest">
    <skipped/>
  </testcase> <!-- @AfterMethod teardown -->
  <testcase name="@AfterClass end" time="0.0" classname="com.arcapi.testcases.AssetMeterDetailAPITest">
    <skipped/>
  </testcase> <!-- @AfterClass end -->
  <testcase name="@BeforeClass setBaseUri" time="0.0" classname="com.arcapi.testcases.ConsumptionListAPITest">
    <skipped/>
  </testcase> <!-- @BeforeClass setBaseUri -->
  <testcase name="@AfterMethod teardown" time="0.0" classname="com.arcapi.testcases.ConsumptionListAPITest">
    <skipped/>
  </testcase> <!-- @AfterMethod teardown -->
  <testcase name="@AfterClass end" time="0.0" classname="com.arcapi.testcases.ConsumptionListAPITest">
    <skipped/>
  </testcase> <!-- @AfterClass end -->
  <testcase name="@BeforeClass setBaseUri" time="0.0" classname="com.arcapi.testcases.ConsumptionCreatePOSTAPITest">
    <skipped/>
  </testcase> <!-- @BeforeClass setBaseUri -->
  <testcase name="@AfterClass end" time="0.0" classname="com.arcapi.testcases.ConsumptionCreatePOSTAPITest">
    <skipped/>
  </testcase> <!-- @AfterClass end -->
  <testcase name="@BeforeClass setBaseUri" time="0.0" classname="com.arcapi.testcases.ConsumptionDetailAPITest">
    <skipped/>
  </testcase> <!-- @BeforeClass setBaseUri -->
  <testcase name="@AfterClass end" time="0.0" classname="com.arcapi.testcases.ConsumptionDetailAPITest">
    <skipped/>
  </testcase> <!-- @AfterClass end -->
  <testcase name="@BeforeClass setBaseUri" time="0.0" classname="com.arcapi.testcases.ConsumptionUpdatePUTAPITest">
    <skipped/>
  </testcase> <!-- @BeforeClass setBaseUri -->
  <testcase name="@AfterClass end" time="0.0" classname="com.arcapi.testcases.ConsumptionUpdatePUTAPITest">
    <skipped/>
  </testcase> <!-- @AfterClass end -->
  <testcase name="@BeforeClass setBaseUri" time="0.0" classname="com.arcapi.testcases.MeterUpdatePUTAPITest">
    <skipped/>
  </testcase> <!-- @BeforeClass setBaseUri -->
  <testcase name="@AfterClass end" time="0.0" classname="com.arcapi.testcases.MeterUpdatePUTAPITest">
    <skipped/>
  </testcase> <!-- @AfterClass end -->
  <testcase name="@BeforeClass setBaseUri" time="0.0" classname="com.arcapi.testcases.MeterDeleteAPITest">
    <skipped/>
  </testcase> <!-- @BeforeClass setBaseUri -->
  <testcase name="@AfterClass end" time="0.0" classname="com.arcapi.testcases.MeterDeleteAPITest">
    <skipped/>
  </testcase> <!-- @AfterClass end -->
  <testcase name="@BeforeClass setBaseUri" time="0.0" classname="com.arcapi.testcases.NotificationCreatePOSTAPITest">
    <skipped/>
  </testcase> <!-- @BeforeClass setBaseUri -->
  <testcase name="@AfterMethod teardown" time="0.0" classname="com.arcapi.testcases.NotificationCreatePOSTAPITest">
    <skipped/>
  </testcase> <!-- @AfterMethod teardown -->
  <testcase name="@AfterClass end" time="0.0" classname="com.arcapi.testcases.NotificationCreatePOSTAPITest">
    <skipped/>
  </testcase> <!-- @AfterClass end -->
  <testcase name="@BeforeClass setBaseUri" time="0.0" classname="com.arcapi.testcases.NotificationGetAPITest">
    <skipped/>
  </testcase> <!-- @BeforeClass setBaseUri -->
  <testcase name="@AfterMethod teardown" time="0.0" classname="com.arcapi.testcases.NotificationGetAPITest">
    <skipped/>
  </testcase> <!-- @AfterMethod teardown -->
  <testcase name="@AfterClass end" time="0.0" classname="com.arcapi.testcases.NotificationGetAPITest">
    <skipped/>
  </testcase> <!-- @AfterClass end -->
  <testcase name="@BeforeClass setBaseUri" time="0.0" classname="com.arcapi.testcases.NotificationDeleteAPITest">
    <skipped/>
  </testcase> <!-- @BeforeClass setBaseUri -->
  <testcase name="@AfterMethod teardown" time="0.0" classname="com.arcapi.testcases.NotificationDeleteAPITest">
    <skipped/>
  </testcase> <!-- @AfterMethod teardown -->
  <testcase name="@AfterClass end" time="0.0" classname="com.arcapi.testcases.NotificationDeleteAPITest">
    <skipped/>
  </testcase> <!-- @AfterClass end -->
  <testcase name="@BeforeClass setBaseUri" time="0.0" classname="com.arcapi.testcases.SignAgreemenReviewAPITest">
    <skipped/>
  </testcase> <!-- @BeforeClass setBaseUri -->
  <testcase name="@AfterMethod teardown" time="0.0" classname="com.arcapi.testcases.SignAgreemenReviewAPITest">
    <skipped/>
  </testcase> <!-- @AfterMethod teardown -->
  <testcase name="@AfterClass end" time="0.0" classname="com.arcapi.testcases.SignAgreemenReviewAPITest">
    <skipped/>
  </testcase> <!-- @AfterClass end -->
  <testcase name="@BeforeClass setBaseUri" time="0.0" classname="com.arcapi.testcases.CreditUpdatePUTAPITest">
    <skipped/>
  </testcase> <!-- @BeforeClass setBaseUri -->
  <testcase name="@AfterClass end" time="0.0" classname="com.arcapi.testcases.CreditUpdatePUTAPITest">
    <skipped/>
  </testcase> <!-- @AfterClass end -->
  <testcase name="@BeforeClass setBaseUri" time="0.0" classname="com.arcapi.testcases.ReviewCertificationPricingAPITest">
    <skipped/>
  </testcase> <!-- @BeforeClass setBaseUri -->
  <testcase name="@AfterMethod teardown" time="0.0" classname="com.arcapi.testcases.ReviewCertificationPricingAPITest">
    <skipped/>
  </testcase> <!-- @AfterMethod teardown -->
  <testcase name="@AfterClass end" time="0.0" classname="com.arcapi.testcases.ReviewCertificationPricingAPITest">
    <skipped/>
  </testcase> <!-- @AfterClass end -->
  <testcase name="@BeforeClass setBaseUri" time="0.0" classname="com.arcapi.testcases.SubmitReviewPOSTAPITest">
    <skipped/>
  </testcase> <!-- @BeforeClass setBaseUri -->
  <testcase name="@AfterClass end" time="0.0" classname="com.arcapi.testcases.SubmitReviewPOSTAPITest">
    <skipped/>
  </testcase> <!-- @AfterClass end -->
  <testcase name="@BeforeClass setBaseUri" time="0.0" classname="com.arcapi.testcases.SubmitReviewGetAPITest">
    <skipped/>
  </testcase> <!-- @BeforeClass setBaseUri -->
  <testcase name="@AfterMethod teardown" time="0.0" classname="com.arcapi.testcases.SubmitReviewGetAPITest">
    <skipped/>
  </testcase> <!-- @AfterMethod teardown -->
  <testcase name="@AfterClass end" time="0.0" classname="com.arcapi.testcases.SubmitReviewGetAPITest">
    <skipped/>
  </testcase> <!-- @AfterClass end -->
  <testcase name="@BeforeClass setBaseUri" time="0.0" classname="com.arcapi.testcases.PaymentOrderGetAPITest">
    <skipped/>
  </testcase> <!-- @BeforeClass setBaseUri -->
  <testcase name="@AfterMethod teardown" time="0.0" classname="com.arcapi.testcases.PaymentOrderGetAPITest">
    <skipped/>
  </testcase> <!-- @AfterMethod teardown -->
  <testcase name="@AfterClass end" time="0.0" classname="com.arcapi.testcases.PaymentOrderGetAPITest">
    <skipped/>
  </testcase> <!-- @AfterClass end -->
  <testcase name="@BeforeClass setBaseUri" time="0.0" classname="com.arcapi.testcases.PaymentReviewAutoPaytokenPOSTAPITest">
    <skipped/>
  </testcase> <!-- @BeforeClass setBaseUri -->
  <testcase name="@AfterClass end" time="0.0" classname="com.arcapi.testcases.PaymentReviewAutoPaytokenPOSTAPITest">
    <skipped/>
  </testcase> <!-- @AfterClass end -->
  <testcase name="@BeforeClass setBaseUri" time="0.0" classname="com.arcapi.testcases.PaymentReviewAutoPaymentTokenGetAPITest">
    <skipped/>
  </testcase> <!-- @BeforeClass setBaseUri -->
  <testcase name="@AfterMethod teardown" time="0.0" classname="com.arcapi.testcases.PaymentReviewAutoPaymentTokenGetAPITest">
    <skipped/>
  </testcase> <!-- @AfterMethod teardown -->
  <testcase name="@AfterClass end" time="0.0" classname="com.arcapi.testcases.PaymentReviewAutoPaymentTokenGetAPITest">
    <skipped/>
  </testcase> <!-- @AfterClass end -->
  <testcase name="@BeforeClass setBaseUri" time="0.0" classname="com.arcapi.testcases.ProjectTeamInfoAPITest">
    <skipped/>
  </testcase> <!-- @BeforeClass setBaseUri -->
  <testcase name="@AfterMethod teardown" time="0.0" classname="com.arcapi.testcases.ProjectTeamInfoAPITest">
    <skipped/>
  </testcase> <!-- @AfterMethod teardown -->
  <testcase name="@AfterClass end" time="0.0" classname="com.arcapi.testcases.ProjectTeamInfoAPITest">
    <skipped/>
  </testcase> <!-- @AfterClass end -->
  <testcase name="@BeforeClass setBaseUri" time="0.0" classname="com.arcapi.testcases.PerformanceComparablesGetAPITest">
    <skipped/>
  </testcase> <!-- @BeforeClass setBaseUri -->
  <testcase name="@AfterMethod teardown" time="0.0" classname="com.arcapi.testcases.PerformanceComparablesGetAPITest">
    <skipped/>
  </testcase> <!-- @AfterMethod teardown -->
  <testcase name="@AfterClass end" time="0.0" classname="com.arcapi.testcases.PerformanceComparablesGetAPITest">
    <skipped/>
  </testcase> <!-- @AfterClass end -->
  <testcase name="@BeforeClass setBaseUri" time="0.0" classname="com.arcapi.testcases.ScoreWeightsAPITest">
    <skipped/>
  </testcase> <!-- @BeforeClass setBaseUri -->
  <testcase name="@AfterMethod teardown" time="0.0" classname="com.arcapi.testcases.ScoreWeightsAPITest">
    <skipped/>
  </testcase> <!-- @AfterMethod teardown -->
  <testcase name="@AfterClass end" time="0.0" classname="com.arcapi.testcases.ScoreWeightsAPITest">
    <skipped/>
  </testcase> <!-- @AfterClass end -->
  <testcase name="@BeforeClass setBaseUri" time="0.0" classname="com.arcapi.testcases.TeamMemberUpdatePUTAPITest">
    <skipped/>
  </testcase> <!-- @BeforeClass setBaseUri -->
  <testcase name="@AfterClass end" time="0.0" classname="com.arcapi.testcases.TeamMemberUpdatePUTAPITest">
    <skipped/>
  </testcase> <!-- @AfterClass end -->
  <testcase name="@BeforeClass setBaseUri" time="0.0" classname="com.arcapi.testcases.TeamRoleListOptionAPITest">
    <skipped/>
  </testcase> <!-- @BeforeClass setBaseUri -->
  <testcase name="@AfterMethod teardown" time="0.0" classname="com.arcapi.testcases.TeamRoleListOptionAPITest">
    <skipped/>
  </testcase> <!-- @AfterMethod teardown -->
  <testcase name="@AfterClass end" time="0.0" classname="com.arcapi.testcases.TeamRoleListOptionAPITest">
    <skipped/>
  </testcase> <!-- @AfterClass end -->
  <testcase name="@BeforeClass setBaseUri" time="0.0" classname="com.arcapi.testcases.ThirdPartyListAppsAPITest">
    <skipped/>
  </testcase> <!-- @BeforeClass setBaseUri -->
  <testcase name="@AfterMethod teardown" time="0.0" classname="com.arcapi.testcases.ThirdPartyListAppsAPITest">
    <skipped/>
  </testcase> <!-- @AfterMethod teardown -->
  <testcase name="@AfterClass end" time="0.0" classname="com.arcapi.testcases.ThirdPartyListAppsAPITest">
    <skipped/>
  </testcase> <!-- @AfterClass end -->
  <testcase name="@BeforeClass setBaseUri" time="0.0" classname="com.arcapi.testcases.TransitSurveyAPITest">
    <skipped/>
  </testcase> <!-- @BeforeClass setBaseUri -->
  <testcase name="@AfterMethod teardown" time="0.0" classname="com.arcapi.testcases.TransitSurveyAPITest">
    <skipped/>
  </testcase> <!-- @AfterMethod teardown -->
  <testcase name="@AfterClass end" time="0.0" classname="com.arcapi.testcases.TransitSurveyAPITest">
    <skipped/>
  </testcase> <!-- @AfterClass end -->
  <testcase name="@BeforeClass setBaseUri" time="0.0" classname="com.arcapi.testcases.TransitSurveySummarizeSurveyAPITest">
    <skipped/>
  </testcase> <!-- @BeforeClass setBaseUri -->
  <testcase name="@AfterMethod teardown" time="0.0" classname="com.arcapi.testcases.TransitSurveySummarizeSurveyAPITest">
    <skipped/>
  </testcase> <!-- @AfterMethod teardown -->
  <testcase name="@AfterClass end" time="0.0" classname="com.arcapi.testcases.TransitSurveySummarizeSurveyAPITest">
    <skipped/>
  </testcase> <!-- @AfterClass end -->
  <testcase name="@BeforeClass setBaseUri" time="0.0" classname="com.arcapi.testcases.TransitSurveyCreatePOSTAPITest">
    <skipped/>
  </testcase> <!-- @BeforeClass setBaseUri -->
  <testcase name="@AfterMethod teardown" time="0.0" classname="com.arcapi.testcases.TransitSurveyCreatePOSTAPITest">
    <skipped/>
  </testcase> <!-- @AfterMethod teardown -->
  <testcase name="@AfterClass end" time="0.0" classname="com.arcapi.testcases.TransitSurveyCreatePOSTAPITest">
    <skipped/>
  </testcase> <!-- @AfterClass end -->
  <testcase name="@BeforeClass setBaseUri" time="0.0" classname="com.arcapi.testcases.UserActivityListAPITest">
    <skipped/>
  </testcase> <!-- @BeforeClass setBaseUri -->
  <testcase name="@AfterMethod teardown" time="0.0" classname="com.arcapi.testcases.UserActivityListAPITest">
    <skipped/>
  </testcase> <!-- @AfterMethod teardown -->
  <testcase name="@AfterClass end" time="0.0" classname="com.arcapi.testcases.UserActivityListAPITest">
    <skipped/>
  </testcase> <!-- @AfterClass end -->
  <testcase name="@BeforeClass setBaseUri" time="0.0" classname="com.arcapi.testcases.UserDetailAPITest">
    <skipped/>
  </testcase> <!-- @BeforeClass setBaseUri -->
  <testcase name="@AfterMethod teardown" time="0.0" classname="com.arcapi.testcases.UserDetailAPITest">
    <skipped/>
  </testcase> <!-- @AfterMethod teardown -->
  <testcase name="@AfterClass end" time="0.0" classname="com.arcapi.testcases.UserDetailAPITest">
    <skipped/>
  </testcase> <!-- @AfterClass end -->
  <testcase name="@BeforeClass setBaseUri" time="0.0" classname="com.arcapi.testcases.WasteCreatePOSTAPITest">
    <skipped/>
  </testcase> <!-- @BeforeClass setBaseUri -->
  <testcase name="@AfterClass end" time="0.0" classname="com.arcapi.testcases.WasteCreatePOSTAPITest">
    <skipped/>
  </testcase> <!-- @AfterClass end -->
  <testcase name="@BeforeClass setBaseUri" time="0.0" classname="com.arcapi.testcases.WasteGetAPITest">
    <skipped/>
  </testcase> <!-- @BeforeClass setBaseUri -->
  <testcase name="@AfterMethod teardown" time="0.0" classname="com.arcapi.testcases.WasteGetAPITest">
    <skipped/>
  </testcase> <!-- @AfterMethod teardown -->
  <testcase name="@AfterClass end" time="0.0" classname="com.arcapi.testcases.WasteGetAPITest">
    <skipped/>
  </testcase> <!-- @AfterClass end -->
  <testcase name="@BeforeClass setBaseUri" time="0.0" classname="com.arcapi.testcases.WasteDetailAPITest">
    <skipped/>
  </testcase> <!-- @BeforeClass setBaseUri -->
  <testcase name="@AfterMethod teardown" time="0.0" classname="com.arcapi.testcases.WasteDetailAPITest">
    <skipped/>
  </testcase> <!-- @AfterMethod teardown -->
  <testcase name="@AfterClass end" time="0.0" classname="com.arcapi.testcases.WasteDetailAPITest">
    <skipped/>
  </testcase> <!-- @AfterClass end -->
  <testcase name="@BeforeClass setBaseUri" time="0.0" classname="com.arcapi.testcases.WasteUpdatePUTAPITest">
    <skipped/>
  </testcase> <!-- @BeforeClass setBaseUri -->
  <testcase name="@AfterClass end" time="0.0" classname="com.arcapi.testcases.WasteUpdatePUTAPITest">
    <skipped/>
  </testcase> <!-- @AfterClass end -->
  <testcase name="@BeforeClass setBaseUri" time="0.0" classname="com.arcapi.testcases.WasteDetailDeleteAPITest">
    <skipped/>
  </testcase> <!-- @BeforeClass setBaseUri -->
  <testcase name="@AfterClass end" time="0.0" classname="com.arcapi.testcases.WasteDetailDeleteAPITest">
    <skipped/>
  </testcase> <!-- @AfterClass end -->
  <testcase name="@BeforeClass setBaseUri" time="0.0" classname="com.arcapi.testcases.AvgPerformaceListGetTest">
    <skipped/>
  </testcase> <!-- @BeforeClass setBaseUri -->
  <testcase name="@AfterMethod teardown" time="0.0" classname="com.arcapi.testcases.AvgPerformaceListGetTest">
    <skipped/>
  </testcase> <!-- @AfterMethod teardown -->
  <testcase name="@AfterClass end" time="0.0" classname="com.arcapi.testcases.AvgPerformaceListGetTest">
    <skipped/>
  </testcase> <!-- @AfterClass end -->
  <testcase name="@BeforeClass setBaseUri" time="0.0" classname="com.arcapi.testcases.CO2GetTest">
    <skipped/>
  </testcase> <!-- @BeforeClass setBaseUri -->
  <testcase name="@AfterClass end" time="0.0" classname="com.arcapi.testcases.CO2GetTest">
    <skipped/>
  </testcase> <!-- @AfterClass end -->
  <testcase name="@BeforeClass setBaseUri" time="0.0" classname="com.arcapi.testcases.GhgCalcGetTest">
    <skipped/>
  </testcase> <!-- @BeforeClass setBaseUri -->
  <testcase name="@AfterMethod teardown" time="0.0" classname="com.arcapi.testcases.GhgCalcGetTest">
    <skipped/>
  </testcase> <!-- @AfterMethod teardown -->
  <testcase name="@AfterClass end" time="0.0" classname="com.arcapi.testcases.GhgCalcGetTest">
    <skipped/>
  </testcase> <!-- @AfterClass end -->
  <testcase name="@BeforeClass setBaseUri" time="0.0" classname="com.arcapi.testcases.GhgGetTest">
    <skipped/>
  </testcase> <!-- @BeforeClass setBaseUri -->
  <testcase name="@AfterMethod teardown" time="0.0" classname="com.arcapi.testcases.GhgGetTest">
    <skipped/>
  </testcase> <!-- @AfterMethod teardown -->
  <testcase name="@AfterClass end" time="0.0" classname="com.arcapi.testcases.GhgGetTest">
    <skipped/>
  </testcase> <!-- @AfterClass end -->
  <testcase name="@BeforeClass setBaseUri" time="0.0" classname="com.arcapi.testcases.NotificationSubscriptionDetailGetTest">
    <skipped/>
  </testcase> <!-- @BeforeClass setBaseUri -->
  <testcase name="@AfterMethod teardown" time="0.0" classname="com.arcapi.testcases.NotificationSubscriptionDetailGetTest">
    <skipped/>
  </testcase> <!-- @AfterMethod teardown -->
  <testcase name="@AfterClass end" time="0.0" classname="com.arcapi.testcases.NotificationSubscriptionDetailGetTest">
    <skipped/>
  </testcase> <!-- @AfterClass end -->
  <testcase name="@BeforeClass setBaseUri" time="0.0" classname="com.arcapi.testcases.NotificationSubscriptionDetailPutTest">
    <skipped/>
  </testcase> <!-- @BeforeClass setBaseUri -->
  <testcase name="@AfterClass end" time="0.0" classname="com.arcapi.testcases.NotificationSubscriptionDetailPutTest">
    <skipped/>
  </testcase> <!-- @AfterClass end -->
  <testcase name="@BeforeClass setBaseUri" time="0.0" classname="com.arcapi.testcases.NotificationSubscriptionGetTest">
    <skipped/>
  </testcase> <!-- @BeforeClass setBaseUri -->
  <testcase name="@AfterMethod teardown" time="0.0" classname="com.arcapi.testcases.NotificationSubscriptionGetTest">
    <skipped/>
  </testcase> <!-- @AfterMethod teardown -->
  <testcase name="@AfterClass end" time="0.0" classname="com.arcapi.testcases.NotificationSubscriptionGetTest">
    <skipped/>
  </testcase> <!-- @AfterClass end -->
  <testcase name="@BeforeClass setBaseUri" time="0.0" classname="com.arcapi.testcases.NotificationSubscriptionPostTest">
    <skipped/>
  </testcase> <!-- @BeforeClass setBaseUri -->
  <testcase name="@AfterClass end" time="0.0" classname="com.arcapi.testcases.NotificationSubscriptionPostTest">
    <skipped/>
  </testcase> <!-- @AfterClass end -->
  <testcase name="@BeforeClass setBaseUri" time="0.0" classname="com.arcapi.testcases.TemperatureDataDeleteTest">
    <skipped/>
  </testcase> <!-- @BeforeClass setBaseUri -->
  <testcase name="@AfterClass end" time="0.0" classname="com.arcapi.testcases.TemperatureDataDeleteTest">
    <skipped/>
  </testcase> <!-- @AfterClass end -->
  <testcase name="@BeforeClass setBaseUri" time="0.0" classname="com.arcapi.testcases.TemperatureDataGetTest">
    <skipped/>
  </testcase> <!-- @BeforeClass setBaseUri -->
  <testcase name="@AfterMethod teardown" time="0.0" classname="com.arcapi.testcases.TemperatureDataGetTest">
    <skipped/>
  </testcase> <!-- @AfterMethod teardown -->
  <testcase name="@AfterClass end" time="0.0" classname="com.arcapi.testcases.TemperatureDataGetTest">
    <skipped/>
  </testcase> <!-- @AfterClass end -->
  <testcase name="@BeforeClass setBaseUri" time="0.0" classname="com.arcapi.testcases.TemperatureDataPostTest">
    <skipped/>
  </testcase> <!-- @BeforeClass setBaseUri -->
  <testcase name="@AfterClass end" time="0.0" classname="com.arcapi.testcases.TemperatureDataPostTest">
    <skipped/>
  </testcase> <!-- @AfterClass end -->
  <testcase name="@BeforeClass setBaseUri" time="0.0" classname="com.arcapi.testcases.TemperatureDataZipCodeGetTest">
    <skipped/>
  </testcase> <!-- @BeforeClass setBaseUri -->
  <testcase name="@AfterMethod teardown" time="0.0" classname="com.arcapi.testcases.TemperatureDataZipCodeGetTest">
    <skipped/>
  </testcase> <!-- @AfterMethod teardown -->
  <testcase name="@AfterClass end" time="0.0" classname="com.arcapi.testcases.TemperatureDataZipCodeGetTest">
    <skipped/>
  </testcase> <!-- @AfterClass end -->
  <testcase name="@BeforeClass setBaseUri" time="0.0" classname="com.arcapi.testcases.UserAccessLevelSAPGetTest">
    <skipped/>
  </testcase> <!-- @BeforeClass setBaseUri -->
  <testcase name="@AfterMethod teardown" time="0.0" classname="com.arcapi.testcases.UserAccessLevelSAPGetTest">
    <skipped/>
  </testcase> <!-- @AfterMethod teardown -->
  <testcase name="@AfterClass end" time="0.0" classname="com.arcapi.testcases.UserAccessLevelSAPGetTest">
    <skipped/>
  </testcase> <!-- @AfterClass end -->
  <testcase name="@BeforeClass setBaseUri" time="0.0" classname="com.arcapi.testcases.UserDetailsSAPGetTest">
    <skipped/>
  </testcase> <!-- @BeforeClass setBaseUri -->
  <testcase name="@AfterMethod teardown" time="0.0" classname="com.arcapi.testcases.UserDetailsSAPGetTest">
    <skipped/>
  </testcase> <!-- @AfterMethod teardown -->
  <testcase name="@AfterClass end" time="0.0" classname="com.arcapi.testcases.UserDetailsSAPGetTest">
    <skipped/>
  </testcase> <!-- @AfterClass end -->
  <testcase name="@BeforeClass setBaseUri" time="0.0" classname="com.arcapi.testcases.VOCGetTest">
    <skipped/>
  </testcase> <!-- @BeforeClass setBaseUri -->
  <testcase name="@AfterMethod teardown" time="0.0" classname="com.arcapi.testcases.VOCGetTest">
    <skipped/>
  </testcase> <!-- @AfterMethod teardown -->
  <testcase name="@AfterClass end" time="0.0" classname="com.arcapi.testcases.VOCGetTest">
    <skipped/>
  </testcase> <!-- @AfterClass end -->
  <testcase name="@BeforeClass setBaseUri" time="0.0" classname="com.arcapi.testcases.WasteDivertedDataGetTest">
    <skipped/>
  </testcase> <!-- @BeforeClass setBaseUri -->
  <testcase name="@AfterMethod teardown" time="0.0" classname="com.arcapi.testcases.WasteDivertedDataGetTest">
    <skipped/>
  </testcase> <!-- @AfterMethod teardown -->
  <testcase name="@AfterClass end" time="0.0" classname="com.arcapi.testcases.WasteDivertedDataGetTest">
    <skipped/>
  </testcase> <!-- @AfterClass end -->
  <testcase name="@BeforeClass setBaseUri" time="0.0" classname="com.arcapi.testcases.WasteDivertedDataPostTest">
    <skipped/>
  </testcase> <!-- @BeforeClass setBaseUri -->
  <testcase name="@AfterClass end" time="0.0" classname="com.arcapi.testcases.WasteDivertedDataPostTest">
    <skipped/>
  </testcase> <!-- @AfterClass end -->
  <testcase name="@BeforeClass setBaseUri" time="0.0" classname="com.arcapi.testcases.WasteGeneratedDataGetTest">
    <skipped/>
  </testcase> <!-- @BeforeClass setBaseUri -->
  <testcase name="@AfterMethod teardown" time="0.0" classname="com.arcapi.testcases.WasteGeneratedDataGetTest">
    <skipped/>
  </testcase> <!-- @AfterMethod teardown -->
  <testcase name="@AfterClass end" time="0.0" classname="com.arcapi.testcases.WasteGeneratedDataGetTest">
    <skipped/>
  </testcase> <!-- @AfterClass end -->
  <testcase name="@BeforeClass setBaseUri" time="0.0" classname="com.arcapi.testcases.WasteGeneratedDataPostTest">
    <skipped/>
  </testcase> <!-- @BeforeClass setBaseUri -->
  <testcase name="@AfterClass end" time="0.0" classname="com.arcapi.testcases.WasteGeneratedDataPostTest">
    <skipped/>
  </testcase> <!-- @AfterClass end -->
  <testcase name="@BeforeClass setBaseUri" time="0.0" classname="com.arcapi.testcases.WaterGetTest">
    <skipped/>
  </testcase> <!-- @BeforeClass setBaseUri -->
  <testcase name="@AfterMethod teardown" time="0.0" classname="com.arcapi.testcases.WaterGetTest">
    <skipped/>
  </testcase> <!-- @AfterMethod teardown -->
  <testcase name="@AfterClass end" time="0.0" classname="com.arcapi.testcases.WaterGetTest">
    <skipped/>
  </testcase> <!-- @AfterClass end -->
  <testcase name="@BeforeClass setBaseUri" time="0.0" classname="com.arcapi.testcases.PortfoliosPostAPITest">
    <skipped/>
  </testcase> <!-- @BeforeClass setBaseUri -->
  <testcase name="@AfterMethod teardown" time="0.0" classname="com.arcapi.testcases.PortfoliosPostAPITest">
    <skipped/>
  </testcase> <!-- @AfterMethod teardown -->
  <testcase name="@AfterClass end" time="0.0" classname="com.arcapi.testcases.PortfoliosPostAPITest">
    <skipped/>
  </testcase> <!-- @AfterClass end -->
  <testcase name="@BeforeClass setBaseUri" time="0.0" classname="com.arcapi.testcases.PortfoliosGetAPITest">
    <skipped/>
  </testcase> <!-- @BeforeClass setBaseUri -->
  <testcase name="@AfterMethod teardown" time="0.0" classname="com.arcapi.testcases.PortfoliosGetAPITest">
    <skipped/>
  </testcase> <!-- @AfterMethod teardown -->
  <testcase name="@AfterClass end" time="0.0" classname="com.arcapi.testcases.PortfoliosGetAPITest">
    <skipped/>
  </testcase> <!-- @AfterClass end -->
  <testcase name="@BeforeClass setBaseUri" time="0.0" classname="com.arcapi.testcases.PortfoliosDetailsGetAPITest">
    <skipped/>
  </testcase> <!-- @BeforeClass setBaseUri -->
  <testcase name="@AfterMethod teardown" time="0.0" classname="com.arcapi.testcases.PortfoliosDetailsGetAPITest">
    <skipped/>
  </testcase> <!-- @AfterMethod teardown -->
  <testcase name="@AfterClass end" time="0.0" classname="com.arcapi.testcases.PortfoliosDetailsGetAPITest">
    <skipped/>
  </testcase> <!-- @AfterClass end -->
  <testcase name="@BeforeClass setBaseUri" time="0.0" classname="com.arcapi.testcases.PortfoliosDetailPUTAPITest">
    <skipped/>
  </testcase> <!-- @BeforeClass setBaseUri -->
  <testcase name="@AfterMethod teardown" time="0.0" classname="com.arcapi.testcases.PortfoliosDetailPUTAPITest">
    <skipped/>
  </testcase> <!-- @AfterMethod teardown -->
  <testcase name="@AfterClass end" time="0.0" classname="com.arcapi.testcases.PortfoliosDetailPUTAPITest">
    <skipped/>
  </testcase> <!-- @AfterClass end -->
  <testcase name="@BeforeClass setBaseUri" time="0.0" classname="com.arcapi.testcases.PortfoliosAssetPostAPITest">
    <skipped/>
  </testcase> <!-- @BeforeClass setBaseUri -->
  <testcase name="@AfterMethod teardown" time="0.0" classname="com.arcapi.testcases.PortfoliosAssetPostAPITest">
    <skipped/>
  </testcase> <!-- @AfterMethod teardown -->
  <testcase name="@AfterClass end" time="0.0" classname="com.arcapi.testcases.PortfoliosAssetPostAPITest">
    <skipped/>
  </testcase> <!-- @AfterClass end -->
  <testcase name="@BeforeClass setBaseUri" time="0.0" classname="com.arcapi.testcases.PortfoliosAssetGetAPITest">
    <skipped/>
  </testcase> <!-- @BeforeClass setBaseUri -->
  <testcase name="@AfterMethod teardown" time="0.0" classname="com.arcapi.testcases.PortfoliosAssetGetAPITest">
    <skipped/>
  </testcase> <!-- @AfterMethod teardown -->
  <testcase name="@AfterClass end" time="0.0" classname="com.arcapi.testcases.PortfoliosAssetGetAPITest">
    <skipped/>
  </testcase> <!-- @AfterClass end -->
  <testcase name="@BeforeClass setBaseUri" time="0.0" classname="com.arcapi.testcases.PortfoliosAssetDetailPUTAPITest">
    <skipped/>
  </testcase> <!-- @BeforeClass setBaseUri -->
  <testcase name="@AfterMethod teardown" time="0.0" classname="com.arcapi.testcases.PortfoliosAssetDetailPUTAPITest">
    <skipped/>
  </testcase> <!-- @AfterMethod teardown -->
  <testcase name="@AfterClass end" time="0.0" classname="com.arcapi.testcases.PortfoliosAssetDetailPUTAPITest">
    <skipped/>
  </testcase> <!-- @AfterClass end -->
  <testcase name="@BeforeClass setBaseUri" time="0.0" classname="com.arcapi.testcases.PortfoliosAssetDetailGetAPITest">
    <skipped/>
  </testcase> <!-- @BeforeClass setBaseUri -->
  <testcase name="@AfterMethod teardown" time="0.0" classname="com.arcapi.testcases.PortfoliosAssetDetailGetAPITest">
    <skipped/>
  </testcase> <!-- @AfterMethod teardown -->
  <testcase name="@AfterClass end" time="0.0" classname="com.arcapi.testcases.PortfoliosAssetDetailGetAPITest">
    <skipped/>
  </testcase> <!-- @AfterClass end -->
  <testcase name="@BeforeClass setBaseUri" time="0.0" classname="com.arcapi.testcases.PortfoliosTeamsPostAPITest">
    <skipped/>
  </testcase> <!-- @BeforeClass setBaseUri -->
  <testcase name="@AfterMethod teardown" time="0.0" classname="com.arcapi.testcases.PortfoliosTeamsPostAPITest">
    <skipped/>
  </testcase> <!-- @AfterMethod teardown -->
  <testcase name="@AfterClass end" time="0.0" classname="com.arcapi.testcases.PortfoliosTeamsPostAPITest">
    <skipped/>
  </testcase> <!-- @AfterClass end -->
  <testcase name="@BeforeClass setBaseUri" time="0.0" classname="com.arcapi.testcases.PortfoliosTeamsGetAPITest">
    <skipped/>
  </testcase> <!-- @BeforeClass setBaseUri -->
  <testcase name="@AfterMethod teardown" time="0.0" classname="com.arcapi.testcases.PortfoliosTeamsGetAPITest">
    <skipped/>
  </testcase> <!-- @AfterMethod teardown -->
  <testcase name="@AfterClass end" time="0.0" classname="com.arcapi.testcases.PortfoliosTeamsGetAPITest">
    <skipped/>
  </testcase> <!-- @AfterClass end -->
  <testcase name="@BeforeClass setBaseUri" time="0.0" classname="com.arcapi.testcases.PortfoliosTeamsPUTAPITest">
    <skipped/>
  </testcase> <!-- @BeforeClass setBaseUri -->
  <testcase name="@AfterMethod teardown" time="0.0" classname="com.arcapi.testcases.PortfoliosTeamsPUTAPITest">
    <skipped/>
  </testcase> <!-- @AfterMethod teardown -->
  <testcase name="@AfterClass end" time="0.0" classname="com.arcapi.testcases.PortfoliosTeamsPUTAPITest">
    <skipped/>
  </testcase> <!-- @AfterClass end -->
  <testcase name="@BeforeClass setBaseUri" time="0.0" classname="com.arcapi.testcases.PortfoliosTeamsDELETEAPITest">
    <skipped/>
  </testcase> <!-- @BeforeClass setBaseUri -->
  <testcase name="@AfterMethod teardown" time="0.0" classname="com.arcapi.testcases.PortfoliosTeamsDELETEAPITest">
    <skipped/>
  </testcase> <!-- @AfterMethod teardown -->
  <testcase name="@AfterClass end" time="0.0" classname="com.arcapi.testcases.PortfoliosTeamsDELETEAPITest">
    <skipped/>
  </testcase> <!-- @AfterClass end -->
  <testcase name="@BeforeClass setBaseUri" time="0.0" classname="com.arcapi.testcases.PortfoliosAssetDetailDELETEAPITest">
    <skipped/>
  </testcase> <!-- @BeforeClass setBaseUri -->
  <testcase name="@AfterMethod teardown" time="0.0" classname="com.arcapi.testcases.PortfoliosAssetDetailDELETEAPITest">
    <skipped/>
  </testcase> <!-- @AfterMethod teardown -->
  <testcase name="@AfterClass end" time="0.0" classname="com.arcapi.testcases.PortfoliosAssetDetailDELETEAPITest">
    <skipped/>
  </testcase> <!-- @AfterClass end -->
  <testcase name="@BeforeClass setBaseUri" time="0.0" classname="com.arcapi.testcases.PortfoliosDetailDELETEAPITest">
    <skipped/>
  </testcase> <!-- @BeforeClass setBaseUri -->
  <testcase name="@AfterMethod teardown" time="0.0" classname="com.arcapi.testcases.PortfoliosDetailDELETEAPITest">
    <skipped/>
  </testcase> <!-- @AfterMethod teardown -->
  <testcase name="@AfterClass end" time="0.0" classname="com.arcapi.testcases.PortfoliosDetailDELETEAPITest">
    <skipped/>
  </testcase> <!-- @AfterClass end -->
  <testcase name="@BeforeClass setBaseUri" time="0.0" classname="com.arcapi.testcases.CreateAssetParksmartPOSTTest">
    <skipped/>
  </testcase> <!-- @BeforeClass setBaseUri -->
  <testcase name="@AfterMethod teardown" time="0.0" classname="com.arcapi.testcases.CreateAssetParksmartPOSTTest">
    <skipped/>
  </testcase> <!-- @AfterMethod teardown -->
  <testcase name="@AfterClass end" time="0.0" classname="com.arcapi.testcases.CreateAssetParksmartPOSTTest">
    <skipped/>
  </testcase> <!-- @AfterClass end -->
  <testcase name="@BeforeClass setBaseUri" time="0.0" classname="com.arcapi.testcases.AssetListParksmartGetTest">
    <skipped/>
  </testcase> <!-- @BeforeClass setBaseUri -->
  <testcase name="@AfterMethod teardown" time="0.0" classname="com.arcapi.testcases.AssetListParksmartGetTest">
    <skipped/>
  </testcase> <!-- @AfterMethod teardown -->
  <testcase name="@AfterClass end" time="0.0" classname="com.arcapi.testcases.AssetListParksmartGetTest">
    <skipped/>
  </testcase> <!-- @AfterClass end -->
  <testcase name="@BeforeClass setBaseUri" time="0.0" classname="com.arcapi.testcases.UserLogoutAPITest">
    <skipped/>
  </testcase> <!-- @BeforeClass setBaseUri -->
  <testcase name="@AfterMethod teardown" time="0.0" classname="com.arcapi.testcases.UserLogoutAPITest">
    <skipped/>
  </testcase> <!-- @AfterMethod teardown -->
  <testcase name="@AfterClass end" time="0.0" classname="com.arcapi.testcases.UserLogoutAPITest">
    <skipped/>
  </testcase> <!-- @AfterClass end -->
  <testcase name="CreateAssetPOSTAPI" time="0.002" classname="com.arcapi.testcases.CreateAssetPOSTAPITest">
    <skipped/>
  </testcase> <!-- CreateAssetPOSTAPI -->
  <testcase name="SignAgreementRegistrationAPI" time="0.002" classname="com.arcapi.testcases.SignAgreementRegistrationAPITest">
    <skipped/>
  </testcase> <!-- SignAgreementRegistrationAPI -->
  <testcase name="RegistrationPaymentPricingGetAPI" time="0.002" classname="com.arcapi.testcases.RegistrationPaymentPricingGetAPITest">
    <skipped/>
  </testcase> <!-- RegistrationPaymentPricingGetAPI -->
  <testcase name="PaymentOrderSubmitPOSTAPI" time="0.002" classname="com.arcapi.testcases.PaymentOrderSubmitPOSTAPITest">
    <skipped/>
  </testcase> <!-- PaymentOrderSubmitPOSTAPI -->
  <testcase name="AddAssestTimeline" time="0.0" classname="com.arcapi.testcases.AddAssestTimelinePOSTAPITest">
    <skipped/>
  </testcase> <!-- AddAssestTimeline -->
  <testcase name="AnalysisDataGetAPI" time="0.001" classname="com.arcapi.testcases.AnalysisDataGetAPITest">
    <skipped/>
  </testcase> <!-- AnalysisDataGetAPI -->
  <testcase name="AnalysisDataSubmitPOSTAPI" time="0.001" classname="com.arcapi.testcases.AnalysisDataSubmitPOSTAPITest">
    <skipped/>
  </testcase> <!-- AnalysisDataSubmitPOSTAPI -->
  <testcase name="AssetAppaddPOSTAPI" time="0.003" classname="com.arcapi.testcases.AssetAppaddPOSTAPITest">
    <skipped/>
  </testcase> <!-- AssetAppaddPOSTAPI -->
  <testcase name="AssetAppDeleteAPI" time="0.001" classname="com.arcapi.testcases.AssetAppDeleteAPITest">
    <skipped/>
  </testcase> <!-- AssetAppDeleteAPI -->
  <testcase name="AssetCitiesdataPOSTAPI" time="0.002" classname="com.arcapi.testcases.AssetCitiesdataPOSTAPITest">
    <skipped/>
  </testcase> <!-- AssetCitiesdataPOSTAPI -->
  <testcase name="AssetCitiesDataDeleteAPI" time="0.002" classname="com.arcapi.testcases.AssetCitiesDataDeleteAPITest">
    <skipped/>
  </testcase> <!-- AssetCitiesDataDeleteAPI -->
  <testcase name="AssetDetailAPI" time="0.001" classname="com.arcapi.testcases.AssetDetailAPITest">
    <skipped/>
  </testcase> <!-- AssetDetailAPI -->
  <testcase name="AssetListAPI" time="0.002" classname="com.arcapi.testcases.AssetListAPITest">
    <skipped/>
  </testcase> <!-- AssetListAPI -->
  <testcase name="AssetDocumentAPI" time="0.0" classname="com.arcapi.testcases.AssetDocumentAPITest">
    <skipped/>
  </testcase> <!-- AssetDocumentAPI -->
  <testcase name="AssetPerformanceScorePostAPI" time="0.0" classname="com.arcapi.testcases.AssetPerformanceScorePostAPITest">
    <skipped/>
  </testcase> <!-- AssetPerformanceScorePostAPI -->
  <testcase name="AssetPerformanceScoreListAPI" time="0.002" classname="com.arcapi.testcases.AssetPerformanceScoreListAPITest">
    <skipped/>
  </testcase> <!-- AssetPerformanceScoreListAPI -->
  <testcase name="AssetSearchAPI" time="0.001" classname="com.arcapi.testcases.AssetSearchAPITest">
    <skipped/>
  </testcase> <!-- AssetSearchAPI -->
  <testcase name="AssetTeamMemberAddPOSTAPI" time="0.0" classname="com.arcapi.testcases.AssetTeamMemberAddPOSTAPITest">
    <skipped/>
  </testcase> <!-- AssetTeamMemberAddPOSTAPI -->
  <testcase name="AssetUpdateforNewAssetPUTAPI" time="0.0" classname="com.arcapi.testcases.AssetUpdateforNewAssetPUTAPITest">
    <skipped/>
  </testcase> <!-- AssetUpdateforNewAssetPUTAPI -->
  <testcase name="AssetValidationInfoPOSTAPI" time="0.002" classname="com.arcapi.testcases.AssetValidationInfoPOSTAPITest">
    <skipped/>
  </testcase> <!-- AssetValidationInfoPOSTAPI -->
  <testcase name="AssociatedCategoriesAPI" time="0.002" classname="com.arcapi.testcases.AssociatedCategoriesAPITest">
    <skipped/>
  </testcase> <!-- AssociatedCategoriesAPI -->
  <testcase name="CountryStatesJSONAPI" time="0.002" classname="com.arcapi.testcases.CountryStatesJSONAPITest">
    <skipped/>
  </testcase> <!-- CountryStatesJSONAPI -->
  <testcase name="CreditGetAPI" time="0.001" classname="com.arcapi.testcases.CreditGetAPITest">
    <skipped/>
  </testcase> <!-- CreditGetAPI -->
  <testcase name="CreditUpdateTeamPOSTAPI" time="0.002" classname="com.arcapi.testcases.CreditUpdateTeamPOSTAPITest">
    <skipped/>
  </testcase> <!-- CreditUpdateTeamPOSTAPI -->
  <testcase name="CreditUploadDocumentFilePOSTAPI" time="0.001" classname="com.arcapi.testcases.CreditUploadDocumentFilePOSTAPITest">
    <skipped/>
  </testcase> <!-- CreditUploadDocumentFilePOSTAPI -->
  <testcase name="CreditUploadGetAPI" time="0.001" classname="com.arcapi.testcases.CreditUploadGetAPITest">
    <skipped/>
  </testcase> <!-- CreditUploadGetAPI -->
  <testcase name="CreditUploadDELETEAPI" time="0.002" classname="com.arcapi.testcases.CreditUploadDELETEAPITest">
    <skipped/>
  </testcase> <!-- CreditUploadDELETEAPI -->
  <testcase name="DownloadDocumentsAPI" time="0.002" classname="com.arcapi.testcases.DownloadDocumentsAPITest">
    <skipped/>
  </testcase> <!-- DownloadDocumentsAPI -->
  <testcase name="EnvironmentSurveyCreatePOSTAPI" time="0.0" classname="com.arcapi.testcases.EnvironmentSurveyCreatePOSTAPITest">
    <skipped/>
  </testcase> <!-- EnvironmentSurveyCreatePOSTAPI -->
  <testcase name="EnvironmentSurveyGetAPI" time="0.001" classname="com.arcapi.testcases.EnvironmentSurveyGetAPITest">
    <skipped/>
  </testcase> <!-- EnvironmentSurveyGetAPI -->
  <testcase name="EnvironmentSurveySummarizeAPI" time="0.001" classname="com.arcapi.testcases.EnvironmentSurveySummarizeAPITest">
    <skipped/>
  </testcase> <!-- EnvironmentSurveySummarizeAPI -->
  <testcase name="ExcelUploadTemplatePOSTAPI" time="0.001" classname="com.arcapi.testcases.ExcelUploadTemplatePOSTAPITest">
    <skipped/>
  </testcase> <!-- ExcelUploadTemplatePOSTAPI -->
  <testcase name="FeedbackSubmitPostAPI" time="0.001" classname="com.arcapi.testcases.FeedbackSubmitPostAPITest">
    <skipped/>
  </testcase> <!-- FeedbackSubmitPostAPI -->
  <testcase name="FuelCategoryAPI" time="0.001" classname="com.arcapi.testcases.FuelCategoryAPITest">
    <skipped/>
  </testcase> <!-- FuelCategoryAPI -->
  <testcase name="GetAllDocumentListAPI" time="0.005" classname="com.arcapi.testcases.GetAllDocumentListAPITest">
    <skipped/>
  </testcase> <!-- GetAllDocumentListAPI -->
  <testcase name="MetersAPI" time="0.001" classname="com.arcapi.testcases.MetersAPITest">
    <skipped/>
  </testcase> <!-- MetersAPI -->
  <testcase name="MeterCreatePOSTAPI" time="0.0" classname="com.arcapi.testcases.MeterCreatePOSTAPITest">
    <skipped/>
  </testcase> <!-- MeterCreatePOSTAPI -->
  <testcase name="AssetMeterDetailAPI" time="0.001" classname="com.arcapi.testcases.AssetMeterDetailAPITest">
    <skipped/>
  </testcase> <!-- AssetMeterDetailAPI -->
  <testcase name="ConsumptionListAPI" time="0.001" classname="com.arcapi.testcases.ConsumptionListAPITest">
    <skipped/>
  </testcase> <!-- ConsumptionListAPI -->
  <testcase name="ConsumptionCreatePOSTAPI" time="0.0" classname="com.arcapi.testcases.ConsumptionCreatePOSTAPITest">
    <skipped/>
  </testcase> <!-- ConsumptionCreatePOSTAPI -->
  <testcase name="ConsumptionDetailAPI" time="0.0" classname="com.arcapi.testcases.ConsumptionDetailAPITest">
    <skipped/>
  </testcase> <!-- ConsumptionDetailAPI -->
  <testcase name="ConsumptionUpdatePUTAPI" time="0.0" classname="com.arcapi.testcases.ConsumptionUpdatePUTAPITest">
    <skipped/>
  </testcase> <!-- ConsumptionUpdatePUTAPI -->
  <testcase name="MeterUpdatePUTAPI" time="0.0" classname="com.arcapi.testcases.MeterUpdatePUTAPITest">
    <skipped/>
  </testcase> <!-- MeterUpdatePUTAPI -->
  <testcase name="MeterDeleteAPI" time="0.0" classname="com.arcapi.testcases.MeterDeleteAPITest">
    <skipped/>
  </testcase> <!-- MeterDeleteAPI -->
  <testcase name="NotificationCreatePOSTAPI" time="0.002" classname="com.arcapi.testcases.NotificationCreatePOSTAPITest">
    <skipped/>
  </testcase> <!-- NotificationCreatePOSTAPI -->
  <testcase name="NotificationGetAPI" time="0.001" classname="com.arcapi.testcases.NotificationGetAPITest">
    <skipped/>
  </testcase> <!-- NotificationGetAPI -->
  <testcase name="NotificationDeleteAPI" time="0.001" classname="com.arcapi.testcases.NotificationDeleteAPITest">
    <skipped/>
  </testcase> <!-- NotificationDeleteAPI -->
  <testcase name="SignAgreemenReviewAPI" time="0.001" classname="com.arcapi.testcases.SignAgreemenReviewAPITest">
    <skipped/>
  </testcase> <!-- SignAgreemenReviewAPI -->
  <testcase name="CreditUpdatePUTAPI" time="0.0" classname="com.arcapi.testcases.CreditUpdatePUTAPITest">
    <skipped/>
  </testcase> <!-- CreditUpdatePUTAPI -->
  <testcase name="ReviewCertificationPricingAPI" time="0.001" classname="com.arcapi.testcases.ReviewCertificationPricingAPITest">
    <skipped/>
  </testcase> <!-- ReviewCertificationPricingAPI -->
  <testcase name="SubmitReviewPOSTAPI" time="0.0" classname="com.arcapi.testcases.SubmitReviewPOSTAPITest">
    <skipped/>
  </testcase> <!-- SubmitReviewPOSTAPI -->
  <testcase name="SubmitReviewGetAPI" time="0.005" classname="com.arcapi.testcases.SubmitReviewGetAPITest">
    <skipped/>
  </testcase> <!-- SubmitReviewGetAPI -->
  <testcase name="PaymentOrderGetAPI" time="0.001" classname="com.arcapi.testcases.PaymentOrderGetAPITest">
    <skipped/>
  </testcase> <!-- PaymentOrderGetAPI -->
  <testcase name="PaymentReviewAutoPaytokenPOSTAPI" time="0.0" classname="com.arcapi.testcases.PaymentReviewAutoPaytokenPOSTAPITest">
    <skipped/>
  </testcase> <!-- PaymentReviewAutoPaytokenPOSTAPI -->
  <testcase name="PaymentReviewAutoPaymentTokenGet" time="0.002" classname="com.arcapi.testcases.PaymentReviewAutoPaymentTokenGetAPITest">
    <skipped/>
  </testcase> <!-- PaymentReviewAutoPaymentTokenGet -->
  <testcase name="ProjectTeamInfoAPI" time="0.002" classname="com.arcapi.testcases.ProjectTeamInfoAPITest">
    <skipped/>
  </testcase> <!-- ProjectTeamInfoAPI -->
  <testcase name="PerformanceComparablesGetAPI" time="0.001" classname="com.arcapi.testcases.PerformanceComparablesGetAPITest">
    <skipped/>
  </testcase> <!-- PerformanceComparablesGetAPI -->
  <testcase name="ScoreWeightsAPI" time="0.001" classname="com.arcapi.testcases.ScoreWeightsAPITest">
    <skipped/>
  </testcase> <!-- ScoreWeightsAPI -->
  <testcase name="TeamMemberUpdatePUTAPI" time="0.0" classname="com.arcapi.testcases.TeamMemberUpdatePUTAPITest">
    <skipped/>
  </testcase> <!-- TeamMemberUpdatePUTAPI -->
  <testcase name="TeamRoleListOptionAPI" time="0.001" classname="com.arcapi.testcases.TeamRoleListOptionAPITest">
    <skipped/>
  </testcase> <!-- TeamRoleListOptionAPI -->
  <testcase name="ThirdPartyListAppsAPI" time="0.001" classname="com.arcapi.testcases.ThirdPartyListAppsAPITest">
    <skipped/>
  </testcase> <!-- ThirdPartyListAppsAPI -->
  <testcase name="TransitSurveyAPI" time="0.005" classname="com.arcapi.testcases.TransitSurveyAPITest">
    <skipped/>
  </testcase> <!-- TransitSurveyAPI -->
  <testcase name="TransitSurveySummarizeSurveyAPI" time="0.001" classname="com.arcapi.testcases.TransitSurveySummarizeSurveyAPITest">
    <skipped/>
  </testcase> <!-- TransitSurveySummarizeSurveyAPI -->
  <testcase name="TransitSurveyCreatePOSTAPI" time="0.001" classname="com.arcapi.testcases.TransitSurveyCreatePOSTAPITest">
    <skipped/>
  </testcase> <!-- TransitSurveyCreatePOSTAPI -->
  <testcase name="UserActivityListAPI" time="0.001" classname="com.arcapi.testcases.UserActivityListAPITest">
    <skipped/>
  </testcase> <!-- UserActivityListAPI -->
  <testcase name="UserDetailAPI" time="0.002" classname="com.arcapi.testcases.UserDetailAPITest">
    <skipped/>
  </testcase> <!-- UserDetailAPI -->
  <testcase name="WasteCreatePOSTAPI" time="0.0" classname="com.arcapi.testcases.WasteCreatePOSTAPITest">
    <skipped/>
  </testcase> <!-- WasteCreatePOSTAPI -->
  <testcase name="WasteGetAPI" time="0.001" classname="com.arcapi.testcases.WasteGetAPITest">
    <skipped/>
  </testcase> <!-- WasteGetAPI -->
  <testcase name="WasteDetailAPI" time="0.011" classname="com.arcapi.testcases.WasteDetailAPITest">
    <skipped/>
  </testcase> <!-- WasteDetailAPI -->
  <testcase name="WasteUpdatePUTAPI" time="0.0" classname="com.arcapi.testcases.WasteUpdatePUTAPITest">
    <skipped/>
  </testcase> <!-- WasteUpdatePUTAPI -->
  <testcase name="WasteDetailDeleteAPI" time="0.0" classname="com.arcapi.testcases.WasteDetailDeleteAPITest">
    <skipped/>
  </testcase> <!-- WasteDetailDeleteAPI -->
  <testcase name="AvgPerformaceList" time="0.001" classname="com.arcapi.testcases.AvgPerformaceListGetTest">
    <skipped/>
  </testcase> <!-- AvgPerformaceList -->
  <testcase name="CO2GetTestAPI" time="0.0" classname="com.arcapi.testcases.CO2GetTest">
    <skipped/>
  </testcase> <!-- CO2GetTestAPI -->
  <testcase name="GhgCalcGet" time="0.001" classname="com.arcapi.testcases.GhgCalcGetTest">
    <skipped/>
  </testcase> <!-- GhgCalcGet -->
  <testcase name="GhgGetTestAPI" time="0.001" classname="com.arcapi.testcases.GhgGetTest">
    <skipped/>
  </testcase> <!-- GhgGetTestAPI -->
  <testcase name="NotificationSubscriptionDetail" time="0.001" classname="com.arcapi.testcases.NotificationSubscriptionDetailGetTest">
    <skipped/>
  </testcase> <!-- NotificationSubscriptionDetail -->
  <testcase name="NotificationSubscriptionDetail" time="0.0" classname="com.arcapi.testcases.NotificationSubscriptionDetailPutTest">
    <skipped/>
  </testcase> <!-- NotificationSubscriptionDetail -->
  <testcase name="NotificationSubscription" time="0.001" classname="com.arcapi.testcases.NotificationSubscriptionGetTest">
    <skipped/>
  </testcase> <!-- NotificationSubscription -->
  <testcase name="NotificationSubscriptionPost" time="0.0" classname="com.arcapi.testcases.NotificationSubscriptionPostTest">
    <skipped/>
  </testcase> <!-- NotificationSubscriptionPost -->
  <testcase name="TemperatureDataDelete" time="0.0" classname="com.arcapi.testcases.TemperatureDataDeleteTest">
    <skipped/>
  </testcase> <!-- TemperatureDataDelete -->
  <testcase name="TemperatureDataGet" time="0.001" classname="com.arcapi.testcases.TemperatureDataGetTest">
    <skipped/>
  </testcase> <!-- TemperatureDataGet -->
  <testcase name="TemperatureDataPost" time="0.0" classname="com.arcapi.testcases.TemperatureDataPostTest">
    <skipped/>
  </testcase> <!-- TemperatureDataPost -->
  <testcase name="TemperatureDataZipCodeGet" time="0.002" classname="com.arcapi.testcases.TemperatureDataZipCodeGetTest">
    <skipped/>
  </testcase> <!-- TemperatureDataZipCodeGet -->
  <testcase name="UserAccessLevelSAPGet" time="0.001" classname="com.arcapi.testcases.UserAccessLevelSAPGetTest">
    <skipped/>
  </testcase> <!-- UserAccessLevelSAPGet -->
  <testcase name="UserDetailsSAPGet" time="0.003" classname="com.arcapi.testcases.UserDetailsSAPGetTest">
    <skipped/>
  </testcase> <!-- UserDetailsSAPGet -->
  <testcase name="VOCGet" time="0.003" classname="com.arcapi.testcases.VOCGetTest">
    <skipped/>
  </testcase> <!-- VOCGet -->
  <testcase name="WasteDivertedDataGet" time="0.001" classname="com.arcapi.testcases.WasteDivertedDataGetTest">
    <skipped/>
  </testcase> <!-- WasteDivertedDataGet -->
  <testcase name="WasteDivertedDataPost" time="0.0" classname="com.arcapi.testcases.WasteDivertedDataPostTest">
    <skipped/>
  </testcase> <!-- WasteDivertedDataPost -->
  <testcase name="WasteGeneratedDataGet" time="0.002" classname="com.arcapi.testcases.WasteGeneratedDataGetTest">
    <skipped/>
  </testcase> <!-- WasteGeneratedDataGet -->
  <testcase name="WasteGeneratedDataPost" time="0.0" classname="com.arcapi.testcases.WasteGeneratedDataPostTest">
    <skipped/>
  </testcase> <!-- WasteGeneratedDataPost -->
  <testcase name="WaterGet" time="0.003" classname="com.arcapi.testcases.WaterGetTest">
    <skipped/>
  </testcase> <!-- WaterGet -->
  <testcase name="PortfoliosPostAPI" time="0.001" classname="com.arcapi.testcases.PortfoliosPostAPITest">
    <skipped/>
  </testcase> <!-- PortfoliosPostAPI -->
  <testcase name="PortfoliosGetAPI" time="0.001" classname="com.arcapi.testcases.PortfoliosGetAPITest">
    <skipped/>
  </testcase> <!-- PortfoliosGetAPI -->
  <testcase name="PortfoliosDetailsGetAPI" time="0.001" classname="com.arcapi.testcases.PortfoliosDetailsGetAPITest">
    <skipped/>
  </testcase> <!-- PortfoliosDetailsGetAPI -->
  <testcase name="PortfoliosDetailPUTAPI" time="0.002" classname="com.arcapi.testcases.PortfoliosDetailPUTAPITest">
    <skipped/>
  </testcase> <!-- PortfoliosDetailPUTAPI -->
  <testcase name="PortfoliosAssetPostAPI" time="0.001" classname="com.arcapi.testcases.PortfoliosAssetPostAPITest">
    <skipped/>
  </testcase> <!-- PortfoliosAssetPostAPI -->
  <testcase name="PortfoliosAssetGetAPI" time="0.002" classname="com.arcapi.testcases.PortfoliosAssetGetAPITest">
    <skipped/>
  </testcase> <!-- PortfoliosAssetGetAPI -->
  <testcase name="PortfoliosAssetDetailPUTAPI" time="0.001" classname="com.arcapi.testcases.PortfoliosAssetDetailPUTAPITest">
    <skipped/>
  </testcase> <!-- PortfoliosAssetDetailPUTAPI -->
  <testcase name="PortfoliosAssetDetailGetAPI" time="0.001" classname="com.arcapi.testcases.PortfoliosAssetDetailGetAPITest">
    <skipped/>
  </testcase> <!-- PortfoliosAssetDetailGetAPI -->
  <testcase name="PortfoliosTeamsPostAPI" time="0.001" classname="com.arcapi.testcases.PortfoliosTeamsPostAPITest">
    <skipped/>
  </testcase> <!-- PortfoliosTeamsPostAPI -->
  <testcase name="PortfoliosTeamsGetAPI" time="0.018" classname="com.arcapi.testcases.PortfoliosTeamsGetAPITest">
    <skipped/>
  </testcase> <!-- PortfoliosTeamsGetAPI -->
  <testcase name="PortfoliosTeamsPUTAPI" time="0.002" classname="com.arcapi.testcases.PortfoliosTeamsPUTAPITest">
    <skipped/>
  </testcase> <!-- PortfoliosTeamsPUTAPI -->
  <testcase name="PortfoliosTeamsDELETEAPI" time="0.001" classname="com.arcapi.testcases.PortfoliosTeamsDELETEAPITest">
    <skipped/>
  </testcase> <!-- PortfoliosTeamsDELETEAPI -->
  <testcase name="PortfoliosAssetDetailDELETEAPI" time="0.001" classname="com.arcapi.testcases.PortfoliosAssetDetailDELETEAPITest">
    <skipped/>
  </testcase> <!-- PortfoliosAssetDetailDELETEAPI -->
  <testcase name="PortfoliosDetailDELETEAPI" time="0.001" classname="com.arcapi.testcases.PortfoliosDetailDELETEAPITest">
    <skipped/>
  </testcase> <!-- PortfoliosDetailDELETEAPI -->
  <testcase name="CreateAssetParksmart" time="0.001" classname="com.arcapi.testcases.CreateAssetParksmartPOSTTest">
    <skipped/>
  </testcase> <!-- CreateAssetParksmart -->
  <testcase name="AssetListParksmart" time="0.001" classname="com.arcapi.testcases.AssetListParksmartGetTest">
    <skipped/>
  </testcase> <!-- AssetListParksmart -->
  <testcase name="UserLogoutAPI" time="0.001" classname="com.arcapi.testcases.UserLogoutAPITest">
    <skipped/>
  </testcase> <!-- UserLogoutAPI -->
</testsuite> <!-- CompleteFlowTest-Building -->
