<?xml version="1.0" encoding="UTF-8"?>
<testng-results skipped="0" failed="0" total="0" passed="0">
  <reporter-output>
  </reporter-output>
  <suite name="APITestCasesSuite" duration-ms="1706" started-at="2017-12-12T06:23:12Z" finished-at="2017-12-12T06:23:14Z">
    <groups>
      <group name="Precertification">
        <method signature="CreateAssetPOSTAPITest.CreateAssetPOSTAPI(java.lang.String, java.lang.String, java.lang.String, int)[pri:0, instance:com.arcapi.testcases.CreateAssetPOSTAPITest@14a1bcd3]" name="CreateAssetPOSTAPI" class="com.arcapi.testcases.CreateAssetPOSTAPITest"/>
        <method signature="CreditUpdatePUTAPITest.CreditUpdatePUTAPI(java.lang.String, java.lang.String, int, java.lang.String)[pri:0, instance:com.arcapi.testcases.CreditUpdatePUTAPITest@7350f798]" name="CreditUpdatePUTAPI" class="com.arcapi.testcases.CreditUpdatePUTAPITest"/>
        <method signature="SubmitReviewPOSTAPITest.SubmitReviewPOSTAPI(java.lang.String, java.lang.String, int, java.lang.String, java.lang.String)[pri:0, instance:com.arcapi.testcases.SubmitReviewPOSTAPITest@6f8ca582]" name="SubmitReviewPOSTAPI" class="com.arcapi.testcases.SubmitReviewPOSTAPITest"/>
        <method signature="SubmitReviewPOSTAPITest.SubmitReviewPOSTAPI(java.lang.String, java.lang.String, int, java.lang.String, java.lang.String)[pri:0, instance:com.arcapi.testcases.SubmitReviewPOSTAPITest@5fc7a9de]" name="SubmitReviewPOSTAPI" class="com.arcapi.testcases.SubmitReviewPOSTAPITest"/>
        <method signature="SubmitReviewPOSTAPITest.SubmitReviewPOSTAPI(java.lang.String, java.lang.String, int, java.lang.String, java.lang.String)[pri:0, instance:com.arcapi.testcases.SubmitReviewPOSTAPITest@4c3b55a5]" name="SubmitReviewPOSTAPI" class="com.arcapi.testcases.SubmitReviewPOSTAPITest"/>
        <method signature="CreateAssetPOSTAPITest.CreateAssetPOSTAPI(java.lang.String, java.lang.String, java.lang.String, int)[pri:0, instance:com.arcapi.testcases.CreateAssetPOSTAPITest@773b0c5b]" name="CreateAssetPOSTAPI" class="com.arcapi.testcases.CreateAssetPOSTAPITest"/>
        <method signature="CreditUpdatePUTAPITest.CreditUpdatePUTAPI(java.lang.String, java.lang.String, int, java.lang.String)[pri:0, instance:com.arcapi.testcases.CreditUpdatePUTAPITest@654ab15b]" name="CreditUpdatePUTAPI" class="com.arcapi.testcases.CreditUpdatePUTAPITest"/>
        <method signature="SubmitReviewPOSTAPITest.SubmitReviewPOSTAPI(java.lang.String, java.lang.String, int, java.lang.String, java.lang.String)[pri:0, instance:com.arcapi.testcases.SubmitReviewPOSTAPITest@400fd8b9]" name="SubmitReviewPOSTAPI" class="com.arcapi.testcases.SubmitReviewPOSTAPITest"/>
        <method signature="SubmitReviewPOSTAPITest.SubmitReviewPOSTAPI(java.lang.String, java.lang.String, int, java.lang.String, java.lang.String)[pri:0, instance:com.arcapi.testcases.SubmitReviewPOSTAPITest@360f0ac4]" name="SubmitReviewPOSTAPI" class="com.arcapi.testcases.SubmitReviewPOSTAPITest"/>
        <method signature="SubmitReviewPOSTAPITest.SubmitReviewPOSTAPI(java.lang.String, java.lang.String, int, java.lang.String, java.lang.String)[pri:0, instance:com.arcapi.testcases.SubmitReviewPOSTAPITest@1dae9d0c]" name="SubmitReviewPOSTAPI" class="com.arcapi.testcases.SubmitReviewPOSTAPITest"/>
        <method signature="CreateAssetPOSTAPITest.CreateAssetPOSTAPI(java.lang.String, java.lang.String, java.lang.String, int)[pri:0, instance:com.arcapi.testcases.CreateAssetPOSTAPITest@2ea7ac22]" name="CreateAssetPOSTAPI" class="com.arcapi.testcases.CreateAssetPOSTAPITest"/>
        <method signature="CreditUpdatePUTAPITest.CreditUpdatePUTAPI(java.lang.String, java.lang.String, int, java.lang.String)[pri:0, instance:com.arcapi.testcases.CreditUpdatePUTAPITest@103cd1c]" name="CreditUpdatePUTAPI" class="com.arcapi.testcases.CreditUpdatePUTAPITest"/>
        <method signature="SubmitReviewPOSTAPITest.SubmitReviewPOSTAPI(java.lang.String, java.lang.String, int, java.lang.String, java.lang.String)[pri:0, instance:com.arcapi.testcases.SubmitReviewPOSTAPITest@9cffb5f]" name="SubmitReviewPOSTAPI" class="com.arcapi.testcases.SubmitReviewPOSTAPITest"/>
        <method signature="SubmitReviewPOSTAPITest.SubmitReviewPOSTAPI(java.lang.String, java.lang.String, int, java.lang.String, java.lang.String)[pri:0, instance:com.arcapi.testcases.SubmitReviewPOSTAPITest@4c6c9c37]" name="SubmitReviewPOSTAPI" class="com.arcapi.testcases.SubmitReviewPOSTAPITest"/>
        <method signature="SubmitReviewPOSTAPITest.SubmitReviewPOSTAPI(java.lang.String, java.lang.String, int, java.lang.String, java.lang.String)[pri:0, instance:com.arcapi.testcases.SubmitReviewPOSTAPITest@673a26c2]" name="SubmitReviewPOSTAPI" class="com.arcapi.testcases.SubmitReviewPOSTAPITest"/>
        <method signature="CreateAssetPOSTAPITest.CreateAssetPOSTAPI(java.lang.String, java.lang.String, java.lang.String, int)[pri:0, instance:com.arcapi.testcases.CreateAssetPOSTAPITest@14ad0e9f]" name="CreateAssetPOSTAPI" class="com.arcapi.testcases.CreateAssetPOSTAPITest"/>
        <method signature="CreditUpdatePUTAPITest.CreditUpdatePUTAPI(java.lang.String, java.lang.String, int, java.lang.String)[pri:0, instance:com.arcapi.testcases.CreditUpdatePUTAPITest@66fa8363]" name="CreditUpdatePUTAPI" class="com.arcapi.testcases.CreditUpdatePUTAPITest"/>
        <method signature="SubmitReviewPOSTAPITest.SubmitReviewPOSTAPI(java.lang.String, java.lang.String, int, java.lang.String, java.lang.String)[pri:0, instance:com.arcapi.testcases.SubmitReviewPOSTAPITest@74348aac]" name="SubmitReviewPOSTAPI" class="com.arcapi.testcases.SubmitReviewPOSTAPITest"/>
        <method signature="SubmitReviewPOSTAPITest.SubmitReviewPOSTAPI(java.lang.String, java.lang.String, int, java.lang.String, java.lang.String)[pri:0, instance:com.arcapi.testcases.SubmitReviewPOSTAPITest@4769f2d7]" name="SubmitReviewPOSTAPI" class="com.arcapi.testcases.SubmitReviewPOSTAPITest"/>
        <method signature="SubmitReviewPOSTAPITest.SubmitReviewPOSTAPI(java.lang.String, java.lang.String, int, java.lang.String, java.lang.String)[pri:0, instance:com.arcapi.testcases.SubmitReviewPOSTAPITest@10e7e3ef]" name="SubmitReviewPOSTAPI" class="com.arcapi.testcases.SubmitReviewPOSTAPITest"/>
      </group> <!-- Precertification -->
      <group name="Recertification">
        <method signature="CreateAssetPOSTAPITest.CreateAssetPOSTAPI(java.lang.String, java.lang.String, java.lang.String, int)[pri:0, instance:com.arcapi.testcases.CreateAssetPOSTAPITest@14a1bcd3]" name="CreateAssetPOSTAPI" class="com.arcapi.testcases.CreateAssetPOSTAPITest"/>
        <method signature="CreditUpdatePUTAPITest.CreditUpdatePUTAPI(java.lang.String, java.lang.String, int, java.lang.String)[pri:0, instance:com.arcapi.testcases.CreditUpdatePUTAPITest@7350f798]" name="CreditUpdatePUTAPI" class="com.arcapi.testcases.CreditUpdatePUTAPITest"/>
        <method signature="SubmitReviewPOSTAPITest.SubmitReviewPOSTAPI(java.lang.String, java.lang.String, int, java.lang.String, java.lang.String)[pri:0, instance:com.arcapi.testcases.SubmitReviewPOSTAPITest@6f8ca582]" name="SubmitReviewPOSTAPI" class="com.arcapi.testcases.SubmitReviewPOSTAPITest"/>
        <method signature="SubmitReviewPOSTAPITest.SubmitReviewPOSTAPI(java.lang.String, java.lang.String, int, java.lang.String, java.lang.String)[pri:0, instance:com.arcapi.testcases.SubmitReviewPOSTAPITest@5fc7a9de]" name="SubmitReviewPOSTAPI" class="com.arcapi.testcases.SubmitReviewPOSTAPITest"/>
        <method signature="SubmitReviewPOSTAPITest.SubmitReviewPOSTAPI(java.lang.String, java.lang.String, int, java.lang.String, java.lang.String)[pri:0, instance:com.arcapi.testcases.SubmitReviewPOSTAPITest@4c3b55a5]" name="SubmitReviewPOSTAPI" class="com.arcapi.testcases.SubmitReviewPOSTAPITest"/>
        <method signature="CreateAssetPOSTAPITest.CreateAssetPOSTAPI(java.lang.String, java.lang.String, java.lang.String, int)[pri:0, instance:com.arcapi.testcases.CreateAssetPOSTAPITest@773b0c5b]" name="CreateAssetPOSTAPI" class="com.arcapi.testcases.CreateAssetPOSTAPITest"/>
        <method signature="CreditUpdatePUTAPITest.CreditUpdatePUTAPI(java.lang.String, java.lang.String, int, java.lang.String)[pri:0, instance:com.arcapi.testcases.CreditUpdatePUTAPITest@654ab15b]" name="CreditUpdatePUTAPI" class="com.arcapi.testcases.CreditUpdatePUTAPITest"/>
        <method signature="SubmitReviewPOSTAPITest.SubmitReviewPOSTAPI(java.lang.String, java.lang.String, int, java.lang.String, java.lang.String)[pri:0, instance:com.arcapi.testcases.SubmitReviewPOSTAPITest@400fd8b9]" name="SubmitReviewPOSTAPI" class="com.arcapi.testcases.SubmitReviewPOSTAPITest"/>
        <method signature="SubmitReviewPOSTAPITest.SubmitReviewPOSTAPI(java.lang.String, java.lang.String, int, java.lang.String, java.lang.String)[pri:0, instance:com.arcapi.testcases.SubmitReviewPOSTAPITest@360f0ac4]" name="SubmitReviewPOSTAPI" class="com.arcapi.testcases.SubmitReviewPOSTAPITest"/>
        <method signature="SubmitReviewPOSTAPITest.SubmitReviewPOSTAPI(java.lang.String, java.lang.String, int, java.lang.String, java.lang.String)[pri:0, instance:com.arcapi.testcases.SubmitReviewPOSTAPITest@1dae9d0c]" name="SubmitReviewPOSTAPI" class="com.arcapi.testcases.SubmitReviewPOSTAPITest"/>
        <method signature="CreateAssetPOSTAPITest.CreateAssetPOSTAPI(java.lang.String, java.lang.String, java.lang.String, int)[pri:0, instance:com.arcapi.testcases.CreateAssetPOSTAPITest@2ea7ac22]" name="CreateAssetPOSTAPI" class="com.arcapi.testcases.CreateAssetPOSTAPITest"/>
        <method signature="CreditUpdatePUTAPITest.CreditUpdatePUTAPI(java.lang.String, java.lang.String, int, java.lang.String)[pri:0, instance:com.arcapi.testcases.CreditUpdatePUTAPITest@103cd1c]" name="CreditUpdatePUTAPI" class="com.arcapi.testcases.CreditUpdatePUTAPITest"/>
        <method signature="SubmitReviewPOSTAPITest.SubmitReviewPOSTAPI(java.lang.String, java.lang.String, int, java.lang.String, java.lang.String)[pri:0, instance:com.arcapi.testcases.SubmitReviewPOSTAPITest@9cffb5f]" name="SubmitReviewPOSTAPI" class="com.arcapi.testcases.SubmitReviewPOSTAPITest"/>
        <method signature="SubmitReviewPOSTAPITest.SubmitReviewPOSTAPI(java.lang.String, java.lang.String, int, java.lang.String, java.lang.String)[pri:0, instance:com.arcapi.testcases.SubmitReviewPOSTAPITest@4c6c9c37]" name="SubmitReviewPOSTAPI" class="com.arcapi.testcases.SubmitReviewPOSTAPITest"/>
        <method signature="SubmitReviewPOSTAPITest.SubmitReviewPOSTAPI(java.lang.String, java.lang.String, int, java.lang.String, java.lang.String)[pri:0, instance:com.arcapi.testcases.SubmitReviewPOSTAPITest@673a26c2]" name="SubmitReviewPOSTAPI" class="com.arcapi.testcases.SubmitReviewPOSTAPITest"/>
        <method signature="CreateAssetPOSTAPITest.CreateAssetPOSTAPI(java.lang.String, java.lang.String, java.lang.String, int)[pri:0, instance:com.arcapi.testcases.CreateAssetPOSTAPITest@14ad0e9f]" name="CreateAssetPOSTAPI" class="com.arcapi.testcases.CreateAssetPOSTAPITest"/>
        <method signature="CreditUpdatePUTAPITest.CreditUpdatePUTAPI(java.lang.String, java.lang.String, int, java.lang.String)[pri:0, instance:com.arcapi.testcases.CreditUpdatePUTAPITest@66fa8363]" name="CreditUpdatePUTAPI" class="com.arcapi.testcases.CreditUpdatePUTAPITest"/>
        <method signature="SubmitReviewPOSTAPITest.SubmitReviewPOSTAPI(java.lang.String, java.lang.String, int, java.lang.String, java.lang.String)[pri:0, instance:com.arcapi.testcases.SubmitReviewPOSTAPITest@74348aac]" name="SubmitReviewPOSTAPI" class="com.arcapi.testcases.SubmitReviewPOSTAPITest"/>
        <method signature="SubmitReviewPOSTAPITest.SubmitReviewPOSTAPI(java.lang.String, java.lang.String, int, java.lang.String, java.lang.String)[pri:0, instance:com.arcapi.testcases.SubmitReviewPOSTAPITest@4769f2d7]" name="SubmitReviewPOSTAPI" class="com.arcapi.testcases.SubmitReviewPOSTAPITest"/>
        <method signature="SubmitReviewPOSTAPITest.SubmitReviewPOSTAPI(java.lang.String, java.lang.String, int, java.lang.String, java.lang.String)[pri:0, instance:com.arcapi.testcases.SubmitReviewPOSTAPITest@10e7e3ef]" name="SubmitReviewPOSTAPI" class="com.arcapi.testcases.SubmitReviewPOSTAPITest"/>
      </group> <!-- Recertification -->
      <group name="PerformanceScore">
        <method signature="CreateAssetPOSTAPITest.CreateAssetPOSTAPI(java.lang.String, java.lang.String, java.lang.String, int)[pri:0, instance:com.arcapi.testcases.CreateAssetPOSTAPITest@14a1bcd3]" name="CreateAssetPOSTAPI" class="com.arcapi.testcases.CreateAssetPOSTAPITest"/>
        <method signature="CreditUpdatePUTAPITest.CreditUpdatePUTAPI(java.lang.String, java.lang.String, int, java.lang.String)[pri:0, instance:com.arcapi.testcases.CreditUpdatePUTAPITest@7350f798]" name="CreditUpdatePUTAPI" class="com.arcapi.testcases.CreditUpdatePUTAPITest"/>
        <method signature="SubmitReviewPOSTAPITest.SubmitReviewPOSTAPI(java.lang.String, java.lang.String, int, java.lang.String, java.lang.String)[pri:0, instance:com.arcapi.testcases.SubmitReviewPOSTAPITest@6f8ca582]" name="SubmitReviewPOSTAPI" class="com.arcapi.testcases.SubmitReviewPOSTAPITest"/>
        <method signature="SubmitReviewPOSTAPITest.SubmitReviewPOSTAPI(java.lang.String, java.lang.String, int, java.lang.String, java.lang.String)[pri:0, instance:com.arcapi.testcases.SubmitReviewPOSTAPITest@5fc7a9de]" name="SubmitReviewPOSTAPI" class="com.arcapi.testcases.SubmitReviewPOSTAPITest"/>
        <method signature="SubmitReviewPOSTAPITest.SubmitReviewPOSTAPI(java.lang.String, java.lang.String, int, java.lang.String, java.lang.String)[pri:0, instance:com.arcapi.testcases.SubmitReviewPOSTAPITest@4c3b55a5]" name="SubmitReviewPOSTAPI" class="com.arcapi.testcases.SubmitReviewPOSTAPITest"/>
        <method signature="CreateAssetPOSTAPITest.CreateAssetPOSTAPI(java.lang.String, java.lang.String, java.lang.String, int)[pri:0, instance:com.arcapi.testcases.CreateAssetPOSTAPITest@773b0c5b]" name="CreateAssetPOSTAPI" class="com.arcapi.testcases.CreateAssetPOSTAPITest"/>
        <method signature="CreditUpdatePUTAPITest.CreditUpdatePUTAPI(java.lang.String, java.lang.String, int, java.lang.String)[pri:0, instance:com.arcapi.testcases.CreditUpdatePUTAPITest@654ab15b]" name="CreditUpdatePUTAPI" class="com.arcapi.testcases.CreditUpdatePUTAPITest"/>
        <method signature="SubmitReviewPOSTAPITest.SubmitReviewPOSTAPI(java.lang.String, java.lang.String, int, java.lang.String, java.lang.String)[pri:0, instance:com.arcapi.testcases.SubmitReviewPOSTAPITest@400fd8b9]" name="SubmitReviewPOSTAPI" class="com.arcapi.testcases.SubmitReviewPOSTAPITest"/>
        <method signature="SubmitReviewPOSTAPITest.SubmitReviewPOSTAPI(java.lang.String, java.lang.String, int, java.lang.String, java.lang.String)[pri:0, instance:com.arcapi.testcases.SubmitReviewPOSTAPITest@360f0ac4]" name="SubmitReviewPOSTAPI" class="com.arcapi.testcases.SubmitReviewPOSTAPITest"/>
        <method signature="SubmitReviewPOSTAPITest.SubmitReviewPOSTAPI(java.lang.String, java.lang.String, int, java.lang.String, java.lang.String)[pri:0, instance:com.arcapi.testcases.SubmitReviewPOSTAPITest@1dae9d0c]" name="SubmitReviewPOSTAPI" class="com.arcapi.testcases.SubmitReviewPOSTAPITest"/>
        <method signature="CreateAssetPOSTAPITest.CreateAssetPOSTAPI(java.lang.String, java.lang.String, java.lang.String, int)[pri:0, instance:com.arcapi.testcases.CreateAssetPOSTAPITest@2ea7ac22]" name="CreateAssetPOSTAPI" class="com.arcapi.testcases.CreateAssetPOSTAPITest"/>
        <method signature="CreditUpdatePUTAPITest.CreditUpdatePUTAPI(java.lang.String, java.lang.String, int, java.lang.String)[pri:0, instance:com.arcapi.testcases.CreditUpdatePUTAPITest@103cd1c]" name="CreditUpdatePUTAPI" class="com.arcapi.testcases.CreditUpdatePUTAPITest"/>
        <method signature="SubmitReviewPOSTAPITest.SubmitReviewPOSTAPI(java.lang.String, java.lang.String, int, java.lang.String, java.lang.String)[pri:0, instance:com.arcapi.testcases.SubmitReviewPOSTAPITest@9cffb5f]" name="SubmitReviewPOSTAPI" class="com.arcapi.testcases.SubmitReviewPOSTAPITest"/>
        <method signature="SubmitReviewPOSTAPITest.SubmitReviewPOSTAPI(java.lang.String, java.lang.String, int, java.lang.String, java.lang.String)[pri:0, instance:com.arcapi.testcases.SubmitReviewPOSTAPITest@4c6c9c37]" name="SubmitReviewPOSTAPI" class="com.arcapi.testcases.SubmitReviewPOSTAPITest"/>
        <method signature="SubmitReviewPOSTAPITest.SubmitReviewPOSTAPI(java.lang.String, java.lang.String, int, java.lang.String, java.lang.String)[pri:0, instance:com.arcapi.testcases.SubmitReviewPOSTAPITest@673a26c2]" name="SubmitReviewPOSTAPI" class="com.arcapi.testcases.SubmitReviewPOSTAPITest"/>
        <method signature="CreateAssetPOSTAPITest.CreateAssetPOSTAPI(java.lang.String, java.lang.String, java.lang.String, int)[pri:0, instance:com.arcapi.testcases.CreateAssetPOSTAPITest@14ad0e9f]" name="CreateAssetPOSTAPI" class="com.arcapi.testcases.CreateAssetPOSTAPITest"/>
        <method signature="CreditUpdatePUTAPITest.CreditUpdatePUTAPI(java.lang.String, java.lang.String, int, java.lang.String)[pri:0, instance:com.arcapi.testcases.CreditUpdatePUTAPITest@66fa8363]" name="CreditUpdatePUTAPI" class="com.arcapi.testcases.CreditUpdatePUTAPITest"/>
        <method signature="SubmitReviewPOSTAPITest.SubmitReviewPOSTAPI(java.lang.String, java.lang.String, int, java.lang.String, java.lang.String)[pri:0, instance:com.arcapi.testcases.SubmitReviewPOSTAPITest@74348aac]" name="SubmitReviewPOSTAPI" class="com.arcapi.testcases.SubmitReviewPOSTAPITest"/>
        <method signature="SubmitReviewPOSTAPITest.SubmitReviewPOSTAPI(java.lang.String, java.lang.String, int, java.lang.String, java.lang.String)[pri:0, instance:com.arcapi.testcases.SubmitReviewPOSTAPITest@4769f2d7]" name="SubmitReviewPOSTAPI" class="com.arcapi.testcases.SubmitReviewPOSTAPITest"/>
        <method signature="SubmitReviewPOSTAPITest.SubmitReviewPOSTAPI(java.lang.String, java.lang.String, int, java.lang.String, java.lang.String)[pri:0, instance:com.arcapi.testcases.SubmitReviewPOSTAPITest@10e7e3ef]" name="SubmitReviewPOSTAPI" class="com.arcapi.testcases.SubmitReviewPOSTAPITest"/>
      </group> <!-- PerformanceScore -->
      <group name="Certification">
        <method signature="CreateAssetPOSTAPITest.CreateAssetPOSTAPI(java.lang.String, java.lang.String, java.lang.String, int)[pri:0, instance:com.arcapi.testcases.CreateAssetPOSTAPITest@14a1bcd3]" name="CreateAssetPOSTAPI" class="com.arcapi.testcases.CreateAssetPOSTAPITest"/>
        <method signature="CreditUpdatePUTAPITest.CreditUpdatePUTAPI(java.lang.String, java.lang.String, int, java.lang.String)[pri:0, instance:com.arcapi.testcases.CreditUpdatePUTAPITest@7350f798]" name="CreditUpdatePUTAPI" class="com.arcapi.testcases.CreditUpdatePUTAPITest"/>
        <method signature="SubmitReviewPOSTAPITest.SubmitReviewPOSTAPI(java.lang.String, java.lang.String, int, java.lang.String, java.lang.String)[pri:0, instance:com.arcapi.testcases.SubmitReviewPOSTAPITest@6f8ca582]" name="SubmitReviewPOSTAPI" class="com.arcapi.testcases.SubmitReviewPOSTAPITest"/>
        <method signature="SubmitReviewPOSTAPITest.SubmitReviewPOSTAPI(java.lang.String, java.lang.String, int, java.lang.String, java.lang.String)[pri:0, instance:com.arcapi.testcases.SubmitReviewPOSTAPITest@5fc7a9de]" name="SubmitReviewPOSTAPI" class="com.arcapi.testcases.SubmitReviewPOSTAPITest"/>
        <method signature="SubmitReviewPOSTAPITest.SubmitReviewPOSTAPI(java.lang.String, java.lang.String, int, java.lang.String, java.lang.String)[pri:0, instance:com.arcapi.testcases.SubmitReviewPOSTAPITest@4c3b55a5]" name="SubmitReviewPOSTAPI" class="com.arcapi.testcases.SubmitReviewPOSTAPITest"/>
        <method signature="CreateAssetPOSTAPITest.CreateAssetPOSTAPI(java.lang.String, java.lang.String, java.lang.String, int)[pri:0, instance:com.arcapi.testcases.CreateAssetPOSTAPITest@773b0c5b]" name="CreateAssetPOSTAPI" class="com.arcapi.testcases.CreateAssetPOSTAPITest"/>
        <method signature="CreditUpdatePUTAPITest.CreditUpdatePUTAPI(java.lang.String, java.lang.String, int, java.lang.String)[pri:0, instance:com.arcapi.testcases.CreditUpdatePUTAPITest@654ab15b]" name="CreditUpdatePUTAPI" class="com.arcapi.testcases.CreditUpdatePUTAPITest"/>
        <method signature="SubmitReviewPOSTAPITest.SubmitReviewPOSTAPI(java.lang.String, java.lang.String, int, java.lang.String, java.lang.String)[pri:0, instance:com.arcapi.testcases.SubmitReviewPOSTAPITest@400fd8b9]" name="SubmitReviewPOSTAPI" class="com.arcapi.testcases.SubmitReviewPOSTAPITest"/>
        <method signature="SubmitReviewPOSTAPITest.SubmitReviewPOSTAPI(java.lang.String, java.lang.String, int, java.lang.String, java.lang.String)[pri:0, instance:com.arcapi.testcases.SubmitReviewPOSTAPITest@360f0ac4]" name="SubmitReviewPOSTAPI" class="com.arcapi.testcases.SubmitReviewPOSTAPITest"/>
        <method signature="SubmitReviewPOSTAPITest.SubmitReviewPOSTAPI(java.lang.String, java.lang.String, int, java.lang.String, java.lang.String)[pri:0, instance:com.arcapi.testcases.SubmitReviewPOSTAPITest@1dae9d0c]" name="SubmitReviewPOSTAPI" class="com.arcapi.testcases.SubmitReviewPOSTAPITest"/>
        <method signature="CreateAssetPOSTAPITest.CreateAssetPOSTAPI(java.lang.String, java.lang.String, java.lang.String, int)[pri:0, instance:com.arcapi.testcases.CreateAssetPOSTAPITest@2ea7ac22]" name="CreateAssetPOSTAPI" class="com.arcapi.testcases.CreateAssetPOSTAPITest"/>
        <method signature="CreditUpdatePUTAPITest.CreditUpdatePUTAPI(java.lang.String, java.lang.String, int, java.lang.String)[pri:0, instance:com.arcapi.testcases.CreditUpdatePUTAPITest@103cd1c]" name="CreditUpdatePUTAPI" class="com.arcapi.testcases.CreditUpdatePUTAPITest"/>
        <method signature="SubmitReviewPOSTAPITest.SubmitReviewPOSTAPI(java.lang.String, java.lang.String, int, java.lang.String, java.lang.String)[pri:0, instance:com.arcapi.testcases.SubmitReviewPOSTAPITest@9cffb5f]" name="SubmitReviewPOSTAPI" class="com.arcapi.testcases.SubmitReviewPOSTAPITest"/>
        <method signature="SubmitReviewPOSTAPITest.SubmitReviewPOSTAPI(java.lang.String, java.lang.String, int, java.lang.String, java.lang.String)[pri:0, instance:com.arcapi.testcases.SubmitReviewPOSTAPITest@4c6c9c37]" name="SubmitReviewPOSTAPI" class="com.arcapi.testcases.SubmitReviewPOSTAPITest"/>
        <method signature="SubmitReviewPOSTAPITest.SubmitReviewPOSTAPI(java.lang.String, java.lang.String, int, java.lang.String, java.lang.String)[pri:0, instance:com.arcapi.testcases.SubmitReviewPOSTAPITest@673a26c2]" name="SubmitReviewPOSTAPI" class="com.arcapi.testcases.SubmitReviewPOSTAPITest"/>
        <method signature="CreateAssetPOSTAPITest.CreateAssetPOSTAPI(java.lang.String, java.lang.String, java.lang.String, int)[pri:0, instance:com.arcapi.testcases.CreateAssetPOSTAPITest@14ad0e9f]" name="CreateAssetPOSTAPI" class="com.arcapi.testcases.CreateAssetPOSTAPITest"/>
        <method signature="CreditUpdatePUTAPITest.CreditUpdatePUTAPI(java.lang.String, java.lang.String, int, java.lang.String)[pri:0, instance:com.arcapi.testcases.CreditUpdatePUTAPITest@66fa8363]" name="CreditUpdatePUTAPI" class="com.arcapi.testcases.CreditUpdatePUTAPITest"/>
        <method signature="SubmitReviewPOSTAPITest.SubmitReviewPOSTAPI(java.lang.String, java.lang.String, int, java.lang.String, java.lang.String)[pri:0, instance:com.arcapi.testcases.SubmitReviewPOSTAPITest@74348aac]" name="SubmitReviewPOSTAPI" class="com.arcapi.testcases.SubmitReviewPOSTAPITest"/>
        <method signature="SubmitReviewPOSTAPITest.SubmitReviewPOSTAPI(java.lang.String, java.lang.String, int, java.lang.String, java.lang.String)[pri:0, instance:com.arcapi.testcases.SubmitReviewPOSTAPITest@4769f2d7]" name="SubmitReviewPOSTAPI" class="com.arcapi.testcases.SubmitReviewPOSTAPITest"/>
        <method signature="SubmitReviewPOSTAPITest.SubmitReviewPOSTAPI(java.lang.String, java.lang.String, int, java.lang.String, java.lang.String)[pri:0, instance:com.arcapi.testcases.SubmitReviewPOSTAPITest@10e7e3ef]" name="SubmitReviewPOSTAPI" class="com.arcapi.testcases.SubmitReviewPOSTAPITest"/>
      </group> <!-- Certification -->
    </groups>
    <test name="CompleteFlowTest-Building" duration-ms="1188" started-at="2017-12-12T06:23:12Z" finished-at="2017-12-12T06:23:13Z">
      <class name="com.arcapi.testcases.TeamRoleListOptionAPITest">
        <test-method status="SKIP" signature="setBaseUri()[pri:0, instance:com.arcapi.testcases.TeamRoleListOptionAPITest@1d6f81ed]" name="setBaseUri" is-config="true" duration-ms="0" started-at="2017-12-12T11:53:13Z" finished-at="2017-12-12T11:53:13Z">
          <reporter-output>
          </reporter-output>
        </test-method> <!-- setBaseUri -->
        <test-method status="SKIP" signature="teardown(org.testng.ITestResult)[pri:0, instance:com.arcapi.testcases.TeamRoleListOptionAPITest@1d6f81ed]" name="teardown" is-config="true" duration-ms="0" started-at="2017-12-12T11:53:13Z" finished-at="2017-12-12T11:53:13Z">
          <reporter-output>
          </reporter-output>
        </test-method> <!-- teardown -->
        <test-method status="SKIP" signature="end()[pri:0, instance:com.arcapi.testcases.TeamRoleListOptionAPITest@1d6f81ed]" name="end" is-config="true" duration-ms="0" started-at="2017-12-12T11:53:13Z" finished-at="2017-12-12T11:53:13Z">
          <reporter-output>
          </reporter-output>
        </test-method> <!-- end -->
      </class> <!-- com.arcapi.testcases.TeamRoleListOptionAPITest -->
      <class name="com.arcapi.testcases.PortfoliosDetailsGetAPITest">
        <test-method status="SKIP" signature="setBaseUri()[pri:0, instance:com.arcapi.testcases.PortfoliosDetailsGetAPITest@594f8a87]" name="setBaseUri" is-config="true" duration-ms="0" started-at="2017-12-12T11:53:13Z" finished-at="2017-12-12T11:53:13Z">
          <reporter-output>
          </reporter-output>
        </test-method> <!-- setBaseUri -->
        <test-method status="SKIP" signature="teardown(org.testng.ITestResult)[pri:0, instance:com.arcapi.testcases.PortfoliosDetailsGetAPITest@594f8a87]" name="teardown" is-config="true" duration-ms="0" started-at="2017-12-12T11:53:13Z" finished-at="2017-12-12T11:53:13Z">
          <reporter-output>
          </reporter-output>
        </test-method> <!-- teardown -->
        <test-method status="SKIP" signature="end()[pri:0, instance:com.arcapi.testcases.PortfoliosDetailsGetAPITest@594f8a87]" name="end" is-config="true" duration-ms="0" started-at="2017-12-12T11:53:13Z" finished-at="2017-12-12T11:53:13Z">
          <reporter-output>
          </reporter-output>
        </test-method> <!-- end -->
      </class> <!-- com.arcapi.testcases.PortfoliosDetailsGetAPITest -->
      <class name="com.arcapi.testcases.PortfoliosTeamsPostAPITest">
        <test-method status="SKIP" signature="setBaseUri()[pri:0, instance:com.arcapi.testcases.PortfoliosTeamsPostAPITest@18d35e27]" name="setBaseUri" is-config="true" duration-ms="0" started-at="2017-12-12T11:53:13Z" finished-at="2017-12-12T11:53:13Z">
          <reporter-output>
          </reporter-output>
        </test-method> <!-- setBaseUri -->
        <test-method status="SKIP" signature="teardown(org.testng.ITestResult)[pri:0, instance:com.arcapi.testcases.PortfoliosTeamsPostAPITest@18d35e27]" name="teardown" is-config="true" duration-ms="0" started-at="2017-12-12T11:53:13Z" finished-at="2017-12-12T11:53:13Z">
          <reporter-output>
          </reporter-output>
        </test-method> <!-- teardown -->
        <test-method status="SKIP" signature="end()[pri:0, instance:com.arcapi.testcases.PortfoliosTeamsPostAPITest@18d35e27]" name="end" is-config="true" duration-ms="0" started-at="2017-12-12T11:53:13Z" finished-at="2017-12-12T11:53:13Z">
          <reporter-output>
          </reporter-output>
        </test-method> <!-- end -->
      </class> <!-- com.arcapi.testcases.PortfoliosTeamsPostAPITest -->
      <class name="com.arcapi.testcases.SignAgreemenReviewAPITest">
        <test-method status="SKIP" signature="setBaseUri()[pri:0, instance:com.arcapi.testcases.SignAgreemenReviewAPITest@7ac65660]" name="setBaseUri" is-config="true" duration-ms="0" started-at="2017-12-12T11:53:13Z" finished-at="2017-12-12T11:53:13Z">
          <reporter-output>
          </reporter-output>
        </test-method> <!-- setBaseUri -->
        <test-method status="SKIP" signature="teardown(org.testng.ITestResult)[pri:0, instance:com.arcapi.testcases.SignAgreemenReviewAPITest@7ac65660]" name="teardown" is-config="true" duration-ms="0" started-at="2017-12-12T11:53:13Z" finished-at="2017-12-12T11:53:13Z">
          <reporter-output>
          </reporter-output>
        </test-method> <!-- teardown -->
        <test-method status="SKIP" signature="end()[pri:0, instance:com.arcapi.testcases.SignAgreemenReviewAPITest@7ac65660]" name="end" is-config="true" duration-ms="0" started-at="2017-12-12T11:53:13Z" finished-at="2017-12-12T11:53:13Z">
          <reporter-output>
          </reporter-output>
        </test-method> <!-- end -->
      </class> <!-- com.arcapi.testcases.SignAgreemenReviewAPITest -->
      <class name="com.arcapi.testcases.UserDetailsSAPGetTest">
        <test-method status="SKIP" signature="setBaseUri()[pri:0, instance:com.arcapi.testcases.UserDetailsSAPGetTest@12c03f7e]" name="setBaseUri" is-config="true" duration-ms="0" started-at="2017-12-12T11:53:13Z" finished-at="2017-12-12T11:53:13Z">
          <reporter-output>
          </reporter-output>
        </test-method> <!-- setBaseUri -->
        <test-method status="SKIP" signature="teardown(org.testng.ITestResult)[pri:0, instance:com.arcapi.testcases.UserDetailsSAPGetTest@12c03f7e]" name="teardown" is-config="true" duration-ms="0" started-at="2017-12-12T11:53:13Z" finished-at="2017-12-12T11:53:13Z">
          <reporter-output>
          </reporter-output>
        </test-method> <!-- teardown -->
        <test-method status="SKIP" signature="end()[pri:0, instance:com.arcapi.testcases.UserDetailsSAPGetTest@12c03f7e]" name="end" is-config="true" duration-ms="0" started-at="2017-12-12T11:53:13Z" finished-at="2017-12-12T11:53:13Z">
          <reporter-output>
          </reporter-output>
        </test-method> <!-- end -->
      </class> <!-- com.arcapi.testcases.UserDetailsSAPGetTest -->
      <class name="com.arcapi.testcases.AssetDocumentAPITest">
        <test-method status="SKIP" signature="setBaseUri()[pri:0, instance:com.arcapi.testcases.AssetDocumentAPITest@7151704c]" name="setBaseUri" is-config="true" duration-ms="0" started-at="2017-12-12T11:53:12Z" finished-at="2017-12-12T11:53:12Z">
          <reporter-output>
          </reporter-output>
        </test-method> <!-- setBaseUri -->
        <test-method status="SKIP" signature="end()[pri:0, instance:com.arcapi.testcases.AssetDocumentAPITest@7151704c]" name="end" is-config="true" duration-ms="0" started-at="2017-12-12T11:53:12Z" finished-at="2017-12-12T11:53:12Z">
          <reporter-output>
          </reporter-output>
        </test-method> <!-- end -->
      </class> <!-- com.arcapi.testcases.AssetDocumentAPITest -->
      <class name="com.arcapi.testcases.ExcelUploadTemplatePOSTAPITest">
        <test-method status="SKIP" signature="setBaseUri()[pri:0, instance:com.arcapi.testcases.ExcelUploadTemplatePOSTAPITest@3f9b12fb]" name="setBaseUri" is-config="true" duration-ms="0" started-at="2017-12-12T11:53:12Z" finished-at="2017-12-12T11:53:12Z">
          <reporter-output>
          </reporter-output>
        </test-method> <!-- setBaseUri -->
        <test-method status="SKIP" signature="teardown(org.testng.ITestResult)[pri:0, instance:com.arcapi.testcases.ExcelUploadTemplatePOSTAPITest@3f9b12fb]" name="teardown" is-config="true" duration-ms="0" started-at="2017-12-12T11:53:12Z" finished-at="2017-12-12T11:53:12Z">
          <reporter-output>
          </reporter-output>
        </test-method> <!-- teardown -->
        <test-method status="SKIP" signature="end()[pri:0, instance:com.arcapi.testcases.ExcelUploadTemplatePOSTAPITest@3f9b12fb]" name="end" is-config="true" duration-ms="0" started-at="2017-12-12T11:53:12Z" finished-at="2017-12-12T11:53:12Z">
          <reporter-output>
          </reporter-output>
        </test-method> <!-- end -->
      </class> <!-- com.arcapi.testcases.ExcelUploadTemplatePOSTAPITest -->
      <class name="com.arcapi.testcases.NotificationDeleteAPITest">
        <test-method status="SKIP" signature="setBaseUri()[pri:0, instance:com.arcapi.testcases.NotificationDeleteAPITest@3b59a690]" name="setBaseUri" is-config="true" duration-ms="0" started-at="2017-12-12T11:53:13Z" finished-at="2017-12-12T11:53:13Z">
          <reporter-output>
          </reporter-output>
        </test-method> <!-- setBaseUri -->
        <test-method status="SKIP" signature="teardown(org.testng.ITestResult)[pri:0, instance:com.arcapi.testcases.NotificationDeleteAPITest@3b59a690]" name="teardown" is-config="true" duration-ms="0" started-at="2017-12-12T11:53:13Z" finished-at="2017-12-12T11:53:13Z">
          <reporter-output>
          </reporter-output>
        </test-method> <!-- teardown -->
        <test-method status="SKIP" signature="end()[pri:0, instance:com.arcapi.testcases.NotificationDeleteAPITest@3b59a690]" name="end" is-config="true" duration-ms="0" started-at="2017-12-12T11:53:13Z" finished-at="2017-12-12T11:53:13Z">
          <reporter-output>
          </reporter-output>
        </test-method> <!-- end -->
      </class> <!-- com.arcapi.testcases.NotificationDeleteAPITest -->
      <class name="com.arcapi.testcases.AssetTeamMemberAddPOSTAPITest">
        <test-method status="SKIP" signature="setBaseUri()[pri:0, instance:com.arcapi.testcases.AssetTeamMemberAddPOSTAPITest@3a552b48]" name="setBaseUri" is-config="true" duration-ms="0" started-at="2017-12-12T11:53:12Z" finished-at="2017-12-12T11:53:12Z">
          <reporter-output>
          </reporter-output>
        </test-method> <!-- setBaseUri -->
        <test-method status="SKIP" signature="end()[pri:0, instance:com.arcapi.testcases.AssetTeamMemberAddPOSTAPITest@3a552b48]" name="end" is-config="true" duration-ms="0" started-at="2017-12-12T11:53:12Z" finished-at="2017-12-12T11:53:12Z">
          <reporter-output>
          </reporter-output>
        </test-method> <!-- end -->
      </class> <!-- com.arcapi.testcases.AssetTeamMemberAddPOSTAPITest -->
      <class name="com.arcapi.testcases.AssetPerformanceScoreListAPITest">
        <test-method status="SKIP" signature="setBaseUri()[pri:0, instance:com.arcapi.testcases.AssetPerformanceScoreListAPITest@4f8bc5eb]" name="setBaseUri" is-config="true" duration-ms="0" started-at="2017-12-12T11:53:12Z" finished-at="2017-12-12T11:53:12Z">
          <reporter-output>
          </reporter-output>
        </test-method> <!-- setBaseUri -->
        <test-method status="SKIP" signature="teardown(org.testng.ITestResult)[pri:0, instance:com.arcapi.testcases.AssetPerformanceScoreListAPITest@4f8bc5eb]" name="teardown" is-config="true" duration-ms="0" started-at="2017-12-12T11:53:12Z" finished-at="2017-12-12T11:53:12Z">
          <reporter-output>
          </reporter-output>
        </test-method> <!-- teardown -->
        <test-method status="SKIP" signature="end()[pri:0, instance:com.arcapi.testcases.AssetPerformanceScoreListAPITest@4f8bc5eb]" name="end" is-config="true" duration-ms="0" started-at="2017-12-12T11:53:12Z" finished-at="2017-12-12T11:53:12Z">
          <reporter-output>
          </reporter-output>
        </test-method> <!-- end -->
      </class> <!-- com.arcapi.testcases.AssetPerformanceScoreListAPITest -->
      <class name="com.arcapi.testcases.PortfoliosGetAPITest">
        <test-method status="SKIP" signature="setBaseUri()[pri:0, instance:com.arcapi.testcases.PortfoliosGetAPITest@96b2515]" name="setBaseUri" is-config="true" duration-ms="0" started-at="2017-12-12T11:53:13Z" finished-at="2017-12-12T11:53:13Z">
          <reporter-output>
          </reporter-output>
        </test-method> <!-- setBaseUri -->
        <test-method status="SKIP" signature="teardown(org.testng.ITestResult)[pri:0, instance:com.arcapi.testcases.PortfoliosGetAPITest@96b2515]" name="teardown" is-config="true" duration-ms="0" started-at="2017-12-12T11:53:13Z" finished-at="2017-12-12T11:53:13Z">
          <reporter-output>
          </reporter-output>
        </test-method> <!-- teardown -->
        <test-method status="SKIP" signature="end()[pri:0, instance:com.arcapi.testcases.PortfoliosGetAPITest@96b2515]" name="end" is-config="true" duration-ms="0" started-at="2017-12-12T11:53:13Z" finished-at="2017-12-12T11:53:13Z">
          <reporter-output>
          </reporter-output>
        </test-method> <!-- end -->
      </class> <!-- com.arcapi.testcases.PortfoliosGetAPITest -->
      <class name="com.arcapi.testcases.AssetMeterDetailAPITest">
        <test-method status="SKIP" signature="setBaseUri()[pri:0, instance:com.arcapi.testcases.AssetMeterDetailAPITest@331fe63b]" name="setBaseUri" is-config="true" duration-ms="0" started-at="2017-12-12T11:53:13Z" finished-at="2017-12-12T11:53:13Z">
          <reporter-output>
          </reporter-output>
        </test-method> <!-- setBaseUri -->
        <test-method status="SKIP" signature="teardown(org.testng.ITestResult)[pri:0, instance:com.arcapi.testcases.AssetMeterDetailAPITest@331fe63b]" name="teardown" is-config="true" duration-ms="0" started-at="2017-12-12T11:53:13Z" finished-at="2017-12-12T11:53:13Z">
          <reporter-output>
          </reporter-output>
        </test-method> <!-- teardown -->
        <test-method status="SKIP" signature="end()[pri:0, instance:com.arcapi.testcases.AssetMeterDetailAPITest@331fe63b]" name="end" is-config="true" duration-ms="0" started-at="2017-12-12T11:53:13Z" finished-at="2017-12-12T11:53:13Z">
          <reporter-output>
          </reporter-output>
        </test-method> <!-- end -->
      </class> <!-- com.arcapi.testcases.AssetMeterDetailAPITest -->
      <class name="com.arcapi.testcases.DownloadDocumentsAPITest">
        <test-method status="SKIP" signature="setBaseUri()[pri:0, instance:com.arcapi.testcases.DownloadDocumentsAPITest@48f111fa]" name="setBaseUri" is-config="true" duration-ms="0" started-at="2017-12-12T11:53:12Z" finished-at="2017-12-12T11:53:12Z">
          <reporter-output>
          </reporter-output>
        </test-method> <!-- setBaseUri -->
        <test-method status="SKIP" signature="teardown(org.testng.ITestResult)[pri:0, instance:com.arcapi.testcases.DownloadDocumentsAPITest@48f111fa]" name="teardown" is-config="true" duration-ms="0" started-at="2017-12-12T11:53:12Z" finished-at="2017-12-12T11:53:12Z">
          <reporter-output>
          </reporter-output>
        </test-method> <!-- teardown -->
        <test-method status="SKIP" signature="end()[pri:0, instance:com.arcapi.testcases.DownloadDocumentsAPITest@48f111fa]" name="end" is-config="true" duration-ms="0" started-at="2017-12-12T11:53:12Z" finished-at="2017-12-12T11:53:12Z">
          <reporter-output>
          </reporter-output>
        </test-method> <!-- end -->
      </class> <!-- com.arcapi.testcases.DownloadDocumentsAPITest -->
      <class name="com.arcapi.testcases.RegistrationPaymentPricingGetAPITest">
        <test-method status="SKIP" signature="setBaseUri()[pri:0, instance:com.arcapi.testcases.RegistrationPaymentPricingGetAPITest@1c235025]" name="setBaseUri" is-config="true" duration-ms="0" started-at="2017-12-12T11:53:12Z" finished-at="2017-12-12T11:53:12Z">
          <reporter-output>
          </reporter-output>
        </test-method> <!-- setBaseUri -->
        <test-method status="SKIP" signature="teardown(org.testng.ITestResult)[pri:0, instance:com.arcapi.testcases.RegistrationPaymentPricingGetAPITest@1c235025]" name="teardown" is-config="true" duration-ms="0" started-at="2017-12-12T11:53:12Z" finished-at="2017-12-12T11:53:12Z">
          <reporter-output>
          </reporter-output>
        </test-method> <!-- teardown -->
        <test-method status="SKIP" signature="end()[pri:0, instance:com.arcapi.testcases.RegistrationPaymentPricingGetAPITest@1c235025]" name="end" is-config="true" duration-ms="0" started-at="2017-12-12T11:53:12Z" finished-at="2017-12-12T11:53:12Z">
          <reporter-output>
          </reporter-output>
        </test-method> <!-- end -->
      </class> <!-- com.arcapi.testcases.RegistrationPaymentPricingGetAPITest -->
      <class name="com.arcapi.testcases.SubmitReviewPOSTAPITest">
        <test-method status="SKIP" signature="setBaseUri()[pri:0, instance:com.arcapi.testcases.SubmitReviewPOSTAPITest@6f8ca582]" name="setBaseUri" is-config="true" duration-ms="0" started-at="2017-12-12T11:53:13Z" finished-at="2017-12-12T11:53:13Z">
          <reporter-output>
          </reporter-output>
        </test-method> <!-- setBaseUri -->
        <test-method status="SKIP" signature="end()[pri:0, instance:com.arcapi.testcases.SubmitReviewPOSTAPITest@6f8ca582]" name="end" is-config="true" duration-ms="0" started-at="2017-12-12T11:53:13Z" finished-at="2017-12-12T11:53:13Z">
          <reporter-output>
          </reporter-output>
        </test-method> <!-- end -->
      </class> <!-- com.arcapi.testcases.SubmitReviewPOSTAPITest -->
      <class name="com.arcapi.testcases.AvgPerformaceListGetTest">
        <test-method status="SKIP" signature="setBaseUri()[pri:0, instance:com.arcapi.testcases.AvgPerformaceListGetTest@8fc095]" name="setBaseUri" is-config="true" duration-ms="0" started-at="2017-12-12T11:53:13Z" finished-at="2017-12-12T11:53:13Z">
          <reporter-output>
          </reporter-output>
        </test-method> <!-- setBaseUri -->
        <test-method status="SKIP" signature="teardown(org.testng.ITestResult)[pri:0, instance:com.arcapi.testcases.AvgPerformaceListGetTest@8fc095]" name="teardown" is-config="true" duration-ms="0" started-at="2017-12-12T11:53:13Z" finished-at="2017-12-12T11:53:13Z">
          <reporter-output>
          </reporter-output>
        </test-method> <!-- teardown -->
        <test-method status="SKIP" signature="end()[pri:0, instance:com.arcapi.testcases.AvgPerformaceListGetTest@8fc095]" name="end" is-config="true" duration-ms="0" started-at="2017-12-12T11:53:13Z" finished-at="2017-12-12T11:53:13Z">
          <reporter-output>
          </reporter-output>
        </test-method> <!-- end -->
      </class> <!-- com.arcapi.testcases.AvgPerformaceListGetTest -->
      <class name="com.arcapi.testcases.FuelCategoryAPITest">
        <test-method status="SKIP" signature="setBaseUri()[pri:0, instance:com.arcapi.testcases.FuelCategoryAPITest@19799338]" name="setBaseUri" is-config="true" duration-ms="0" started-at="2017-12-12T11:53:12Z" finished-at="2017-12-12T11:53:12Z">
          <reporter-output>
          </reporter-output>
        </test-method> <!-- setBaseUri -->
        <test-method status="SKIP" signature="teardown(org.testng.ITestResult)[pri:0, instance:com.arcapi.testcases.FuelCategoryAPITest@19799338]" name="teardown" is-config="true" duration-ms="0" started-at="2017-12-12T11:53:12Z" finished-at="2017-12-12T11:53:12Z">
          <reporter-output>
          </reporter-output>
        </test-method> <!-- teardown -->
        <test-method status="SKIP" signature="end()[pri:0, instance:com.arcapi.testcases.FuelCategoryAPITest@19799338]" name="end" is-config="true" duration-ms="0" started-at="2017-12-12T11:53:12Z" finished-at="2017-12-12T11:53:12Z">
          <reporter-output>
          </reporter-output>
        </test-method> <!-- end -->
      </class> <!-- com.arcapi.testcases.FuelCategoryAPITest -->
      <class name="com.arcapi.testcases.AssetAppaddPOSTAPITest">
        <test-method status="SKIP" signature="setBaseUri()[pri:0, instance:com.arcapi.testcases.AssetAppaddPOSTAPITest@444c05c1]" name="setBaseUri" is-config="true" duration-ms="0" started-at="2017-12-12T11:53:12Z" finished-at="2017-12-12T11:53:12Z">
          <reporter-output>
          </reporter-output>
        </test-method> <!-- setBaseUri -->
        <test-method status="SKIP" signature="teardown(org.testng.ITestResult)[pri:0, instance:com.arcapi.testcases.AssetAppaddPOSTAPITest@444c05c1]" name="teardown" is-config="true" duration-ms="0" started-at="2017-12-12T11:53:12Z" finished-at="2017-12-12T11:53:12Z">
          <reporter-output>
          </reporter-output>
        </test-method> <!-- teardown -->
        <test-method status="SKIP" signature="end()[pri:0, instance:com.arcapi.testcases.AssetAppaddPOSTAPITest@444c05c1]" name="end" is-config="true" duration-ms="0" started-at="2017-12-12T11:53:12Z" finished-at="2017-12-12T11:53:12Z">
          <reporter-output>
          </reporter-output>
        </test-method> <!-- end -->
      </class> <!-- com.arcapi.testcases.AssetAppaddPOSTAPITest -->
      <class name="com.arcapi.testcases.GhgCalcGetTest">
        <test-method status="SKIP" signature="setBaseUri()[pri:0, instance:com.arcapi.testcases.GhgCalcGetTest@6596f6ef]" name="setBaseUri" is-config="true" duration-ms="0" started-at="2017-12-12T11:53:13Z" finished-at="2017-12-12T11:53:13Z">
          <reporter-output>
          </reporter-output>
        </test-method> <!-- setBaseUri -->
        <test-method status="SKIP" signature="teardown(org.testng.ITestResult)[pri:0, instance:com.arcapi.testcases.GhgCalcGetTest@6596f6ef]" name="teardown" is-config="true" duration-ms="0" started-at="2017-12-12T11:53:13Z" finished-at="2017-12-12T11:53:13Z">
          <reporter-output>
          </reporter-output>
        </test-method> <!-- teardown -->
        <test-method status="SKIP" signature="end()[pri:0, instance:com.arcapi.testcases.GhgCalcGetTest@6596f6ef]" name="end" is-config="true" duration-ms="0" started-at="2017-12-12T11:53:13Z" finished-at="2017-12-12T11:53:13Z">
          <reporter-output>
          </reporter-output>
        </test-method> <!-- end -->
      </class> <!-- com.arcapi.testcases.GhgCalcGetTest -->
      <class name="com.arcapi.testcases.WaterGetTest">
        <test-method status="SKIP" signature="setBaseUri()[pri:0, instance:com.arcapi.testcases.WaterGetTest@2551f563]" name="setBaseUri" is-config="true" duration-ms="0" started-at="2017-12-12T11:53:13Z" finished-at="2017-12-12T11:53:13Z">
          <reporter-output>
          </reporter-output>
        </test-method> <!-- setBaseUri -->
        <test-method status="SKIP" signature="teardown(org.testng.ITestResult)[pri:0, instance:com.arcapi.testcases.WaterGetTest@2551f563]" name="teardown" is-config="true" duration-ms="0" started-at="2017-12-12T11:53:13Z" finished-at="2017-12-12T11:53:13Z">
          <reporter-output>
          </reporter-output>
        </test-method> <!-- teardown -->
        <test-method status="SKIP" signature="end()[pri:0, instance:com.arcapi.testcases.WaterGetTest@2551f563]" name="end" is-config="true" duration-ms="0" started-at="2017-12-12T11:53:13Z" finished-at="2017-12-12T11:53:13Z">
          <reporter-output>
          </reporter-output>
        </test-method> <!-- end -->
      </class> <!-- com.arcapi.testcases.WaterGetTest -->
      <class name="com.arcapi.testcases.ScoreWeightsAPITest">
        <test-method status="SKIP" signature="setBaseUri()[pri:0, instance:com.arcapi.testcases.ScoreWeightsAPITest@2461e285]" name="setBaseUri" is-config="true" duration-ms="0" started-at="2017-12-12T11:53:13Z" finished-at="2017-12-12T11:53:13Z">
          <reporter-output>
          </reporter-output>
        </test-method> <!-- setBaseUri -->
        <test-method status="SKIP" signature="teardown(org.testng.ITestResult)[pri:0, instance:com.arcapi.testcases.ScoreWeightsAPITest@2461e285]" name="teardown" is-config="true" duration-ms="0" started-at="2017-12-12T11:53:13Z" finished-at="2017-12-12T11:53:13Z">
          <reporter-output>
          </reporter-output>
        </test-method> <!-- teardown -->
        <test-method status="SKIP" signature="end()[pri:0, instance:com.arcapi.testcases.ScoreWeightsAPITest@2461e285]" name="end" is-config="true" duration-ms="0" started-at="2017-12-12T11:53:13Z" finished-at="2017-12-12T11:53:13Z">
          <reporter-output>
          </reporter-output>
        </test-method> <!-- end -->
      </class> <!-- com.arcapi.testcases.ScoreWeightsAPITest -->
      <class name="com.arcapi.testcases.NotificationGetAPITest">
        <test-method status="SKIP" signature="setBaseUri()[pri:0, instance:com.arcapi.testcases.NotificationGetAPITest@403a6b49]" name="setBaseUri" is-config="true" duration-ms="0" started-at="2017-12-12T11:53:13Z" finished-at="2017-12-12T11:53:13Z">
          <reporter-output>
          </reporter-output>
        </test-method> <!-- setBaseUri -->
        <test-method status="SKIP" signature="teardown(org.testng.ITestResult)[pri:0, instance:com.arcapi.testcases.NotificationGetAPITest@403a6b49]" name="teardown" is-config="true" duration-ms="0" started-at="2017-12-12T11:53:13Z" finished-at="2017-12-12T11:53:13Z">
          <reporter-output>
          </reporter-output>
        </test-method> <!-- teardown -->
        <test-method status="SKIP" signature="end()[pri:0, instance:com.arcapi.testcases.NotificationGetAPITest@403a6b49]" name="end" is-config="true" duration-ms="0" started-at="2017-12-12T11:53:13Z" finished-at="2017-12-12T11:53:13Z">
          <reporter-output>
          </reporter-output>
        </test-method> <!-- end -->
      </class> <!-- com.arcapi.testcases.NotificationGetAPITest -->
      <class name="com.arcapi.testcases.MeterDeleteAPITest">
        <test-method status="SKIP" signature="setBaseUri()[pri:0, instance:com.arcapi.testcases.MeterDeleteAPITest@7f8dd355]" name="setBaseUri" is-config="true" duration-ms="0" started-at="2017-12-12T11:53:13Z" finished-at="2017-12-12T11:53:13Z">
          <reporter-output>
          </reporter-output>
        </test-method> <!-- setBaseUri -->
        <test-method status="SKIP" signature="end()[pri:0, instance:com.arcapi.testcases.MeterDeleteAPITest@7f8dd355]" name="end" is-config="true" duration-ms="0" started-at="2017-12-12T11:53:13Z" finished-at="2017-12-12T11:53:13Z">
          <reporter-output>
          </reporter-output>
        </test-method> <!-- end -->
      </class> <!-- com.arcapi.testcases.MeterDeleteAPITest -->
      <class name="com.arcapi.testcases.TransitSurveyAPITest">
        <test-method status="SKIP" signature="setBaseUri()[pri:0, instance:com.arcapi.testcases.TransitSurveyAPITest@69663655]" name="setBaseUri" is-config="true" duration-ms="0" started-at="2017-12-12T11:53:13Z" finished-at="2017-12-12T11:53:13Z">
          <reporter-output>
          </reporter-output>
        </test-method> <!-- setBaseUri -->
        <test-method status="SKIP" signature="teardown(org.testng.ITestResult)[pri:0, instance:com.arcapi.testcases.TransitSurveyAPITest@69663655]" name="teardown" is-config="true" duration-ms="0" started-at="2017-12-12T11:53:13Z" finished-at="2017-12-12T11:53:13Z">
          <reporter-output>
          </reporter-output>
        </test-method> <!-- teardown -->
        <test-method status="SKIP" signature="end()[pri:0, instance:com.arcapi.testcases.TransitSurveyAPITest@69663655]" name="end" is-config="true" duration-ms="0" started-at="2017-12-12T11:53:13Z" finished-at="2017-12-12T11:53:13Z">
          <reporter-output>
          </reporter-output>
        </test-method> <!-- end -->
      </class> <!-- com.arcapi.testcases.TransitSurveyAPITest -->
      <class name="com.arcapi.testcases.TemperatureDataDeleteTest">
        <test-method status="SKIP" signature="setBaseUri()[pri:0, instance:com.arcapi.testcases.TemperatureDataDeleteTest@7010e773]" name="setBaseUri" is-config="true" duration-ms="0" started-at="2017-12-12T11:53:13Z" finished-at="2017-12-12T11:53:13Z">
          <reporter-output>
          </reporter-output>
        </test-method> <!-- setBaseUri -->
        <test-method status="SKIP" signature="end()[pri:0, instance:com.arcapi.testcases.TemperatureDataDeleteTest@7010e773]" name="end" is-config="true" duration-ms="0" started-at="2017-12-12T11:53:13Z" finished-at="2017-12-12T11:53:13Z">
          <reporter-output>
          </reporter-output>
        </test-method> <!-- end -->
      </class> <!-- com.arcapi.testcases.TemperatureDataDeleteTest -->
      <class name="com.arcapi.testcases.CreditUploadGetAPITest">
        <test-method status="SKIP" signature="setBaseUri()[pri:0, instance:com.arcapi.testcases.CreditUploadGetAPITest@6e081371]" name="setBaseUri" is-config="true" duration-ms="0" started-at="2017-12-12T11:53:12Z" finished-at="2017-12-12T11:53:12Z">
          <reporter-output>
          </reporter-output>
        </test-method> <!-- setBaseUri -->
        <test-method status="SKIP" signature="teardown(org.testng.ITestResult)[pri:0, instance:com.arcapi.testcases.CreditUploadGetAPITest@6e081371]" name="teardown" is-config="true" duration-ms="0" started-at="2017-12-12T11:53:12Z" finished-at="2017-12-12T11:53:12Z">
          <reporter-output>
          </reporter-output>
        </test-method> <!-- teardown -->
        <test-method status="SKIP" signature="end()[pri:0, instance:com.arcapi.testcases.CreditUploadGetAPITest@6e081371]" name="end" is-config="true" duration-ms="0" started-at="2017-12-12T11:53:12Z" finished-at="2017-12-12T11:53:12Z">
          <reporter-output>
          </reporter-output>
        </test-method> <!-- end -->
      </class> <!-- com.arcapi.testcases.CreditUploadGetAPITest -->
      <class name="com.arcapi.testcases.AssetSearchAPITest">
        <test-method status="SKIP" signature="setBaseUri()[pri:0, instance:com.arcapi.testcases.AssetSearchAPITest@616ef019]" name="setBaseUri" is-config="true" duration-ms="0" started-at="2017-12-12T11:53:12Z" finished-at="2017-12-12T11:53:12Z">
          <reporter-output>
          </reporter-output>
        </test-method> <!-- setBaseUri -->
        <test-method status="SKIP" signature="teardown(org.testng.ITestResult)[pri:0, instance:com.arcapi.testcases.AssetSearchAPITest@616ef019]" name="teardown" is-config="true" duration-ms="0" started-at="2017-12-12T11:53:12Z" finished-at="2017-12-12T11:53:12Z">
          <reporter-output>
          </reporter-output>
        </test-method> <!-- teardown -->
        <test-method status="SKIP" signature="end()[pri:0, instance:com.arcapi.testcases.AssetSearchAPITest@616ef019]" name="end" is-config="true" duration-ms="0" started-at="2017-12-12T11:53:12Z" finished-at="2017-12-12T11:53:12Z">
          <reporter-output>
          </reporter-output>
        </test-method> <!-- end -->
      </class> <!-- com.arcapi.testcases.AssetSearchAPITest -->
      <class name="com.arcapi.testcases.PerformanceComparablesGetAPITest">
        <test-method status="SKIP" signature="setBaseUri()[pri:0, instance:com.arcapi.testcases.PerformanceComparablesGetAPITest@6f43316c]" name="setBaseUri" is-config="true" duration-ms="0" started-at="2017-12-12T11:53:13Z" finished-at="2017-12-12T11:53:13Z">
          <reporter-output>
          </reporter-output>
        </test-method> <!-- setBaseUri -->
        <test-method status="SKIP" signature="teardown(org.testng.ITestResult)[pri:0, instance:com.arcapi.testcases.PerformanceComparablesGetAPITest@6f43316c]" name="teardown" is-config="true" duration-ms="0" started-at="2017-12-12T11:53:13Z" finished-at="2017-12-12T11:53:13Z">
          <reporter-output>
          </reporter-output>
        </test-method> <!-- teardown -->
        <test-method status="SKIP" signature="end()[pri:0, instance:com.arcapi.testcases.PerformanceComparablesGetAPITest@6f43316c]" name="end" is-config="true" duration-ms="0" started-at="2017-12-12T11:53:13Z" finished-at="2017-12-12T11:53:13Z">
          <reporter-output>
          </reporter-output>
        </test-method> <!-- end -->
      </class> <!-- com.arcapi.testcases.PerformanceComparablesGetAPITest -->
      <class name="com.arcapi.testcases.PortfoliosAssetGetAPITest">
        <test-method status="SKIP" signature="setBaseUri()[pri:0, instance:com.arcapi.testcases.PortfoliosAssetGetAPITest@f7bf0a7]" name="setBaseUri" is-config="true" duration-ms="0" started-at="2017-12-12T11:53:13Z" finished-at="2017-12-12T11:53:13Z">
          <reporter-output>
          </reporter-output>
        </test-method> <!-- setBaseUri -->
        <test-method status="SKIP" signature="teardown(org.testng.ITestResult)[pri:0, instance:com.arcapi.testcases.PortfoliosAssetGetAPITest@f7bf0a7]" name="teardown" is-config="true" duration-ms="0" started-at="2017-12-12T11:53:13Z" finished-at="2017-12-12T11:53:13Z">
          <reporter-output>
          </reporter-output>
        </test-method> <!-- teardown -->
        <test-method status="SKIP" signature="end()[pri:0, instance:com.arcapi.testcases.PortfoliosAssetGetAPITest@f7bf0a7]" name="end" is-config="true" duration-ms="0" started-at="2017-12-12T11:53:13Z" finished-at="2017-12-12T11:53:13Z">
          <reporter-output>
          </reporter-output>
        </test-method> <!-- end -->
      </class> <!-- com.arcapi.testcases.PortfoliosAssetGetAPITest -->
      <class name="com.arcapi.testcases.AnalysisDataGetAPITest">
        <test-method status="SKIP" signature="setBaseUri()[pri:0, instance:com.arcapi.testcases.AnalysisDataGetAPITest@424bd639]" name="setBaseUri" is-config="true" duration-ms="0" started-at="2017-12-12T11:53:12Z" finished-at="2017-12-12T11:53:12Z">
          <reporter-output>
          </reporter-output>
        </test-method> <!-- setBaseUri -->
        <test-method status="SKIP" signature="teardown(org.testng.ITestResult)[pri:0, instance:com.arcapi.testcases.AnalysisDataGetAPITest@424bd639]" name="teardown" is-config="true" duration-ms="0" started-at="2017-12-12T11:53:12Z" finished-at="2017-12-12T11:53:12Z">
          <reporter-output>
          </reporter-output>
        </test-method> <!-- teardown -->
        <test-method status="SKIP" signature="end()[pri:0, instance:com.arcapi.testcases.AnalysisDataGetAPITest@424bd639]" name="end" is-config="true" duration-ms="0" started-at="2017-12-12T11:53:12Z" finished-at="2017-12-12T11:53:12Z">
          <reporter-output>
          </reporter-output>
        </test-method> <!-- end -->
      </class> <!-- com.arcapi.testcases.AnalysisDataGetAPITest -->
      <class name="com.arcapi.testcases.CreditUploadDocumentFilePOSTAPITest">
        <test-method status="SKIP" signature="setBaseUri()[pri:0, instance:com.arcapi.testcases.CreditUploadDocumentFilePOSTAPITest@104fb34]" name="setBaseUri" is-config="true" duration-ms="0" started-at="2017-12-12T11:53:12Z" finished-at="2017-12-12T11:53:12Z">
          <reporter-output>
          </reporter-output>
        </test-method> <!-- setBaseUri -->
        <test-method status="SKIP" signature="teardown(org.testng.ITestResult)[pri:0, instance:com.arcapi.testcases.CreditUploadDocumentFilePOSTAPITest@104fb34]" name="teardown" is-config="true" duration-ms="0" started-at="2017-12-12T11:53:12Z" finished-at="2017-12-12T11:53:12Z">
          <reporter-output>
          </reporter-output>
        </test-method> <!-- teardown -->
        <test-method status="SKIP" signature="end()[pri:0, instance:com.arcapi.testcases.CreditUploadDocumentFilePOSTAPITest@104fb34]" name="end" is-config="true" duration-ms="0" started-at="2017-12-12T11:53:12Z" finished-at="2017-12-12T11:53:12Z">
          <reporter-output>
          </reporter-output>
        </test-method> <!-- end -->
      </class> <!-- com.arcapi.testcases.CreditUploadDocumentFilePOSTAPITest -->
      <class name="com.arcapi.testcases.CreditUpdateTeamPOSTAPITest">
        <test-method status="SKIP" signature="setBaseUri()[pri:0, instance:com.arcapi.testcases.CreditUpdateTeamPOSTAPITest@9dae16a]" name="setBaseUri" is-config="true" duration-ms="0" started-at="2017-12-12T11:53:12Z" finished-at="2017-12-12T11:53:12Z">
          <reporter-output>
          </reporter-output>
        </test-method> <!-- setBaseUri -->
        <test-method status="SKIP" signature="teardown(org.testng.ITestResult)[pri:0, instance:com.arcapi.testcases.CreditUpdateTeamPOSTAPITest@9dae16a]" name="teardown" is-config="true" duration-ms="0" started-at="2017-12-12T11:53:12Z" finished-at="2017-12-12T11:53:12Z">
          <reporter-output>
          </reporter-output>
        </test-method> <!-- teardown -->
        <test-method status="SKIP" signature="end()[pri:0, instance:com.arcapi.testcases.CreditUpdateTeamPOSTAPITest@9dae16a]" name="end" is-config="true" duration-ms="0" started-at="2017-12-12T11:53:12Z" finished-at="2017-12-12T11:53:12Z">
          <reporter-output>
          </reporter-output>
        </test-method> <!-- end -->
      </class> <!-- com.arcapi.testcases.CreditUpdateTeamPOSTAPITest -->
      <class name="com.arcapi.testcases.NotificationSubscriptionGetTest">
        <test-method status="SKIP" signature="setBaseUri()[pri:0, instance:com.arcapi.testcases.NotificationSubscriptionGetTest@29ead03b]" name="setBaseUri" is-config="true" duration-ms="0" started-at="2017-12-12T11:53:13Z" finished-at="2017-12-12T11:53:13Z">
          <reporter-output>
          </reporter-output>
        </test-method> <!-- setBaseUri -->
        <test-method status="SKIP" signature="teardown(org.testng.ITestResult)[pri:0, instance:com.arcapi.testcases.NotificationSubscriptionGetTest@29ead03b]" name="teardown" is-config="true" duration-ms="0" started-at="2017-12-12T11:53:13Z" finished-at="2017-12-12T11:53:13Z">
          <reporter-output>
          </reporter-output>
        </test-method> <!-- teardown -->
        <test-method status="SKIP" signature="end()[pri:0, instance:com.arcapi.testcases.NotificationSubscriptionGetTest@29ead03b]" name="end" is-config="true" duration-ms="0" started-at="2017-12-12T11:53:13Z" finished-at="2017-12-12T11:53:13Z">
          <reporter-output>
          </reporter-output>
        </test-method> <!-- end -->
      </class> <!-- com.arcapi.testcases.NotificationSubscriptionGetTest -->
      <class name="com.arcapi.testcases.AssetCitiesDataDeleteAPITest">
        <test-method status="SKIP" signature="setBaseUri()[pri:0, instance:com.arcapi.testcases.AssetCitiesDataDeleteAPITest@28e091d4]" name="setBaseUri" is-config="true" duration-ms="0" started-at="2017-12-12T11:53:12Z" finished-at="2017-12-12T11:53:12Z">
          <reporter-output>
          </reporter-output>
        </test-method> <!-- setBaseUri -->
        <test-method status="SKIP" signature="teardown(org.testng.ITestResult)[pri:0, instance:com.arcapi.testcases.AssetCitiesDataDeleteAPITest@28e091d4]" name="teardown" is-config="true" duration-ms="0" started-at="2017-12-12T11:53:12Z" finished-at="2017-12-12T11:53:12Z">
          <reporter-output>
          </reporter-output>
        </test-method> <!-- teardown -->
        <test-method status="SKIP" signature="end()[pri:0, instance:com.arcapi.testcases.AssetCitiesDataDeleteAPITest@28e091d4]" name="end" is-config="true" duration-ms="0" started-at="2017-12-12T11:53:12Z" finished-at="2017-12-12T11:53:12Z">
          <reporter-output>
          </reporter-output>
        </test-method> <!-- end -->
      </class> <!-- com.arcapi.testcases.AssetCitiesDataDeleteAPITest -->
      <class name="com.arcapi.testcases.ThirdPartyListAppsAPITest">
        <test-method status="SKIP" signature="setBaseUri()[pri:0, instance:com.arcapi.testcases.ThirdPartyListAppsAPITest@3bafdb4]" name="setBaseUri" is-config="true" duration-ms="0" started-at="2017-12-12T11:53:13Z" finished-at="2017-12-12T11:53:13Z">
          <reporter-output>
          </reporter-output>
        </test-method> <!-- setBaseUri -->
        <test-method status="SKIP" signature="teardown(org.testng.ITestResult)[pri:0, instance:com.arcapi.testcases.ThirdPartyListAppsAPITest@3bafdb4]" name="teardown" is-config="true" duration-ms="0" started-at="2017-12-12T11:53:13Z" finished-at="2017-12-12T11:53:13Z">
          <reporter-output>
          </reporter-output>
        </test-method> <!-- teardown -->
        <test-method status="SKIP" signature="end()[pri:0, instance:com.arcapi.testcases.ThirdPartyListAppsAPITest@3bafdb4]" name="end" is-config="true" duration-ms="0" started-at="2017-12-12T11:53:13Z" finished-at="2017-12-12T11:53:13Z">
          <reporter-output>
          </reporter-output>
        </test-method> <!-- end -->
      </class> <!-- com.arcapi.testcases.ThirdPartyListAppsAPITest -->
      <class name="com.arcapi.testcases.CreateAssetParksmartPOSTTest">
        <test-method status="SKIP" signature="setBaseUri()[pri:0, instance:com.arcapi.testcases.CreateAssetParksmartPOSTTest@61a85567]" name="setBaseUri" is-config="true" duration-ms="0" started-at="2017-12-12T11:53:13Z" finished-at="2017-12-12T11:53:13Z">
          <reporter-output>
          </reporter-output>
        </test-method> <!-- setBaseUri -->
        <test-method status="SKIP" signature="teardown(org.testng.ITestResult)[pri:0, instance:com.arcapi.testcases.CreateAssetParksmartPOSTTest@61a85567]" name="teardown" is-config="true" duration-ms="0" started-at="2017-12-12T11:53:13Z" finished-at="2017-12-12T11:53:13Z">
          <reporter-output>
          </reporter-output>
        </test-method> <!-- teardown -->
        <test-method status="SKIP" signature="end()[pri:0, instance:com.arcapi.testcases.CreateAssetParksmartPOSTTest@61a85567]" name="end" is-config="true" duration-ms="0" started-at="2017-12-12T11:53:13Z" finished-at="2017-12-12T11:53:13Z">
          <reporter-output>
          </reporter-output>
        </test-method> <!-- end -->
      </class> <!-- com.arcapi.testcases.CreateAssetParksmartPOSTTest -->
      <class name="com.arcapi.testcases.CreditUploadDELETEAPITest">
        <test-method status="SKIP" signature="setBaseUri()[pri:0, instance:com.arcapi.testcases.CreditUploadDELETEAPITest@54349826]" name="setBaseUri" is-config="true" duration-ms="0" started-at="2017-12-12T11:53:12Z" finished-at="2017-12-12T11:53:12Z">
          <reporter-output>
          </reporter-output>
        </test-method> <!-- setBaseUri -->
        <test-method status="SKIP" signature="teardown(org.testng.ITestResult)[pri:0, instance:com.arcapi.testcases.CreditUploadDELETEAPITest@54349826]" name="teardown" is-config="true" duration-ms="0" started-at="2017-12-12T11:53:12Z" finished-at="2017-12-12T11:53:12Z">
          <reporter-output>
          </reporter-output>
        </test-method> <!-- teardown -->
        <test-method status="SKIP" signature="end()[pri:0, instance:com.arcapi.testcases.CreditUploadDELETEAPITest@54349826]" name="end" is-config="true" duration-ms="0" started-at="2017-12-12T11:53:12Z" finished-at="2017-12-12T11:53:12Z">
          <reporter-output>
          </reporter-output>
        </test-method> <!-- end -->
      </class> <!-- com.arcapi.testcases.CreditUploadDELETEAPITest -->
      <class name="com.arcapi.testcases.AssetUpdateforNewAssetPUTAPITest">
        <test-method status="SKIP" signature="setBaseUri()[pri:0, instance:com.arcapi.testcases.AssetUpdateforNewAssetPUTAPITest@2d8ca1e3]" name="setBaseUri" is-config="true" duration-ms="0" started-at="2017-12-12T11:53:12Z" finished-at="2017-12-12T11:53:12Z">
          <reporter-output>
          </reporter-output>
        </test-method> <!-- setBaseUri -->
        <test-method status="SKIP" signature="end()[pri:0, instance:com.arcapi.testcases.AssetUpdateforNewAssetPUTAPITest@2d8ca1e3]" name="end" is-config="true" duration-ms="0" started-at="2017-12-12T11:53:12Z" finished-at="2017-12-12T11:53:12Z">
          <reporter-output>
          </reporter-output>
        </test-method> <!-- end -->
      </class> <!-- com.arcapi.testcases.AssetUpdateforNewAssetPUTAPITest -->
      <class name="com.arcapi.testcases.ConsumptionDetailAPITest">
        <test-method status="SKIP" signature="setBaseUri()[pri:0, instance:com.arcapi.testcases.ConsumptionDetailAPITest@1f881554]" name="setBaseUri" is-config="true" duration-ms="0" started-at="2017-12-12T11:53:13Z" finished-at="2017-12-12T11:53:13Z">
          <reporter-output>
          </reporter-output>
        </test-method> <!-- setBaseUri -->
        <test-method status="SKIP" signature="end()[pri:0, instance:com.arcapi.testcases.ConsumptionDetailAPITest@1f881554]" name="end" is-config="true" duration-ms="0" started-at="2017-12-12T11:53:13Z" finished-at="2017-12-12T11:53:13Z">
          <reporter-output>
          </reporter-output>
        </test-method> <!-- end -->
      </class> <!-- com.arcapi.testcases.ConsumptionDetailAPITest -->
      <class name="com.arcapi.testcases.ConsumptionCreatePOSTAPITest">
        <test-method status="SKIP" signature="setBaseUri()[pri:0, instance:com.arcapi.testcases.ConsumptionCreatePOSTAPITest@73ca932]" name="setBaseUri" is-config="true" duration-ms="0" started-at="2017-12-12T11:53:13Z" finished-at="2017-12-12T11:53:13Z">
          <reporter-output>
          </reporter-output>
        </test-method> <!-- setBaseUri -->
        <test-method status="SKIP" signature="end()[pri:0, instance:com.arcapi.testcases.ConsumptionCreatePOSTAPITest@73ca932]" name="end" is-config="true" duration-ms="0" started-at="2017-12-12T11:53:13Z" finished-at="2017-12-12T11:53:13Z">
          <reporter-output>
          </reporter-output>
        </test-method> <!-- end -->
      </class> <!-- com.arcapi.testcases.ConsumptionCreatePOSTAPITest -->
      <class name="com.arcapi.testcases.CO2GetTest">
        <test-method status="SKIP" signature="setBaseUri()[pri:0, instance:com.arcapi.testcases.CO2GetTest@5dac767c]" name="setBaseUri" is-config="true" duration-ms="0" started-at="2017-12-12T11:53:13Z" finished-at="2017-12-12T11:53:13Z">
          <reporter-output>
          </reporter-output>
        </test-method> <!-- setBaseUri -->
        <test-method status="SKIP" signature="end()[pri:0, instance:com.arcapi.testcases.CO2GetTest@5dac767c]" name="end" is-config="true" duration-ms="0" started-at="2017-12-12T11:53:13Z" finished-at="2017-12-12T11:53:13Z">
          <reporter-output>
          </reporter-output>
        </test-method> <!-- end -->
      </class> <!-- com.arcapi.testcases.CO2GetTest -->
      <class name="com.arcapi.testcases.WasteUpdatePUTAPITest">
        <test-method status="SKIP" signature="setBaseUri()[pri:0, instance:com.arcapi.testcases.WasteUpdatePUTAPITest@1ae92aef]" name="setBaseUri" is-config="true" duration-ms="0" started-at="2017-12-12T11:53:13Z" finished-at="2017-12-12T11:53:13Z">
          <reporter-output>
          </reporter-output>
        </test-method> <!-- setBaseUri -->
        <test-method status="SKIP" signature="end()[pri:0, instance:com.arcapi.testcases.WasteUpdatePUTAPITest@1ae92aef]" name="end" is-config="true" duration-ms="0" started-at="2017-12-12T11:53:13Z" finished-at="2017-12-12T11:53:13Z">
          <reporter-output>
          </reporter-output>
        </test-method> <!-- end -->
      </class> <!-- com.arcapi.testcases.WasteUpdatePUTAPITest -->
      <class name="com.arcapi.testcases.NotificationSubscriptionPostTest">
        <test-method status="SKIP" signature="setBaseUri()[pri:0, instance:com.arcapi.testcases.NotificationSubscriptionPostTest@770ce6fc]" name="setBaseUri" is-config="true" duration-ms="0" started-at="2017-12-12T11:53:13Z" finished-at="2017-12-12T11:53:13Z">
          <reporter-output>
          </reporter-output>
        </test-method> <!-- setBaseUri -->
        <test-method status="SKIP" signature="end()[pri:0, instance:com.arcapi.testcases.NotificationSubscriptionPostTest@770ce6fc]" name="end" is-config="true" duration-ms="0" started-at="2017-12-12T11:53:13Z" finished-at="2017-12-12T11:53:13Z">
          <reporter-output>
          </reporter-output>
        </test-method> <!-- end -->
      </class> <!-- com.arcapi.testcases.NotificationSubscriptionPostTest -->
      <class name="com.arcapi.testcases.WasteDetailDeleteAPITest">
        <test-method status="SKIP" signature="setBaseUri()[pri:0, instance:com.arcapi.testcases.WasteDetailDeleteAPITest@4201beb6]" name="setBaseUri" is-config="true" duration-ms="0" started-at="2017-12-12T11:53:13Z" finished-at="2017-12-12T11:53:13Z">
          <reporter-output>
          </reporter-output>
        </test-method> <!-- setBaseUri -->
        <test-method status="SKIP" signature="end()[pri:0, instance:com.arcapi.testcases.WasteDetailDeleteAPITest@4201beb6]" name="end" is-config="true" duration-ms="0" started-at="2017-12-12T11:53:13Z" finished-at="2017-12-12T11:53:13Z">
          <reporter-output>
          </reporter-output>
        </test-method> <!-- end -->
      </class> <!-- com.arcapi.testcases.WasteDetailDeleteAPITest -->
      <class name="com.arcapi.testcases.PaymentReviewAutoPaytokenPOSTAPITest">
        <test-method status="SKIP" signature="setBaseUri()[pri:0, instance:com.arcapi.testcases.PaymentReviewAutoPaytokenPOSTAPITest@10e8c1cf]" name="setBaseUri" is-config="true" duration-ms="0" started-at="2017-12-12T11:53:13Z" finished-at="2017-12-12T11:53:13Z">
          <reporter-output>
          </reporter-output>
        </test-method> <!-- setBaseUri -->
        <test-method status="SKIP" signature="end()[pri:0, instance:com.arcapi.testcases.PaymentReviewAutoPaytokenPOSTAPITest@10e8c1cf]" name="end" is-config="true" duration-ms="0" started-at="2017-12-12T11:53:13Z" finished-at="2017-12-12T11:53:13Z">
          <reporter-output>
          </reporter-output>
        </test-method> <!-- end -->
      </class> <!-- com.arcapi.testcases.PaymentReviewAutoPaytokenPOSTAPITest -->
      <class name="com.arcapi.testcases.ProjectTeamInfoAPITest">
        <test-method status="SKIP" signature="setBaseUri()[pri:0, instance:com.arcapi.testcases.ProjectTeamInfoAPITest@1c4abf06]" name="setBaseUri" is-config="true" duration-ms="0" started-at="2017-12-12T11:53:13Z" finished-at="2017-12-12T11:53:13Z">
          <reporter-output>
          </reporter-output>
        </test-method> <!-- setBaseUri -->
        <test-method status="SKIP" signature="teardown(org.testng.ITestResult)[pri:0, instance:com.arcapi.testcases.ProjectTeamInfoAPITest@1c4abf06]" name="teardown" is-config="true" duration-ms="0" started-at="2017-12-12T11:53:13Z" finished-at="2017-12-12T11:53:13Z">
          <reporter-output>
          </reporter-output>
        </test-method> <!-- teardown -->
        <test-method status="SKIP" signature="end()[pri:0, instance:com.arcapi.testcases.ProjectTeamInfoAPITest@1c4abf06]" name="end" is-config="true" duration-ms="0" started-at="2017-12-12T11:53:13Z" finished-at="2017-12-12T11:53:13Z">
          <reporter-output>
          </reporter-output>
        </test-method> <!-- end -->
      </class> <!-- com.arcapi.testcases.ProjectTeamInfoAPITest -->
      <class name="com.arcapi.testcases.NotificationCreatePOSTAPITest">
        <test-method status="SKIP" signature="setBaseUri()[pri:0, instance:com.arcapi.testcases.NotificationCreatePOSTAPITest@382db2df]" name="setBaseUri" is-config="true" duration-ms="0" started-at="2017-12-12T11:53:13Z" finished-at="2017-12-12T11:53:13Z">
          <reporter-output>
          </reporter-output>
        </test-method> <!-- setBaseUri -->
        <test-method status="SKIP" signature="teardown(org.testng.ITestResult)[pri:0, instance:com.arcapi.testcases.NotificationCreatePOSTAPITest@382db2df]" name="teardown" is-config="true" duration-ms="0" started-at="2017-12-12T11:53:13Z" finished-at="2017-12-12T11:53:13Z">
          <reporter-output>
          </reporter-output>
        </test-method> <!-- teardown -->
        <test-method status="SKIP" signature="end()[pri:0, instance:com.arcapi.testcases.NotificationCreatePOSTAPITest@382db2df]" name="end" is-config="true" duration-ms="0" started-at="2017-12-12T11:53:13Z" finished-at="2017-12-12T11:53:13Z">
          <reporter-output>
          </reporter-output>
        </test-method> <!-- end -->
      </class> <!-- com.arcapi.testcases.NotificationCreatePOSTAPITest -->
      <class name="com.arcapi.testcases.MetersAPITest">
        <test-method status="SKIP" signature="setBaseUri()[pri:0, instance:com.arcapi.testcases.MetersAPITest@1af81d1c]" name="setBaseUri" is-config="true" duration-ms="0" started-at="2017-12-12T11:53:13Z" finished-at="2017-12-12T11:53:13Z">
          <reporter-output>
          </reporter-output>
        </test-method> <!-- setBaseUri -->
        <test-method status="SKIP" signature="teardown(org.testng.ITestResult)[pri:0, instance:com.arcapi.testcases.MetersAPITest@1af81d1c]" name="teardown" is-config="true" duration-ms="0" started-at="2017-12-12T11:53:13Z" finished-at="2017-12-12T11:53:13Z">
          <reporter-output>
          </reporter-output>
        </test-method> <!-- teardown -->
        <test-method status="SKIP" signature="end()[pri:0, instance:com.arcapi.testcases.MetersAPITest@1af81d1c]" name="end" is-config="true" duration-ms="0" started-at="2017-12-12T11:53:13Z" finished-at="2017-12-12T11:53:13Z">
          <reporter-output>
          </reporter-output>
        </test-method> <!-- end -->
      </class> <!-- com.arcapi.testcases.MetersAPITest -->
      <class name="com.arcapi.testcases.PortfoliosAssetDetailDELETEAPITest">
        <test-method status="SKIP" signature="setBaseUri()[pri:0, instance:com.arcapi.testcases.PortfoliosAssetDetailDELETEAPITest@6e0d2a4e]" name="setBaseUri" is-config="true" duration-ms="0" started-at="2017-12-12T11:53:13Z" finished-at="2017-12-12T11:53:13Z">
          <reporter-output>
          </reporter-output>
        </test-method> <!-- setBaseUri -->
        <test-method status="SKIP" signature="teardown(org.testng.ITestResult)[pri:0, instance:com.arcapi.testcases.PortfoliosAssetDetailDELETEAPITest@6e0d2a4e]" name="teardown" is-config="true" duration-ms="0" started-at="2017-12-12T11:53:13Z" finished-at="2017-12-12T11:53:13Z">
          <reporter-output>
          </reporter-output>
        </test-method> <!-- teardown -->
        <test-method status="SKIP" signature="end()[pri:0, instance:com.arcapi.testcases.PortfoliosAssetDetailDELETEAPITest@6e0d2a4e]" name="end" is-config="true" duration-ms="0" started-at="2017-12-12T11:53:13Z" finished-at="2017-12-12T11:53:13Z">
          <reporter-output>
          </reporter-output>
        </test-method> <!-- end -->
      </class> <!-- com.arcapi.testcases.PortfoliosAssetDetailDELETEAPITest -->
      <class name="com.arcapi.testcases.AssetListParksmartGetTest">
        <test-method status="SKIP" signature="setBaseUri()[pri:0, instance:com.arcapi.testcases.AssetListParksmartGetTest@727f0f47]" name="setBaseUri" is-config="true" duration-ms="0" started-at="2017-12-12T11:53:13Z" finished-at="2017-12-12T11:53:13Z">
          <reporter-output>
          </reporter-output>
        </test-method> <!-- setBaseUri -->
        <test-method status="SKIP" signature="teardown(org.testng.ITestResult)[pri:0, instance:com.arcapi.testcases.AssetListParksmartGetTest@727f0f47]" name="teardown" is-config="true" duration-ms="0" started-at="2017-12-12T11:53:13Z" finished-at="2017-12-12T11:53:13Z">
          <reporter-output>
          </reporter-output>
        </test-method> <!-- teardown -->
        <test-method status="SKIP" signature="end()[pri:0, instance:com.arcapi.testcases.AssetListParksmartGetTest@727f0f47]" name="end" is-config="true" duration-ms="0" started-at="2017-12-12T11:53:13Z" finished-at="2017-12-12T11:53:13Z">
          <reporter-output>
          </reporter-output>
        </test-method> <!-- end -->
      </class> <!-- com.arcapi.testcases.AssetListParksmartGetTest -->
      <class name="com.arcapi.testcases.PortfoliosPostAPITest">
        <test-method status="SKIP" signature="setBaseUri()[pri:0, instance:com.arcapi.testcases.PortfoliosPostAPITest@27c549b9]" name="setBaseUri" is-config="true" duration-ms="0" started-at="2017-12-12T11:53:13Z" finished-at="2017-12-12T11:53:13Z">
          <reporter-output>
          </reporter-output>
        </test-method> <!-- setBaseUri -->
        <test-method status="SKIP" signature="teardown(org.testng.ITestResult)[pri:0, instance:com.arcapi.testcases.PortfoliosPostAPITest@27c549b9]" name="teardown" is-config="true" duration-ms="0" started-at="2017-12-12T11:53:13Z" finished-at="2017-12-12T11:53:13Z">
          <reporter-output>
          </reporter-output>
        </test-method> <!-- teardown -->
[...]
          <reporter-output>
          </reporter-output>
        </test-method> <!-- setBaseUri -->
        <test-method status="SKIP" signature="end()[pri:0, instance:com.arcapi.testcases.SubmitReviewPOSTAPITest@673a26c2]" name="end" is-config="true" duration-ms="0" started-at="2017-12-12T11:53:14Z" finished-at="2017-12-12T11:53:14Z">
          <reporter-output>
          </reporter-output>
        </test-method> <!-- end -->
      </class> <!-- com.arcapi.testcases.SubmitReviewPOSTAPITest -->
    </test> <!-- recertification-Community -->
    <test name="certification-Transit" duration-ms="50" started-at="2017-12-12T06:23:14Z" finished-at="2017-12-12T06:23:14Z">
      <class name="com.arcapi.testcases.ReviewCertificationPricingAPITest">
        <test-method status="SKIP" signature="setBaseUri()[pri:0, instance:com.arcapi.testcases.ReviewCertificationPricingAPITest@45e7c8de]" name="setBaseUri" is-config="true" duration-ms="0" started-at="2017-12-12T11:53:14Z" finished-at="2017-12-12T11:53:14Z">
          <reporter-output>
          </reporter-output>
        </test-method> <!-- setBaseUri -->
        <test-method status="SKIP" signature="teardown(org.testng.ITestResult)[pri:0, instance:com.arcapi.testcases.ReviewCertificationPricingAPITest@45e7c8de]" name="teardown" is-config="true" duration-ms="0" started-at="2017-12-12T11:53:14Z" finished-at="2017-12-12T11:53:14Z">
          <reporter-output>
          </reporter-output>
        </test-method> <!-- teardown -->
        <test-method status="SKIP" signature="end()[pri:0, instance:com.arcapi.testcases.ReviewCertificationPricingAPITest@45e7c8de]" name="end" is-config="true" duration-ms="0" started-at="2017-12-12T11:53:14Z" finished-at="2017-12-12T11:53:14Z">
          <reporter-output>
          </reporter-output>
        </test-method> <!-- end -->
      </class> <!-- com.arcapi.testcases.ReviewCertificationPricingAPITest -->
      <class name="com.arcapi.testcases.CreateAssetPOSTAPITest">
        <test-method status="FAIL" signature="setBaseUri()[pri:0, instance:com.arcapi.testcases.CreateAssetPOSTAPITest@14ad0e9f]" name="setBaseUri" is-config="true" duration-ms="0" started-at="2017-12-12T11:53:14Z" finished-at="2017-12-12T11:53:14Z">
          <exception class="java.lang.NoClassDefFoundError">
            <message>
              <![CDATA[org/apache/poi/ss/usermodel/Cell]]>
            </message>
            <full-stacktrace>
              <![CDATA[java.lang.NoClassDefFoundError: org/apache/poi/ss/usermodel/Cell
	at com.arc.driver.BaseClass.setBaseUri(BaseClass.java:40)
	at sun.reflect.NativeMethodAccessorImpl.invoke0(Native Method)
	at sun.reflect.NativeMethodAccessorImpl.invoke(NativeMethodAccessorImpl.java:57)
	at sun.reflect.DelegatingMethodAccessorImpl.invoke(DelegatingMethodAccessorImpl.java:43)
	at java.lang.reflect.Method.invoke(Method.java:606)
	at org.testng.internal.MethodInvocationHelper.invokeMethod(MethodInvocationHelper.java:86)
	at org.testng.internal.Invoker.invokeConfigurationMethod(Invoker.java:514)
	at org.testng.internal.Invoker.invokeConfigurations(Invoker.java:215)
	at org.testng.internal.Invoker.invokeConfigurations(Invoker.java:142)
	at org.testng.internal.TestMethodWorker.invokeBeforeClassMethods(TestMethodWorker.java:178)
	at org.testng.internal.TestMethodWorker.run(TestMethodWorker.java:108)
	at org.testng.TestRunner.privateRun(TestRunner.java:782)
	at org.testng.TestRunner.run(TestRunner.java:632)
	at org.testng.SuiteRunner.runTest(SuiteRunner.java:366)
	at org.testng.SuiteRunner.runSequentially(SuiteRunner.java:361)
	at org.testng.SuiteRunner.privateRun(SuiteRunner.java:319)
	at org.testng.SuiteRunner.run(SuiteRunner.java:268)
	at org.testng.SuiteRunnerWorker.runSuite(SuiteRunnerWorker.java:52)
	at org.testng.SuiteRunnerWorker.run(SuiteRunnerWorker.java:86)
	at org.testng.TestNG.runSuitesSequentially(TestNG.java:1244)
	at org.testng.TestNG.runSuitesLocally(TestNG.java:1169)
	at org.testng.TestNG.run(TestNG.java:1064)
	at org.testng.remote.AbstractRemoteTestNG.run(AbstractRemoteTestNG.java:132)
	at org.testng.remote.RemoteTestNG.initAndRun(RemoteTestNG.java:230)
	at org.testng.remote.RemoteTestNG.main(RemoteTestNG.java:76)
Caused by: java.lang.ClassNotFoundException: org.apache.poi.ss.usermodel.Cell
	at java.net.URLClassLoader$1.run(URLClassLoader.java:366)
	at java.net.URLClassLoader$1.run(URLClassLoader.java:355)
	at java.security.AccessController.doPrivileged(Native Method)
	at java.net.URLClassLoader.findClass(URLClassLoader.java:354)
	at java.lang.ClassLoader.loadClass(ClassLoader.java:425)
	at sun.misc.Launcher$AppClassLoader.loadClass(Launcher.java:308)
	at java.lang.ClassLoader.loadClass(ClassLoader.java:358)
	... 25 more
]]>
            </full-stacktrace>
          </exception> <!-- java.lang.NoClassDefFoundError -->
          <reporter-output>
          </reporter-output>
        </test-method> <!-- setBaseUri -->
        <test-method status="SKIP" signature="teardown(org.testng.ITestResult)[pri:0, instance:com.arcapi.testcases.CreateAssetPOSTAPITest@14ad0e9f]" name="teardown" is-config="true" duration-ms="0" started-at="2017-12-12T11:53:14Z" finished-at="2017-12-12T11:53:14Z">
          <reporter-output>
          </reporter-output>
        </test-method> <!-- teardown -->
        <test-method status="SKIP" signature="end()[pri:0, instance:com.arcapi.testcases.CreateAssetPOSTAPITest@14ad0e9f]" name="end" is-config="true" duration-ms="0" started-at="2017-12-12T11:53:14Z" finished-at="2017-12-12T11:53:14Z">
          <reporter-output>
          </reporter-output>
        </test-method> <!-- end -->
      </class> <!-- com.arcapi.testcases.CreateAssetPOSTAPITest -->
      <class name="com.arcapi.testcases.AddAssestTimelinePOSTAPITest">
        <test-method status="SKIP" signature="setBaseUri()[pri:0, instance:com.arcapi.testcases.AddAssestTimelinePOSTAPITest@57dd065c]" name="setBaseUri" is-config="true" duration-ms="0" started-at="2017-12-12T11:53:14Z" finished-at="2017-12-12T11:53:14Z">
          <reporter-output>
          </reporter-output>
        </test-method> <!-- setBaseUri -->
        <test-method status="SKIP" signature="end()[pri:0, instance:com.arcapi.testcases.AddAssestTimelinePOSTAPITest@57dd065c]" name="end" is-config="true" duration-ms="0" started-at="2017-12-12T11:53:14Z" finished-at="2017-12-12T11:53:14Z">
          <reporter-output>
          </reporter-output>
        </test-method> <!-- end -->
      </class> <!-- com.arcapi.testcases.AddAssestTimelinePOSTAPITest -->
      <class name="com.arcapi.testcases.PaymentOrderSubmitPOSTAPITest">
        <test-method status="SKIP" signature="setBaseUri()[pri:0, instance:com.arcapi.testcases.PaymentOrderSubmitPOSTAPITest@6d9af353]" name="setBaseUri" is-config="true" duration-ms="0" started-at="2017-12-12T11:53:14Z" finished-at="2017-12-12T11:53:14Z">
          <reporter-output>
          </reporter-output>
        </test-method> <!-- setBaseUri -->
        <test-method status="SKIP" signature="teardown(org.testng.ITestResult)[pri:0, instance:com.arcapi.testcases.PaymentOrderSubmitPOSTAPITest@6d9af353]" name="teardown" is-config="true" duration-ms="0" started-at="2017-12-12T11:53:14Z" finished-at="2017-12-12T11:53:14Z">
          <reporter-output>
          </reporter-output>
        </test-method> <!-- teardown -->
        <test-method status="SKIP" signature="end()[pri:0, instance:com.arcapi.testcases.PaymentOrderSubmitPOSTAPITest@6d9af353]" name="end" is-config="true" duration-ms="0" started-at="2017-12-12T11:53:14Z" finished-at="2017-12-12T11:53:14Z">
          <reporter-output>
          </reporter-output>
        </test-method> <!-- end -->
      </class> <!-- com.arcapi.testcases.PaymentOrderSubmitPOSTAPITest -->
      <class name="com.arcapi.testcases.CreditUpdatePUTAPITest">
        <test-method status="SKIP" signature="setBaseUri()[pri:0, instance:com.arcapi.testcases.CreditUpdatePUTAPITest@66fa8363]" name="setBaseUri" is-config="true" duration-ms="0" started-at="2017-12-12T11:53:14Z" finished-at="2017-12-12T11:53:14Z">
          <reporter-output>
          </reporter-output>
        </test-method> <!-- setBaseUri -->
        <test-method status="SKIP" signature="end()[pri:0, instance:com.arcapi.testcases.CreditUpdatePUTAPITest@66fa8363]" name="end" is-config="true" duration-ms="0" started-at="2017-12-12T11:53:14Z" finished-at="2017-12-12T11:53:14Z">
          <reporter-output>
          </reporter-output>
        </test-method> <!-- end -->
      </class> <!-- com.arcapi.testcases.CreditUpdatePUTAPITest -->
      <class name="com.arcapi.testcases.SubmitReviewPOSTAPITest">
        <test-method status="SKIP" signature="setBaseUri()[pri:0, instance:com.arcapi.testcases.SubmitReviewPOSTAPITest@74348aac]" name="setBaseUri" is-config="true" duration-ms="0" started-at="2017-12-12T11:53:14Z" finished-at="2017-12-12T11:53:14Z">
          <reporter-output>
          </reporter-output>
        </test-method> <!-- setBaseUri -->
        <test-method status="SKIP" signature="end()[pri:0, instance:com.arcapi.testcases.SubmitReviewPOSTAPITest@74348aac]" name="end" is-config="true" duration-ms="0" started-at="2017-12-12T11:53:14Z" finished-at="2017-12-12T11:53:14Z">
          <reporter-output>
          </reporter-output>
        </test-method> <!-- end -->
      </class> <!-- com.arcapi.testcases.SubmitReviewPOSTAPITest -->
    </test> <!-- certification-Transit -->
    <test name="Performance Score-Transit" duration-ms="15" started-at="2017-12-12T06:23:14Z" finished-at="2017-12-12T06:23:14Z">
      <class name="com.arcapi.testcases.ReviewCertificationPricingAPITest">
        <test-method status="FAIL" signature="setBaseUri()[pri:0, instance:com.arcapi.testcases.ReviewCertificationPricingAPITest@47c0dee6]" name="setBaseUri" is-config="true" duration-ms="0" started-at="2017-12-12T11:53:14Z" finished-at="2017-12-12T11:53:14Z">
          <exception class="java.lang.NoClassDefFoundError">
            <message>
              <![CDATA[org/apache/poi/ss/usermodel/Cell]]>
            </message>
            <full-stacktrace>
              <![CDATA[java.lang.NoClassDefFoundError: org/apache/poi/ss/usermodel/Cell
	at com.arc.driver.BaseClass.setBaseUri(BaseClass.java:40)
	at sun.reflect.NativeMethodAccessorImpl.invoke0(Native Method)
	at sun.reflect.NativeMethodAccessorImpl.invoke(NativeMethodAccessorImpl.java:57)
	at sun.reflect.DelegatingMethodAccessorImpl.invoke(DelegatingMethodAccessorImpl.java:43)
	at java.lang.reflect.Method.invoke(Method.java:606)
	at org.testng.internal.MethodInvocationHelper.invokeMethod(MethodInvocationHelper.java:86)
	at org.testng.internal.Invoker.invokeConfigurationMethod(Invoker.java:514)
	at org.testng.internal.Invoker.invokeConfigurations(Invoker.java:215)
	at org.testng.internal.Invoker.invokeConfigurations(Invoker.java:142)
	at org.testng.internal.TestMethodWorker.invokeBeforeClassMethods(TestMethodWorker.java:178)
	at org.testng.internal.TestMethodWorker.run(TestMethodWorker.java:108)
	at org.testng.TestRunner.privateRun(TestRunner.java:782)
	at org.testng.TestRunner.run(TestRunner.java:632)
	at org.testng.SuiteRunner.runTest(SuiteRunner.java:366)
	at org.testng.SuiteRunner.runSequentially(SuiteRunner.java:361)
	at org.testng.SuiteRunner.privateRun(SuiteRunner.java:319)
	at org.testng.SuiteRunner.run(SuiteRunner.java:268)
	at org.testng.SuiteRunnerWorker.runSuite(SuiteRunnerWorker.java:52)
	at org.testng.SuiteRunnerWorker.run(SuiteRunnerWorker.java:86)
	at org.testng.TestNG.runSuitesSequentially(TestNG.java:1244)
	at org.testng.TestNG.runSuitesLocally(TestNG.java:1169)
	at org.testng.TestNG.run(TestNG.java:1064)
	at org.testng.remote.AbstractRemoteTestNG.run(AbstractRemoteTestNG.java:132)
	at org.testng.remote.RemoteTestNG.initAndRun(RemoteTestNG.java:230)
	at org.testng.remote.RemoteTestNG.main(RemoteTestNG.java:76)
Caused by: java.lang.ClassNotFoundException: org.apache.poi.ss.usermodel.Cell
	at java.net.URLClassLoader$1.run(URLClassLoader.java:366)
	at java.net.URLClassLoader$1.run(URLClassLoader.java:355)
	at java.security.AccessController.doPrivileged(Native Method)
	at java.net.URLClassLoader.findClass(URLClassLoader.java:354)
	at java.lang.ClassLoader.loadClass(ClassLoader.java:425)
	at sun.misc.Launcher$AppClassLoader.loadClass(Launcher.java:308)
	at java.lang.ClassLoader.loadClass(ClassLoader.java:358)
	... 25 more
]]>
            </full-stacktrace>
          </exception> <!-- java.lang.NoClassDefFoundError -->
          <reporter-output>
          </reporter-output>
        </test-method> <!-- setBaseUri -->
        <test-method status="SKIP" signature="teardown(org.testng.ITestResult)[pri:0, instance:com.arcapi.testcases.ReviewCertificationPricingAPITest@47c0dee6]" name="teardown" is-config="true" duration-ms="0" started-at="2017-12-12T11:53:14Z" finished-at="2017-12-12T11:53:14Z">
          <reporter-output>
          </reporter-output>
        </test-method> <!-- teardown -->
        <test-method status="SKIP" signature="end()[pri:0, instance:com.arcapi.testcases.ReviewCertificationPricingAPITest@47c0dee6]" name="end" is-config="true" duration-ms="0" started-at="2017-12-12T11:53:14Z" finished-at="2017-12-12T11:53:14Z">
          <reporter-output>
          </reporter-output>
        </test-method> <!-- end -->
      </class> <!-- com.arcapi.testcases.ReviewCertificationPricingAPITest -->
      <class name="com.arcapi.testcases.SubmitReviewPOSTAPITest">
        <test-method status="SKIP" signature="setBaseUri()[pri:0, instance:com.arcapi.testcases.SubmitReviewPOSTAPITest@4769f2d7]" name="setBaseUri" is-config="true" duration-ms="0" started-at="2017-12-12T11:53:14Z" finished-at="2017-12-12T11:53:14Z">
          <reporter-output>
          </reporter-output>
        </test-method> <!-- setBaseUri -->
        <test-method status="SKIP" signature="end()[pri:0, instance:com.arcapi.testcases.SubmitReviewPOSTAPITest@4769f2d7]" name="end" is-config="true" duration-ms="0" started-at="2017-12-12T11:53:14Z" finished-at="2017-12-12T11:53:14Z">
          <reporter-output>
          </reporter-output>
        </test-method> <!-- end -->
      </class> <!-- com.arcapi.testcases.SubmitReviewPOSTAPITest -->
    </test> <!-- Performance Score-Transit -->
    <test name="Recertification-Transit" duration-ms="15" started-at="2017-12-12T06:23:14Z" finished-at="2017-12-12T06:23:14Z">
      <class name="com.arcapi.testcases.ReviewCertificationPricingAPITest">
        <test-method status="FAIL" signature="setBaseUri()[pri:0, instance:com.arcapi.testcases.ReviewCertificationPricingAPITest@3976789a]" name="setBaseUri" is-config="true" duration-ms="0" started-at="2017-12-12T11:53:14Z" finished-at="2017-12-12T11:53:14Z">
          <exception class="java.lang.NoClassDefFoundError">
            <message>
              <![CDATA[org/apache/poi/ss/usermodel/Cell]]>
            </message>
            <full-stacktrace>
              <![CDATA[java.lang.NoClassDefFoundError: org/apache/poi/ss/usermodel/Cell
	at com.arc.driver.BaseClass.setBaseUri(BaseClass.java:40)
	at sun.reflect.NativeMethodAccessorImpl.invoke0(Native Method)
	at sun.reflect.NativeMethodAccessorImpl.invoke(NativeMethodAccessorImpl.java:57)
	at sun.reflect.DelegatingMethodAccessorImpl.invoke(DelegatingMethodAccessorImpl.java:43)
	at java.lang.reflect.Method.invoke(Method.java:606)
	at org.testng.internal.MethodInvocationHelper.invokeMethod(MethodInvocationHelper.java:86)
	at org.testng.internal.Invoker.invokeConfigurationMethod(Invoker.java:514)
	at org.testng.internal.Invoker.invokeConfigurations(Invoker.java:215)
	at org.testng.internal.Invoker.invokeConfigurations(Invoker.java:142)
	at org.testng.internal.TestMethodWorker.invokeBeforeClassMethods(TestMethodWorker.java:178)
	at org.testng.internal.TestMethodWorker.run(TestMethodWorker.java:108)
	at org.testng.TestRunner.privateRun(TestRunner.java:782)
	at org.testng.TestRunner.run(TestRunner.java:632)
	at org.testng.SuiteRunner.runTest(SuiteRunner.java:366)
	at org.testng.SuiteRunner.runSequentially(SuiteRunner.java:361)
	at org.testng.SuiteRunner.privateRun(SuiteRunner.java:319)
	at org.testng.SuiteRunner.run(SuiteRunner.java:268)
	at org.testng.SuiteRunnerWorker.runSuite(SuiteRunnerWorker.java:52)
	at org.testng.SuiteRunnerWorker.run(SuiteRunnerWorker.java:86)
	at org.testng.TestNG.runSuitesSequentially(TestNG.java:1244)
	at org.testng.TestNG.runSuitesLocally(TestNG.java:1169)
	at org.testng.TestNG.run(TestNG.java:1064)
	at org.testng.remote.AbstractRemoteTestNG.run(AbstractRemoteTestNG.java:132)
	at org.testng.remote.RemoteTestNG.initAndRun(RemoteTestNG.java:230)
	at org.testng.remote.RemoteTestNG.main(RemoteTestNG.java:76)
Caused by: java.lang.ClassNotFoundException: org.apache.poi.ss.usermodel.Cell
	at java.net.URLClassLoader$1.run(URLClassLoader.java:366)
	at java.net.URLClassLoader$1.run(URLClassLoader.java:355)
	at java.security.AccessController.doPrivileged(Native Method)
	at java.net.URLClassLoader.findClass(URLClassLoader.java:354)
	at java.lang.ClassLoader.loadClass(ClassLoader.java:425)
	at sun.misc.Launcher$AppClassLoader.loadClass(Launcher.java:308)
	at java.lang.ClassLoader.loadClass(ClassLoader.java:358)
	... 25 more
]]>
            </full-stacktrace>
          </exception> <!-- java.lang.NoClassDefFoundError -->
          <reporter-output>
          </reporter-output>
        </test-method> <!-- setBaseUri -->
        <test-method status="SKIP" signature="teardown(org.testng.ITestResult)[pri:0, instance:com.arcapi.testcases.ReviewCertificationPricingAPITest@3976789a]" name="teardown" is-config="true" duration-ms="0" started-at="2017-12-12T11:53:14Z" finished-at="2017-12-12T11:53:14Z">
          <reporter-output>
          </reporter-output>
        </test-method> <!-- teardown -->
        <test-method status="SKIP" signature="end()[pri:0, instance:com.arcapi.testcases.ReviewCertificationPricingAPITest@3976789a]" name="end" is-config="true" duration-ms="0" started-at="2017-12-12T11:53:14Z" finished-at="2017-12-12T11:53:14Z">
          <reporter-output>
          </reporter-output>
        </test-method> <!-- end -->
      </class> <!-- com.arcapi.testcases.ReviewCertificationPricingAPITest -->
      <class name="com.arcapi.testcases.AmltojsonTest">
        <test-method status="SKIP" signature="test()[pri:0, instance:com.arcapi.testcases.AmltojsonTest@4c0147e3]" name="test" is-config="true" duration-ms="0" started-at="2017-12-12T11:53:14Z" finished-at="2017-12-12T11:53:14Z">
          <reporter-output>
          </reporter-output>
        </test-method> <!-- test -->
        <test-method status="SKIP" signature="whenPostJsonUsingHttpClient_thenCorrect()[pri:0, instance:com.arcapi.testcases.PostingJsonDataHttpClient@6816af10]" name="whenPostJsonUsingHttpClient_thenCorrect" is-config="true" duration-ms="0" started-at="2017-12-12T11:53:14Z" finished-at="2017-12-12T11:53:14Z">
          <reporter-output>
          </reporter-output>
        </test-method> <!-- whenPostJsonUsingHttpClient_thenCorrect -->
      </class> <!-- com.arcapi.testcases.AmltojsonTest -->
      <class name="com.arcapi.testcases.SubmitReviewPOSTAPITest">
        <test-method status="SKIP" signature="setBaseUri()[pri:0, instance:com.arcapi.testcases.SubmitReviewPOSTAPITest@10e7e3ef]" name="setBaseUri" is-config="true" duration-ms="0" started-at="2017-12-12T11:53:14Z" finished-at="2017-12-12T11:53:14Z">
          <reporter-output>
          </reporter-output>
        </test-method> <!-- setBaseUri -->
        <test-method status="SKIP" signature="end()[pri:0, instance:com.arcapi.testcases.SubmitReviewPOSTAPITest@10e7e3ef]" name="end" is-config="true" duration-ms="0" started-at="2017-12-12T11:53:14Z" finished-at="2017-12-12T11:53:14Z">
          <reporter-output>
          </reporter-output>
        </test-method> <!-- end -->
      </class> <!-- com.arcapi.testcases.SubmitReviewPOSTAPITest -->
    </test> <!-- Recertification-Transit -->
  </suite> <!-- APITestCasesSuite -->
</testng-results>
